################################################################################
#####   Generator -> Schichtreport 
################################################################################
Started: 2024-10-11 10:27:25

###############################################
Arguments:
###############################################
 projektname                   : MASTER
 TESTFALLNAME                  : Schicht_GL_komplett
 mainpath                      : C:\Testtools\HGS\MELDUNGEN
 MELDUNGSNAME                  : Schichtreport
 testfallname                  : Schicht_GL_komplett
 meldungsname                  : Schichtreport
 PROJEKTNAME                   : MASTER
 MAINPATH                      : C:\Testtools\HGS\MELDUNGEN
###############################################


###############################################
Eingangsdaten:
###############################################

TestData:stoerBetrag = 
TestData:prodPreis = 
TestData:umsatzBar = 
TestData:umsatzGesamt = 
TestData:anzahlquittungen = 
TestData:anzahlVerkauefe = 
TestData:umsatzGiro = 
TestData:summeVerkaeufe = 
TestData:verkaufsZeitraum = 
TestData:umsatzKredit = 
TestData:abrechnungsnummer = 
------------------------------------------
Schichtreport:sstVersion = 3.10
Schichtreport:versionKey = -1
Schichtreport:abrechnungsnummer = #NEU#
------------------------------------------
geldlogistik_1:abrechnung = 0
geldlogistik_1:geldlogistiker = 0
geldlogistik_1:vorgangstyp = INFORMATION
geldlogistik_1:zeitpunkt = 
geldlogistik_1:einschubNr = 1
geldlogistik_1:geldspeicherId = 33201609
geldlogistik_1:geldspeichertyp = ZGS
geldlogistik_1:geldbetrag = 14000#EUR
------------------------------------------
geldlogistik_1.bestandSorte_1:nennwert = EUR#10
geldlogistik_1.bestandSorte_1:anzahl = 1400
------------------------------------------
geldlogistik_2:abrechnung = 0
geldlogistik_2:geldlogistiker = 0
geldlogistik_2:vorgangstyp = INFORMATION
geldlogistik_2:zeitpunkt = 
geldlogistik_2:einschubNr = 2
geldlogistik_2:geldspeicherId = 34204823
geldlogistik_2:geldspeichertyp = ZGS
geldlogistik_2:geldbetrag = 20000#EUR
------------------------------------------
geldlogistik_2.bestandSorte_1:nennwert = EUR#200
geldlogistik_2.bestandSorte_1:anzahl = 100
------------------------------------------
geldlogistik_3:abrechnung = 0
geldlogistik_3:geldlogistiker = 0
geldlogistik_3:vorgangstyp = INFORMATION
geldlogistik_3:zeitpunkt = 
geldlogistik_3:einschubNr = 3
geldlogistik_3:geldspeicherId = 31210510
geldlogistik_3:geldspeichertyp = ZGS
geldlogistik_3:geldbetrag = 10000#EUR
------------------------------------------
geldlogistik_3.bestandSorte_1:nennwert = EUR#100
geldlogistik_3.bestandSorte_1:anzahl = 100
------------------------------------------
geldlogistik_4:abrechnung = 0
geldlogistik_4:geldlogistiker = 0
geldlogistik_4:vorgangstyp = INFORMATION
geldlogistik_4:zeitpunkt = 
geldlogistik_4:einschubNr = 0
geldlogistik_4:geldspeicherId = 99
geldlogistik_4:geldspeichertyp = BEK
geldlogistik_4:geldbetrag = 0#EUR
------------------------------------------
geldlogistik_5:abrechnung = 0
geldlogistik_5:geldlogistiker = 0
geldlogistik_5:vorgangstyp = INFORMATION
geldlogistik_5:zeitpunkt = 
geldlogistik_5:einschubNr = 1
geldlogistik_5:geldspeicherId = 676000331
geldlogistik_5:geldspeichertyp = BEK
geldlogistik_5:geldbetrag = 8500#EUR
------------------------------------------
geldlogistik_5.bestandSorte_1:nennwert = EUR#500
geldlogistik_5.bestandSorte_1:anzahl = 1
------------------------------------------
geldlogistik_5.bestandSorte_2:nennwert = EUR#1000
geldlogistik_5.bestandSorte_2:anzahl = 4
------------------------------------------
geldlogistik_5.bestandSorte_3:nennwert = EUR#2000
geldlogistik_5.bestandSorte_3:anzahl = 2
------------------------------------------
geldlogistik_6:abrechnung = 0
geldlogistik_6:geldlogistiker = 0
geldlogistik_6:vorgangstyp = INFORMATION
geldlogistik_6:zeitpunkt = 
geldlogistik_6:einschubNr = 1
geldlogistik_6:geldspeicherId = 47211168
geldlogistik_6:geldspeichertyp = WGR
geldlogistik_6:geldbetrag = 100#EUR
------------------------------------------
geldlogistik_6.bestandSorte_1:nennwert = EUR#20
geldlogistik_6.bestandSorte_1:anzahl = 5
------------------------------------------
geldlogistik_7:abrechnung = 0
geldlogistik_7:geldlogistiker = 0
geldlogistik_7:vorgangstyp = INFORMATION
geldlogistik_7:zeitpunkt = 
geldlogistik_7:einschubNr = 2
geldlogistik_7:geldspeicherId = 44211138
geldlogistik_7:geldspeichertyp = WGR
geldlogistik_7:geldbetrag = 0#EUR
------------------------------------------
geldlogistik_7.bestandSorte_1:nennwert = EUR#5
geldlogistik_7.bestandSorte_1:anzahl = 0
------------------------------------------
geldlogistik_8:abrechnung = 0
geldlogistik_8:geldlogistiker = 0
geldlogistik_8:vorgangstyp = INFORMATION
geldlogistik_8:zeitpunkt = 
geldlogistik_8:einschubNr = 3
geldlogistik_8:geldspeicherId = 42211167
geldlogistik_8:geldspeichertyp = WGR
geldlogistik_8:geldbetrag = 250#EUR
------------------------------------------
geldlogistik_8.bestandSorte_1:nennwert = EUR#50
geldlogistik_8.bestandSorte_1:anzahl = 5
------------------------------------------
geldlogistik_9:abrechnung = 0
geldlogistik_9:geldlogistiker = 0
geldlogistik_9:vorgangstyp = INFORMATION
geldlogistik_9:zeitpunkt = 
geldlogistik_9:einschubNr = 4
geldlogistik_9:geldspeicherId = 43211148
geldlogistik_9:geldspeichertyp = WGR
geldlogistik_9:geldbetrag = 50#EUR
------------------------------------------
geldlogistik_9.bestandSorte_1:nennwert = EUR#10
geldlogistik_9.bestandSorte_1:anzahl = 5
------------------------------------------
geldlogistik_10:abrechnung = 0
geldlogistik_10:geldlogistiker = 0
geldlogistik_10:vorgangstyp = INFORMATION
geldlogistik_10:zeitpunkt = 
geldlogistik_10:einschubNr = 5
geldlogistik_10:geldspeicherId = 40211179
geldlogistik_10:geldspeichertyp = WGR
geldlogistik_10:geldbetrag = 1600#EUR
------------------------------------------
geldlogistik_10.bestandSorte_1:nennwert = EUR#200
geldlogistik_10.bestandSorte_1:anzahl = 8
------------------------------------------
geldlogistik_11:abrechnung = 0
geldlogistik_11:geldlogistiker = 1
geldlogistik_11:vorgangstyp = INFORMATION
geldlogistik_11:zeitpunkt = 
geldlogistik_11:einschubNr = 5
geldlogistik_11:geldspeicherId = 80211507
geldlogistik_11:geldspeichertyp = MEK
geldlogistik_11:geldbetrag = 0#EUR
------------------------------------------
geldlogistik_11.bestandSorte_1:nennwert = EUR#0
geldlogistik_11.bestandSorte_1:anzahl = 0
------------------------------------------
geldlogistik_12:abrechnung = 0
geldlogistik_12:geldlogistiker = 1
geldlogistik_12:vorgangstyp = INFORMATION
geldlogistik_12:zeitpunkt = 
geldlogistik_12:einschubNr = 1
geldlogistik_12:geldspeicherId = 82000135
geldlogistik_12:geldspeichertyp = BNW
geldlogistik_12:geldbetrag = 1500#EUR
------------------------------------------
geldlogistik_12.bestandSorte_1:nennwert = EUR#500
geldlogistik_12.bestandSorte_1:anzahl = 1
------------------------------------------
geldlogistik_12.bestandSorte_2:nennwert = EUR#1000
geldlogistik_12.bestandSorte_2:anzahl = 1
------------------------------------------
geldlogistik_13:abrechnung = 0
geldlogistik_13:geldlogistiker = 1
geldlogistik_13:vorgangstyp = INFORMATION
geldlogistik_13:zeitpunkt = 
geldlogistik_13:einschubNr = 1
geldlogistik_13:geldspeicherId = 99000135
geldlogistik_13:geldspeichertyp = BWZ
geldlogistik_13:geldbetrag = 0#EUR
------------------------------------------
geldlogistik_13.bestandSorte_1:nennwert = EUR#500
geldlogistik_13.bestandSorte_1:anzahl = 0
------------------------------------------
geldlogistik_14:abrechnung = 0
geldlogistik_14:geldlogistiker = 1
geldlogistik_14:vorgangstyp = INFORMATION
geldlogistik_14:zeitpunkt = 
geldlogistik_14:einschubNr = 2
geldlogistik_14:geldspeicherId = 99000135
geldlogistik_14:geldspeichertyp = BWZ
geldlogistik_14:geldbetrag = 0#EUR
------------------------------------------
geldlogistik_14.bestandSorte_1:nennwert = EUR#1000
geldlogistik_14.bestandSorte_1:anzahl = 0
------------------------------------------
GLOBAL:PROJEKTNAME = MASTER
GLOBAL:DATABASE = C:\Testtools\HGS\MELDUNGEN/CONFIG\MASTER\database.ini
GLOBAL:AUTOMAT = 999000
GLOBAL:URLHGS = https://uestra.dev.ti-ica.de/dplus/services/automatenService/3_10/?wsdl
GLOBAL:VERSION = 3.10
GLOBAL:TRANSFERFILE = C:\Testtools\HGS\MELDUNGEN/CONFIG/TRANSFER/transfer_MASTER.ini
------------------------------------------

###############################################

###############################################
Message:
###############################################
<s:Envelope xmlns:s="http://schemas.xmlsoap.org/soap/envelope/">
    <s:Body xmlns:xsd="http://www.w3.org/2001/XMLSchema" xmlns:xsi="http://www.w3.org/2001/XMLSchema-instance">
        <empfangeSchichtreport xmlns="http://tms.ica.de/automatenService/wsdl/3_10/">
            <faaSchichtreport xmlns="http://tms.ica.de/automatenService/3_10/" sstVersion="3.10">
                <verkaufspunkt posNummer="999000" betreiber="99" seriennummer="999000" ipAdresse="0.0.0.0"/>
                <versionKey>-1</versionKey>
                <abrechnungsnummer>10216</abrechnungsnummer>
                <geldlogistik vorgangstyp="INFORMATION" zeitpunkt="2024-10-11T10:27:25.522+02:00" geldlogistiker="0" geldspeichertyp="ZGS" einschubNr="1" geldspeicherId="33201609" abrechnung="0">
                    <geldbetrag betrag="14000" waehrung="EUR"/>
                    <bestandSorte anzahl="1400">
                        <nennwert waehrung="EUR" wertigkeit="10"/>
                    </bestandSorte>
                    <metadaten sequenznummer="17330" guid="2dc3a0f9-537a-4c5d-b3a4-2b708fdd0340"/>
                </geldlogistik>
                <geldlogistik vorgangstyp="INFORMATION" zeitpunkt="2024-10-11T10:27:25.558+02:00" geldlogistiker="0" geldspeichertyp="WGR" einschubNr="5" geldspeicherId="40211179" abrechnung="0">
                    <geldbetrag betrag="1600" waehrung="EUR"/>
                    <bestandSorte anzahl="8">
                        <nennwert waehrung="EUR" wertigkeit="200"/>
                    </bestandSorte>
                    <metadaten sequenznummer="17339" guid="27e9581b-836f-4090-89e5-6319bdc4b05e"/>
                </geldlogistik>
                <geldlogistik vorgangstyp="INFORMATION" zeitpunkt="2024-10-11T10:27:25.562+02:00" geldlogistiker="1" geldspeichertyp="MEK" einschubNr="5" geldspeicherId="80211507" abrechnung="0">
                    <geldbetrag betrag="0" waehrung="EUR"/>
                    <bestandSorte anzahl="0">
                        <nennwert waehrung="EUR" wertigkeit="0"/>
                    </bestandSorte>
                    <metadaten sequenznummer="17340" guid="5ba92168-6074-4c1c-a3bc-bdb63fa4ded2"/>
                </geldlogistik>
                <geldlogistik vorgangstyp="INFORMATION" zeitpunkt="2024-10-11T10:27:25.565+02:00" geldlogistiker="1" geldspeichertyp="BNW" einschubNr="1" geldspeicherId="82000135" abrechnung="0">
                    <geldbetrag betrag="1500" waehrung="EUR"/>
                    <bestandSorte anzahl="1">
                        <nennwert waehrung="EUR" wertigkeit="500"/>
                    </bestandSorte>
                    <bestandSorte anzahl="1">
                        <nennwert waehrung="EUR" wertigkeit="1000"/>
                    </bestandSorte>
                    <metadaten sequenznummer="17341" guid="40bcbfb3-2185-431a-aa4e-6984ba7764d5"/>
                </geldlogistik>
                <geldlogistik vorgangstyp="INFORMATION" zeitpunkt="2024-10-11T10:27:25.567+02:00" geldlogistiker="1" geldspeichertyp="BWZ" einschubNr="1" geldspeicherId="99000135" abrechnung="0">
                    <geldbetrag betrag="0" waehrung="EUR"/>
                    <bestandSorte anzahl="0">
                        <nennwert waehrung="EUR" wertigkeit="500"/>
                    </bestandSorte>
                    <metadaten sequenznummer="17342" guid="e22b14df-36af-4b5a-8d86-73dfb03fa5f1"/>
                </geldlogistik>
                <geldlogistik vorgangstyp="INFORMATION" zeitpunkt="2024-10-11T10:27:25.571+02:00" geldlogistiker="1" geldspeichertyp="BWZ" einschubNr="2" geldspeicherId="99000135" abrechnung="0">
                    <geldbetrag betrag="0" waehrung="EUR"/>
                    <bestandSorte anzahl="0">
                        <nennwert waehrung="EUR" wertigkeit="1000"/>
                    </bestandSorte>
                    <metadaten sequenznummer="17343" guid="0e95b480-b312-4e97-9131-2ef502b3e1b8"/>
                </geldlogistik>
                <geldlogistik vorgangstyp="INFORMATION" zeitpunkt="2024-10-11T10:27:25.530+02:00" geldlogistiker="0" geldspeichertyp="ZGS" einschubNr="2" geldspeicherId="34204823" abrechnung="0">
                    <geldbetrag betrag="20000" waehrung="EUR"/>
                    <bestandSorte anzahl="100">
                        <nennwert waehrung="EUR" wertigkeit="200"/>
                    </bestandSorte>
                    <metadaten sequenznummer="17331" guid="5d92fdfc-9b20-4311-8bed-926be788aecd"/>
                </geldlogistik>
                <geldlogistik vorgangstyp="INFORMATION" zeitpunkt="2024-10-11T10:27:25.533+02:00" geldlogistiker="0" geldspeichertyp="ZGS" einschubNr="3" geldspeicherId="31210510" abrechnung="0">
                    <geldbetrag betrag="10000" waehrung="EUR"/>
                    <bestandSorte anzahl="100">
                        <nennwert waehrung="EUR" wertigkeit="100"/>
                    </bestandSorte>
                    <metadaten sequenznummer="17332" guid="24939399-bdaf-4803-a3f0-f54e77428832"/>
                </geldlogistik>
                <geldlogistik vorgangstyp="INFORMATION" zeitpunkt="2024-10-11T10:27:25.537+02:00" geldlogistiker="0" geldspeichertyp="BEK" einschubNr="0" geldspeicherId="99" abrechnung="0">
                    <geldbetrag betrag="0" waehrung="EUR"/>
                    <metadaten sequenznummer="17333" guid="093ae239-d61a-4abc-8a8d-369f6ffccf55"/>
                </geldlogistik>
                <geldlogistik vorgangstyp="INFORMATION" zeitpunkt="2024-10-11T10:27:25.540+02:00" geldlogistiker="0" geldspeichertyp="BEK" einschubNr="1" geldspeicherId="676000331" abrechnung="0">
                    <geldbetrag betrag="8500" waehrung="EUR"/>
                    <bestandSorte anzahl="1">
                        <nennwert waehrung="EUR" wertigkeit="500"/>
                    </bestandSorte>
                    <bestandSorte anzahl="4">
                        <nennwert waehrung="EUR" wertigkeit="1000"/>
                    </bestandSorte>
                    <bestandSorte anzahl="2">
                        <nennwert waehrung="EUR" wertigkeit="2000"/>
                    </bestandSorte>
                    <metadaten sequenznummer="17334" guid="2f39527f-d609-4dac-a670-c987f65f1c42"/>
                </geldlogistik>
                <geldlogistik vorgangstyp="INFORMATION" zeitpunkt="2024-10-11T10:27:25.545+02:00" geldlogistiker="0" geldspeichertyp="WGR" einschubNr="1" geldspeicherId="47211168" abrechnung="0">
                    <geldbetrag betrag="100" waehrung="EUR"/>
                    <bestandSorte anzahl="5">
                        <nennwert waehrung="EUR" wertigkeit="20"/>
                    </bestandSorte>
                    <metadaten sequenznummer="17335" guid="46e82250-8b8e-4699-aaee-3292ded23657"/>
                </geldlogistik>
                <geldlogistik vorgangstyp="INFORMATION" zeitpunkt="2024-10-11T10:27:25.549+02:00" geldlogistiker="0" geldspeichertyp="WGR" einschubNr="2" geldspeicherId="44211138" abrechnung="0">
                    <geldbetrag betrag="0" waehrung="EUR"/>
                    <bestandSorte anzahl="0">
                        <nennwert waehrung="EUR" wertigkeit="5"/>
                    </bestandSorte>
                    <metadaten sequenznummer="17336" guid="a20ee048-64e3-41b7-a03a-b2d53d8252e9"/>
                </geldlogistik>
                <geldlogistik vorgangstyp="INFORMATION" zeitpunkt="2024-10-11T10:27:25.552+02:00" geldlogistiker="0" geldspeichertyp="WGR" einschubNr="3" geldspeicherId="42211167" abrechnung="0">
                    <geldbetrag betrag="250" waehrung="EUR"/>
                    <bestandSorte anzahl="5">
                        <nennwert waehrung="EUR" wertigkeit="50"/>
                    </bestandSorte>
                    <metadaten sequenznummer="17337" guid="982fdb86-3074-47f6-ba0e-e47407b06963"/>
                </geldlogistik>
                <geldlogistik vorgangstyp="INFORMATION" zeitpunkt="2024-10-11T10:27:25.556+02:00" geldlogistiker="0" geldspeichertyp="WGR" einschubNr="4" geldspeicherId="43211148" abrechnung="0">
                    <geldbetrag betrag="50" waehrung="EUR"/>
                    <bestandSorte anzahl="5">
                        <nennwert waehrung="EUR" wertigkeit="10"/>
                    </bestandSorte>
                    <metadaten sequenznummer="17338" guid="22a55090-792f-473e-8fa9-30257fb72cf6"/>
                </geldlogistik>
            </faaSchichtreport>
        </empfangeSchichtreport>
    </s:Body>
</s:Envelope>


###############################################
###############################################
Result:
###############################################
OK

###############################################
################################################################################

Finished: 2024-10-11 10:27:28

