################################################################################
#####   Generator -> Schichtreport 
################################################################################
Started: 2024-09-27 14:45:57

###############################################
Arguments:
###############################################
 projektname                   : MASTER
 TESTFALLNAME                  : Schicht_v3q2_TVer
 mainpath                      : C:\Testtools\HGS\MELDUNGEN
 MELDUNGSNAME                  : Schichtreport
 testfallname                  : Schicht_v3q2_TVer
 meldungsname                  : Schichtreport
 PROJEKTNAME                   : MASTER
 MAINPATH                      : C:\Testtools\HGS\MELDUNGEN
###############################################


###############################################
Eingangsdaten:
###############################################

Testdaten:stoerBetrag = 0,00
Testdaten:prodPreis = 
Testdaten:umsatzBar = 0,00
Testdaten:umsatzGesamt = 6,50
Testdaten:anzahlquittungen = 2
Testdaten:anzahlVerkauefe = 3
Testdaten:umsatzGiro = 6,50
Testdaten:summeVerkaeufe = 
Testdaten:verkaufsZeitraum = Dieser Monat
Testdaten:umsatzKredit = 0,00
Testdaten:abrechnungsnummer = 
------------------------------------------
Schichtreport:sstVersion = 3.10
Schichtreport:versionKey = -1
Schichtreport:abrechnungsnummer = #NEU#
Schichtreport:verkaeufer = automat
Schichtreport:servicetechniker = 0
------------------------------------------
verkaeufe_1:anzahlPerson = 1
verkaeufe_1:beginnGueltigkeit = 
verkaeufe_1:endeGueltigkeit = 
verkaeufe_1:fahrzeugKennung = 
verkaeufe_1:gattung = 16961
verkaeufe_1:kundengruppe = 0
verkaeufe_1:linie = 0
verkaeufe_1:linieVariante = 0
verkaeufe_1:medium = PAPIER
verkaeufe_1:mediumID = 0
verkaeufe_1:mwstSatz = 0
verkaeufe_1:preisstufe = 100003
verkaeufe_1:relationsnummer = 
verkaeufe_1:richtung = 1
verkaeufe_1:sprache = 0
verkaeufe_1:startGemeinde = 0
verkaeufe_1:startHaltestelle = 25701731
verkaeufe_1:startZone = 4000000110
verkaeufe_1:status = 0
verkaeufe_1:subvention = 0
verkaeufe_1:tarif = 3
verkaeufe_1:tarifstufe = 
verkaeufe_1:verkaufHaltestelle = 25701731
verkaeufe_1:verkaufZone = 4000000110
verkaeufe_1:verkaufsart = PT_VERKAUF
verkaeufe_1:verkehr = 1
verkaeufe_1:viaZone = 0
verkaeufe_1:wegVariante = 0
verkaeufe_1:zeitpunkt = 2024-09-03T11:45:04+02:00
verkaeufe_1:zielGemeinde = 0
verkaeufe_1:zielHaltestelle = 0
verkaeufe_1:zielZone = 0
verkaeufe_1:zusatzInformationen = 
verkaeufe_1:transaktionsnummer = 18
verkaeufe_1:pfand = 0#EUR
verkaeufe_1:preisstufenText = C
verkaeufe_1:ticketNummer = 16
verkaeufe_1:produktkennung = IDP_GVH_1
verkaeufe_1:produktkennungExtern = 
verkaeufe_1:tarifBezeichnung = - - -|Tarif_3
verkaeufe_1:artikelnummer = 9292
verkaeufe_1:produktbezeichnung = Einzelkarte
verkaeufe_1:preis = 340#EUR
------------------------------------------
verkaeufe_2:anzahlPerson = 1
verkaeufe_2:beginnGueltigkeit = 
verkaeufe_2:endeGueltigkeit = 
verkaeufe_2:fahrzeugKennung = 
verkaeufe_2:gattung = 16962
verkaeufe_2:kundengruppe = 0
verkaeufe_2:linie = 0
verkaeufe_2:linieVariante = 0
verkaeufe_2:medium = PAPIER
verkaeufe_2:mediumID = 0
verkaeufe_2:mwstSatz = 0
verkaeufe_2:preisstufe = 100013
verkaeufe_2:relationsnummer = 
verkaeufe_2:richtung = 1
verkaeufe_2:sprache = 0
verkaeufe_2:startGemeinde = 0
verkaeufe_2:startHaltestelle = 25701731
verkaeufe_2:startZone = 4000000110
verkaeufe_2:status = 0
verkaeufe_2:subvention = 0
verkaeufe_2:tarif = 3
verkaeufe_2:tarifBezeichnung = - - -|Tarif_3
verkaeufe_2:tarifstufe = 
verkaeufe_2:verkaufHaltestelle = 25701731
verkaeufe_2:verkaufZone = 4000000110
verkaeufe_2:verkaufsart = PT_VERKAUF
verkaeufe_2:verkehr = 1
verkaeufe_2:viaZone = 0
verkaeufe_2:wegVariante = 0
verkaeufe_2:zeitpunkt = 2024-09-03T11:45:04+02:00
verkaeufe_2:zielGemeinde = 0
verkaeufe_2:zielHaltestelle = 0
verkaeufe_2:zielZone = 0
verkaeufe_2:zusatzInformationen = 
verkaeufe_2:transaktionsnummer = 18
verkaeufe_2:pfand = 0#EUR
verkaeufe_2:preisstufenText = ABC
verkaeufe_2:ticketNummer = 17
verkaeufe_2:produktkennung = IDP_GVH_2
verkaeufe_2:produktkennungExtern = ABC
verkaeufe_2:artikelnummer = 9297
verkaeufe_2:produktbezeichnung = Einzelkarte Kind
verkaeufe_2:preis = 130#EUR
------------------------------------------
verkaeufe_3:anzahlPerson = 1
verkaeufe_3:beginnGueltigkeit = 
verkaeufe_3:endeGueltigkeit = 
verkaeufe_3:fahrzeugKennung = 
verkaeufe_3:gattung = 16977
verkaeufe_3:kundengruppe = 0
verkaeufe_3:linie = 0
verkaeufe_3:linieVariante = 0
verkaeufe_3:medium = PAPIER
verkaeufe_3:mediumID = 0
verkaeufe_3:mwstSatz = 0
verkaeufe_3:preisstufe = 100009
verkaeufe_3:produktkennungExtern = 
verkaeufe_3:relationsnummer = 
verkaeufe_3:richtung = 1
verkaeufe_3:sprache = 0
verkaeufe_3:startGemeinde = 0
verkaeufe_3:startHaltestelle = 25701731
verkaeufe_3:startZone = 4000000110
verkaeufe_3:status = 0
verkaeufe_3:subvention = 0
verkaeufe_3:tarif = 3
verkaeufe_3:tarifstufe = 
verkaeufe_3:verkaufHaltestelle = 25701731
verkaeufe_3:verkaufZone = 4000000110
verkaeufe_3:verkaufsart = PT_VERKAUF
verkaeufe_3:verkehr = 1
verkaeufe_3:viaZone = 0
verkaeufe_3:wegVariante = 0
verkaeufe_3:zeitpunkt = 2024-09-03T11:45:39+02:00
verkaeufe_3:zielGemeinde = 0
verkaeufe_3:zielHaltestelle = 0
verkaeufe_3:zielZone = 0
verkaeufe_3:zusatzInformationen = 
verkaeufe_3:transaktionsnummer = 19
verkaeufe_3:pfand = 0#EUR
verkaeufe_3:preisstufenText = K
verkaeufe_3:ticketNummer = 18
verkaeufe_3:produktkennung = IDP_GVH_17
verkaeufe_3:tarifBezeichnung = - - -|Tarif_3
verkaeufe_3:artikelnummer = 11266
verkaeufe_3:produktbezeichnung = Kurzstreckenkarte
verkaeufe_3:preis = 180#EUR
------------------------------------------
quittungen_1:geldkarteHseq = 
quittungen_1:geldkarteSseq = 
quittungen_1:geldkartenBseq = 
quittungen_1:geldkartenNr = 
quittungen_1:gueltigkeitKreditkarte = 6D1811EF
quittungen_1:haendlerkartennr = 
quittungen_1:kartennummerKreditkarte = 
quittungen_1:kartennummergirocard = ######3051
quittungen_1:muenzenNotenEingegeben = 
quittungen_1:muenzenNotenZurueckgegeben = 
quittungen_1:statusStorno = 0
quittungen_1:statusTransaktion = 0
quittungen_1:terminalIdGiroCard = 75011402
quittungen_1:terminalIdKreditkarte = 75011402
quittungen_1:zeitpunkt = 2024-09-03T11:45:04+02:00
quittungen_1:anzahltransaktionen = 2
quittungen_1:transaktionsnummer = 18
quittungen_1:preisTotal = 470#EUR
quittungen_1:einzahlungsbetrag = 470#EUR
quittungen_1:transaktionsnummerGiroCard = 3372
quittungen_1:ueberzahlungsbetrag = 0#EUR
quittungen_1:rueckerstattungsbetragIst = 0#EUR
quittungen_1:stoerbetrag = 0#EUR
quittungen_1:rueckerstattungsbetragSoll = 0#EUR
quittungen_1:zahlungsart = 2
quittungen_1:pfandTotal = 0#EUR
quittungen_1:transaktionsnummerKreditkarte = 0
------------------------------------------
quittungen_2:geldkarteHseq = 
quittungen_2:geldkarteSseq = 
quittungen_2:geldkartenBseq = 
quittungen_2:geldkartenNr = 
quittungen_2:gueltigkeitKreditkarte = 6D1811EF
quittungen_2:haendlerkartennr = 
quittungen_2:kartennummerKreditkarte = 
quittungen_2:kartennummergirocard = ######3051
quittungen_2:muenzenNotenEingegeben = 
quittungen_2:muenzenNotenZurueckgegeben = 
quittungen_2:statusStorno = 0
quittungen_2:statusTransaktion = 0
quittungen_2:terminalIdGiroCard = 75011402
quittungen_2:terminalIdKreditkarte = 75011402
quittungen_2:zeitpunkt = 2024-09-03T11:45:39+02:00
quittungen_2:anzahltransaktionen = 1
quittungen_2:transaktionsnummer = 19
quittungen_2:preisTotal = 180#EUR
quittungen_2:einzahlungsbetrag = 180#EUR
quittungen_2:transaktionsnummerGiroCard = 3374
quittungen_2:ueberzahlungsbetrag = 0#EUR
quittungen_2:rueckerstattungsbetragIst = 0#EUR
quittungen_2:stoerbetrag = 0#EUR
quittungen_2:rueckerstattungsbetragSoll = 0#EUR
quittungen_2:zahlungsart = 2
quittungen_2:pfandTotal = 0#EUR
quittungen_2:transaktionsnummerKreditkarte = 0
------------------------------------------
produktausgaben_1:abschnittsnummerPapierStart = 
produktausgaben_1:alarm = 0
produktausgaben_1:ausgabeBaugruppe = DEV_PRN_1
produktausgaben_1:ausgabeMediumTyp = PAPIER
produktausgaben_1:ausgabemedium = SORT_1
produktausgaben_1:ausgabestatus = 0
produktausgaben_1:charge = 
produktausgaben_1:einbaupositionBaugruppe = 1
produktausgaben_1:materialcode = 0
produktausgaben_1:medienkennungStart = 
produktausgaben_1:verwendung = 1
produktausgaben_1:zeitpunkt = 2024-09-03T11:44:57+02:00
produktausgaben_1:transaktionsnummer = 18
produktausgaben_1:abschnittsnummerPapier = #neu#
produktausgaben_1:seriennummerPapier = 
produktausgaben_1:medienkennung = 
produktausgaben_1:ticketNummer = 16
produktausgaben_1:ausgabeVorratsbehaelter = PRN_PB_1
------------------------------------------
produktausgaben_2:abschnittsnummerPapierStart = 
produktausgaben_2:alarm = 0
produktausgaben_2:ausgabeBaugruppe = DEV_PRN_1
produktausgaben_2:ausgabeMediumTyp = PAPIER
produktausgaben_2:ausgabemedium = SORT_1
produktausgaben_2:ausgabestatus = 0
produktausgaben_2:charge = 
produktausgaben_2:einbaupositionBaugruppe = 1
produktausgaben_2:materialcode = 0
produktausgaben_2:medienkennungStart = 
produktausgaben_2:verwendung = 1
produktausgaben_2:zeitpunkt = 2024-09-03T11:45:01+02:00
produktausgaben_2:transaktionsnummer = 18
produktausgaben_2:abschnittsnummerPapier = #neu#
produktausgaben_2:seriennummerPapier = 
produktausgaben_2:medienkennung = 
produktausgaben_2:ticketNummer = 17
produktausgaben_2:ausgabeVorratsbehaelter = PRN_PB_1
------------------------------------------
produktausgaben_3:abschnittsnummerPapierStart = 
produktausgaben_3:alarm = 0
produktausgaben_3:ausgabeBaugruppe = DEV_PRN_1
produktausgaben_3:ausgabeMediumTyp = PAPIER
produktausgaben_3:ausgabemedium = SORT_1
produktausgaben_3:ausgabestatus = 0
produktausgaben_3:charge = 
produktausgaben_3:einbaupositionBaugruppe = 1
produktausgaben_3:materialcode = 0
produktausgaben_3:medienkennungStart = 
produktausgaben_3:verwendung = 1
produktausgaben_3:zeitpunkt = 2024-09-03T11:45:36+02:00
produktausgaben_3:transaktionsnummer = 19
produktausgaben_3:abschnittsnummerPapier = #neu#
produktausgaben_3:seriennummerPapier = 
produktausgaben_3:medienkennung = 
produktausgaben_3:ticketNummer = 18
produktausgaben_3:ausgabeVorratsbehaelter = PRN_PB_1
------------------------------------------
geldlogistik_1:abrechnung = 1
geldlogistik_1:einschubNr = 1
geldlogistik_1:geldlogistiker = 0
geldlogistik_1:geldspeicherId = 47211168
geldlogistik_1:geldspeichertyp = WGR
geldlogistik_1:vorgangstyp = INFORMATION
geldlogistik_1:zeitpunkt = 2024-09-03T11:47:52+02:00
geldlogistik_1:geldbetrag = 0#EUR
------------------------------------------
geldlogistik_1.bestandSorte_1:anzahl = 0
geldlogistik_1.bestandSorte_1:nennwert = EUR#20
------------------------------------------
geldlogistik_2:abrechnung = 1
geldlogistik_2:einschubNr = 2
geldlogistik_2:geldlogistiker = 0
geldlogistik_2:geldspeicherId = 44211138
geldlogistik_2:geldspeichertyp = WGR
geldlogistik_2:vorgangstyp = INFORMATION
geldlogistik_2:zeitpunkt = 
geldlogistik_2:geldbetrag = 0#EUR
------------------------------------------
geldlogistik_2.bestandSorte_1:anzahl = 0
geldlogistik_2.bestandSorte_1:nennwert = EUR#5
------------------------------------------
geldlogistik_3:abrechnung = 1
geldlogistik_3:einschubNr = 3
geldlogistik_3:geldlogistiker = 0
geldlogistik_3:geldspeicherId = 42211167
geldlogistik_3:geldspeichertyp = WGR
geldlogistik_3:vorgangstyp = INFORMATION
geldlogistik_3:zeitpunkt = 
geldlogistik_3:geldbetrag = 0#EUR
------------------------------------------
geldlogistik_3.bestandSorte_1:anzahl = 0
geldlogistik_3.bestandSorte_1:nennwert = EUR#50
------------------------------------------
geldlogistik_4:abrechnung = 1
geldlogistik_4:einschubNr = 4
geldlogistik_4:geldlogistiker = 0
geldlogistik_4:geldspeicherId = 43211148
geldlogistik_4:geldspeichertyp = WGR
geldlogistik_4:vorgangstyp = INFORMATION
geldlogistik_4:zeitpunkt = 
geldlogistik_4:geldbetrag = 0#EUR
------------------------------------------
geldlogistik_4.bestandSorte_1:anzahl = 0
geldlogistik_4.bestandSorte_1:nennwert = EUR#10
------------------------------------------
geldlogistik_5:abrechnung = 1
geldlogistik_5:einschubNr = 5
geldlogistik_5:geldlogistiker = 0
geldlogistik_5:geldspeicherId = 40211179
geldlogistik_5:geldspeichertyp = WGR
geldlogistik_5:vorgangstyp = INFORMATION
geldlogistik_5:zeitpunkt = 
geldlogistik_5:geldbetrag = 0#EUR
------------------------------------------
geldlogistik_5.bestandSorte_1:anzahl = 0
geldlogistik_5.bestandSorte_1:nennwert = EUR#200
------------------------------------------
geldlogistik_6:abrechnung = 1
geldlogistik_6:einschubNr = 6
geldlogistik_6:geldlogistiker = 0
geldlogistik_6:geldspeicherId = 41211176
geldlogistik_6:geldspeichertyp = WGR
geldlogistik_6:vorgangstyp = INFORMATION
geldlogistik_6:zeitpunkt = 
geldlogistik_6:geldbetrag = 0#EUR
------------------------------------------
geldlogistik_6.bestandSorte_1:anzahl = 0
geldlogistik_6.bestandSorte_1:nennwert = EUR#100
------------------------------------------
geldlogistik_7:abrechnung = 1
geldlogistik_7:einschubNr = 1
geldlogistik_7:geldlogistiker = 0
geldlogistik_7:geldspeicherId = 33201609
geldlogistik_7:geldspeichertyp = ZGS
geldlogistik_7:vorgangstyp = INFORMATION
geldlogistik_7:zeitpunkt = 
geldlogistik_7:geldbetrag = 14000#EUR
------------------------------------------
geldlogistik_7.bestandSorte_1:anzahl = 1400
geldlogistik_7.bestandSorte_1:nennwert = EUR#10
------------------------------------------
geldlogistik_8:abrechnung = 1
geldlogistik_8:einschubNr = 2
geldlogistik_8:geldlogistiker = 0
geldlogistik_8:geldspeicherId = 34204823
geldlogistik_8:geldspeichertyp = ZGS
geldlogistik_8:vorgangstyp = INFORMATION
geldlogistik_8:zeitpunkt = 
geldlogistik_8:geldbetrag = 20000#EUR
------------------------------------------
geldlogistik_8.bestandSorte_1:anzahl = 100
geldlogistik_8.bestandSorte_1:nennwert = EUR#200
------------------------------------------
geldlogistik_9:abrechnung = 1
geldlogistik_9:einschubNr = 3
geldlogistik_9:geldlogistiker = 0
geldlogistik_9:geldspeicherId = 31210510
geldlogistik_9:geldspeichertyp = ZGS
geldlogistik_9:vorgangstyp = INFORMATION
geldlogistik_9:zeitpunkt = 
geldlogistik_9:geldbetrag = 10000#EUR
------------------------------------------
geldlogistik_9.bestandSorte_1:anzahl = 100
geldlogistik_9.bestandSorte_1:nennwert = EUR#100
------------------------------------------
geldlogistik_10:abrechnung = 1
geldlogistik_10:einschubNr = 1
geldlogistik_10:geldlogistiker = 0
geldlogistik_10:geldspeicherId = 80211507
geldlogistik_10:geldspeichertyp = MEK
geldlogistik_10:vorgangstyp = INFORMATION
geldlogistik_10:zeitpunkt = 
geldlogistik_10:geldbetrag = 0#EUR
------------------------------------------
geldlogistik_11:abrechnung = 1
geldlogistik_11:einschubNr = 1
geldlogistik_11:geldlogistiker = 0
geldlogistik_11:geldspeicherId = 676000331
geldlogistik_11:geldspeichertyp = BEK
geldlogistik_11:vorgangstyp = INFORMATION
geldlogistik_11:zeitpunkt = 
geldlogistik_11:geldbetrag = 0#EUR
------------------------------------------
geldlogistik_12:abrechnung = 1
geldlogistik_12:einschubNr = 0
geldlogistik_12:geldlogistiker = 0
geldlogistik_12:geldspeicherId = 99
geldlogistik_12:geldspeichertyp = BEK
geldlogistik_12:vorgangstyp = INFORMATION
geldlogistik_12:zeitpunkt = 
geldlogistik_12:geldbetrag = 0#EUR
------------------------------------------
geldlogistik_13:abrechnung = 2
geldlogistik_13:einschubNr = 1
geldlogistik_13:geldlogistiker = 0
geldlogistik_13:geldspeicherId = 47211168
geldlogistik_13:geldspeichertyp = WGR
geldlogistik_13:vorgangstyp = INFORMATION
geldlogistik_13:zeitpunkt = 
geldlogistik_13:geldbetrag = 0#EUR
------------------------------------------
geldlogistik_13.bestandSorte_1:anzahl = 0
geldlogistik_13.bestandSorte_1:nennwert = EUR#20
------------------------------------------
geldlogistik_14:abrechnung = 2
geldlogistik_14:einschubNr = 2
geldlogistik_14:geldlogistiker = 0
geldlogistik_14:geldspeicherId = 44211138
geldlogistik_14:geldspeichertyp = WGR
geldlogistik_14:vorgangstyp = INFORMATION
geldlogistik_14:zeitpunkt = 
geldlogistik_14:geldbetrag = 0#EUR
------------------------------------------
geldlogistik_14.bestandSorte_1:anzahl = 0
geldlogistik_14.bestandSorte_1:nennwert = EUR#5
------------------------------------------
geldlogistik_15:abrechnung = 2
geldlogistik_15:einschubNr = 3
geldlogistik_15:geldlogistiker = 0
geldlogistik_15:geldspeicherId = 42211167
geldlogistik_15:geldspeichertyp = WGR
geldlogistik_15:vorgangstyp = INFORMATION
geldlogistik_15:zeitpunkt = 
geldlogistik_15:geldbetrag = 0#EUR
------------------------------------------
geldlogistik_15.bestandSorte_1:anzahl = 0
geldlogistik_15.bestandSorte_1:nennwert = EUR#50
------------------------------------------
geldlogistik_16:abrechnung = 2
geldlogistik_16:einschubNr = 4
geldlogistik_16:geldlogistiker = 0
geldlogistik_16:geldspeicherId = 43211148
geldlogistik_16:geldspeichertyp = WGR
geldlogistik_16:vorgangstyp = INFORMATION
geldlogistik_16:zeitpunkt = 
geldlogistik_16:geldbetrag = 0#EUR
------------------------------------------
geldlogistik_16.bestandSorte_1:anzahl = 0
geldlogistik_16.bestandSorte_1:nennwert = EUR#10
------------------------------------------
geldlogistik_17:abrechnung = 2
geldlogistik_17:einschubNr = 5
geldlogistik_17:geldlogistiker = 0
geldlogistik_17:geldspeicherId = 40211179
geldlogistik_17:geldspeichertyp = WGR
geldlogistik_17:vorgangstyp = INFORMATION
geldlogistik_17:zeitpunkt = 
geldlogistik_17:geldbetrag = 0#EUR
------------------------------------------
geldlogistik_17.bestandSorte_1:anzahl = 0
geldlogistik_17.bestandSorte_1:nennwert = EUR#200
------------------------------------------
geldlogistik_18:abrechnung = 2
geldlogistik_18:einschubNr = 6
geldlogistik_18:geldlogistiker = 0
geldlogistik_18:geldspeicherId = 41211176
geldlogistik_18:geldspeichertyp = WGR
geldlogistik_18:vorgangstyp = INFORMATION
geldlogistik_18:zeitpunkt = 
geldlogistik_18:geldbetrag = 0#EUR
------------------------------------------
geldlogistik_18.bestandSorte_1:anzahl = 0
geldlogistik_18.bestandSorte_1:nennwert = EUR#100
------------------------------------------
geldlogistik_19:abrechnung = 2
geldlogistik_19:einschubNr = 1
geldlogistik_19:geldlogistiker = 0
geldlogistik_19:geldspeicherId = 33201609
geldlogistik_19:geldspeichertyp = ZGS
geldlogistik_19:vorgangstyp = INFORMATION
geldlogistik_19:zeitpunkt = 
geldlogistik_19:geldbetrag = 14000#EUR
------------------------------------------
geldlogistik_19.bestandSorte_1:anzahl = 1400
geldlogistik_19.bestandSorte_1:nennwert = EUR#10
------------------------------------------
geldlogistik_20:abrechnung = 2
geldlogistik_20:einschubNr = 2
geldlogistik_20:geldlogistiker = 0
geldlogistik_20:geldspeicherId = 34204823
geldlogistik_20:geldspeichertyp = ZGS
geldlogistik_20:vorgangstyp = INFORMATION
geldlogistik_20:zeitpunkt = 
geldlogistik_20:geldbetrag = 20000#EUR
------------------------------------------
geldlogistik_20.bestandSorte_1:anzahl = 100
geldlogistik_20.bestandSorte_1:nennwert = EUR#200
------------------------------------------
geldlogistik_21:abrechnung = 2
geldlogistik_21:einschubNr = 3
geldlogistik_21:geldlogistiker = 0
geldlogistik_21:geldspeicherId = 31210510
geldlogistik_21:geldspeichertyp = ZGS
geldlogistik_21:vorgangstyp = INFORMATION
geldlogistik_21:zeitpunkt = 
geldlogistik_21:geldbetrag = 10000#EUR
------------------------------------------
geldlogistik_21.bestandSorte_1:anzahl = 100
geldlogistik_21.bestandSorte_1:nennwert = EUR#100
------------------------------------------
geldlogistik_22:abrechnung = 2
geldlogistik_22:einschubNr = 1
geldlogistik_22:geldlogistiker = 0
geldlogistik_22:geldspeicherId = 80211507
geldlogistik_22:geldspeichertyp = MEK
geldlogistik_22:vorgangstyp = INFORMATION
geldlogistik_22:zeitpunkt = 
geldlogistik_22:geldbetrag = 0#EUR
------------------------------------------
geldlogistik_23:abrechnung = 2
geldlogistik_23:einschubNr = 1
geldlogistik_23:geldlogistiker = 0
geldlogistik_23:geldspeicherId = 676000331
geldlogistik_23:geldspeichertyp = BEK
geldlogistik_23:vorgangstyp = INFORMATION
geldlogistik_23:zeitpunkt = 
geldlogistik_23:geldbetrag = 0#EUR
------------------------------------------
geldlogistik_24:abrechnung = 2
geldlogistik_24:einschubNr = 0
geldlogistik_24:geldlogistiker = 0
geldlogistik_24:geldspeicherId = 99
geldlogistik_24:geldspeichertyp = BEK
geldlogistik_24:vorgangstyp = INFORMATION
geldlogistik_24:zeitpunkt = 
geldlogistik_24:geldbetrag = 0#EUR
------------------------------------------
abrechnung_1:abrechnungBeginn = 
abrechnung_1:abrechnungEnde = 
abrechnung_1:anzahlStatistiken = 0
------------------------------------------
abrechnung_1.summeWaehrung_1:summeWGRStart = 0#EUR
abrechnung_1.summeWaehrung_1:summeZGSStart = 44000#EUR
abrechnung_1.summeWaehrung_1:summeMEKStart = 0#EUR
abrechnung_1.summeWaehrung_1:summeBEKStart = 0#EUR
abrechnung_1.summeWaehrung_1:summeWGRZugefuehrt = 0#EUR
abrechnung_1.summeWaehrung_1:summeZGSZugefuehrt = 0#EUR
abrechnung_1.summeWaehrung_1:summeWGRAbgefuehrt = 0#EUR
abrechnung_1.summeWaehrung_1:summeZGSAbgefuehrt = 0#EUR
abrechnung_1.summeWaehrung_1:summeMEKAbgefuehrt = 0#EUR
abrechnung_1.summeWaehrung_1:summeBEKAbgefuehrt = 0#EUR
abrechnung_1.summeWaehrung_1:summeWGR = 0#EUR
abrechnung_1.summeWaehrung_1:summÿ GS ?? 00#EUR = null
abrechnung_1.summeWaehrung_1:summeMEK = 0#EUR
abrechnung_1.summeWaehrung_1:summeBEK = 0#EUR
------------------------------------------
abrechnung_1.summeWaehrung_1.detailsZahlungsart_1:anzahlGeldbehaelterwechsel = 0
abrechnung_1.summeWaehrung_1.detailsZahlungsart_1:anzahlkassenschnitt = 0
abrechnung_1.summeWaehrung_1.detailsZahlungsart_1:zahlungsart = 0
abrechnung_1.summeWaehrung_1.detailsZahlungsart_1:summeEinzahlungsbetrag = 0#EUR
abrechnung_1.summeWaehrung_1.detailsZahlungsart_1:summeUeberzahlungsbetrag = 0#EUR
abrechnung_1.summeWaehrung_1.detailsZahlungsart_1:summeRueckerstattungsbetrag = 0#EUR
abrechnung_1.summeWaehrung_1.detailsZahlungsart_1:summeStoerbetrag = 0#EUR
------------------------------------------
abrechnung_1.summeWaehrung_1.detailsZahlungsart_2:anzahlGeldbehaelterwechsel = 0
abrechnung_1.summeWaehrung_1.detailsZahlungsart_2:anzahlkassenschnitt = 0
abrechnung_1.summeWaehrung_1.detailsZahlungsart_2:zahlungsart = 1
abrechnung_1.summeWaehrung_1.detailsZahlungsart_2:summeEinzahlungsbetrag = 0#EUR
abrechnung_1.summeWaehrung_1.detailsZahlungsart_2:summeUeberzahlungsbetrag = 0#EUR
abrechnung_1.summeWaehrung_1.detailsZahlungsart_2:summeRueckerstattungsbetrag = 0#EUR
abrechnung_1.summeWaehrung_1.detailsZahlungsart_2:summeStoerbetrag = 0#EUR
------------------------------------------
abrechnung_1.summeWaehrung_1.detailsZahlungsart_3:anzahlGeldbehaelterwechsel = 1
abrechnung_1.summeWaehrung_1.detailsZahlungsart_3:anzahlkassenschnitt = 1
abrechnung_1.summeWaehrung_1.detailsZahlungsart_3:zahlungsart = 2
abrechnung_1.summeWaehrung_1.detailsZahlungsart_3:summeEinzahlungsbetrag = 650#EUR
abrechnung_1.summeWaehrung_1.detailsZahlungsart_3:summeUeberzahlungsbetrag = 0#EUR
abrechnung_1.summeWaehrung_1.detailsZahlungsart_3:summeRueckerstattungsbetrag = 0#EUR
abrechnung_1.summeWaehrung_1.detailsZahlungsart_3:summeStoerbetrag = 0#EUR
------------------------------------------
abrechnung_1.summeWaehrung_1.detailsZahlungsart_4:anzahlGeldbehaelterwechsel = 0
abrechnung_1.summeWaehrung_1.detailsZahlungsart_4:anzahlkassenschnitt = 0
abrechnung_1.summeWaehrung_1.detailsZahlungsart_4:zahlungsart = 3
abrechnung_1.summeWaehrung_1.detailsZahlungsart_4:summeEinzahlungsbetrag = 0#EUR
abrechnung_1.summeWaehrung_1.detailsZahlungsart_4:summeUeberzahlungsbetrag = 0#EUR
abrechnung_1.summeWaehrung_1.detailsZahlungsart_4:summeRueckerstattungsbetrag = 0#EUR
abrechnung_1.summeWaehrung_1.detailsZahlungsart_4:summeStoerbetrag = 0#EUR
------------------------------------------
verkaufsstatistik_1:erstellungszeitpunkt = 
------------------------------------------
verkaufsstatistik_1.produktdetails_1:anzahlProdukte = 1
verkaufsstatistik_1.produktdetails_1:artikelnummer = 9292
verkaufsstatistik_1.produktdetails_1:kundengruppe = 0
verkaufsstatistik_1.produktdetails_1:medium = PAPIER
verkaufsstatistik_1.produktdetails_1:preisstufe = 34467
verkaufsstatistik_1.produktdetails_1:produktkennung = IDP_GVH_1
verkaufsstatistik_1.produktdetails_1:tarif = 3
verkaufsstatistik_1.produktdetails_1:tarifbezeichnung = - - -|Tarif_3
verkaufsstatistik_1.produktdetails_1:tickettyp = 0
verkaufsstatistik_1.produktdetails_1:verkaufsart = PT_VERKAUF
verkaufsstatistik_1.produktdetails_1:zahlungsart = 2
verkaufsstatistik_1.produktdetails_1:einzelPfand = 0#EUR
verkaufsstatistik_1.produktdetails_1:einzelpreis = 340#EUR
verkaufsstatistik_1.produktdetails_1:pfandTotal = 0#EUR
verkaufsstatistik_1.produktdetails_1:preisTotal = 340#EUR
verkaufsstatistik_1.produktdetails_1:ladebetragTotal = 0#EUR
------------------------------------------
verkaufsstatistik_1.produktdetails_2:anzahlProdukte = 1
verkaufsstatistik_1.produktdetails_2:artikelnummer = 9297
verkaufsstatistik_1.produktdetails_2:kundengruppe = 0
verkaufsstatistik_1.produktdetails_2:medium = PAPIER
verkaufsstatistik_1.produktdetails_2:preisstufe = 34477
verkaufsstatistik_1.produktdetails_2:produktkennung = IDP_GVH_2
verkaufsstatistik_1.produktdetails_2:tarif = 3
verkaufsstatistik_1.produktdetails_2:tarifbezeichnung = - - -|Tarif_3
verkaufsstatistik_1.produktdetails_2:tickettyp = 0
verkaufsstatistik_1.produktdetails_2:verkaufsart = PT_VERKAUF
verkaufsstatistik_1.produktdetails_2:zahlungsart = 2
verkaufsstatistik_1.produktdetails_2:einzelPfand = 0#EUR
verkaufsstatistik_1.produktdetails_2:einzelpreis = 130#EUR
verkaufsstatistik_1.produktdetails_2:pfandTotal = 0#EUR
verkaufsstatistik_1.produktdetails_2:preisTotal = 130#EUR
verkaufsstatistik_1.produktdetails_2:ladebetragTotal = 0#EUR
------------------------------------------
verkaufsstatistik_1.produktdetails_3:anzahlProdukte = 1
verkaufsstatistik_1.produktdetails_3:artikelnummer = 11266
verkaufsstatistik_1.produktdetails_3:kundengruppe = 0
verkaufsstatistik_1.produktdetails_3:medium = PAPIER
verkaufsstatistik_1.produktdetails_3:preisstufe = 34473
verkaufsstatistik_1.produktdetails_3:produktkennung = IDP_GVH_17
verkaufsstatistik_1.produktdetails_3:tarif = 3
verkaufsstatistik_1.produktdetails_3:tarifbezeichnung = - - -|Tarif_3
verkaufsstatistik_1.produktdetails_3:tickettyp = 0
verkaufsstatistik_1.produktdetails_3:verkaufsart = PT_VERKAUF
verkaufsstatistik_1.produktdetails_3:zahlungsart = 2
verkaufsstatistik_1.produktdetails_3:einzelPfand = 0#EUR
verkaufsstatistik_1.produktdetails_3:einzelpreis = 180#EUR
verkaufsstatistik_1.produktdetails_3:pfandTotal = 0#EUR
verkaufsstatistik_1.produktdetails_3:preisTotal = 180#EUR
verkaufsstatistik_1.produktdetails_3:ladebetragTotal = 0#EUR
------------------------------------------
GLOBAL:PROJEKTNAME = MASTER
GLOBAL:DATABASE = C:\Testtools\HGS\MELDUNGEN/CONFIG\MASTER\database.ini
GLOBAL:AUTOMAT = 999000
GLOBAL:URLHGS = https://uestra.dev.ti-ica.de/dplus/services/automatenService/3_10/?wsdl
GLOBAL:VERSION = 3.10
GLOBAL:TRANSFERFILE = C:\Testtools\HGS\MELDUNGEN/CONFIG/TRANSFER/transfer_MASTER.ini
------------------------------------------

###############################################

###############################################
Message:
###############################################
<s:Envelope xmlns:s="http://schemas.xmlsoap.org/soap/envelope/">
    <s:Body xmlns:xsd="http://www.w3.org/2001/XMLSchema" xmlns:xsi="http://www.w3.org/2001/XMLSchema-instance">
        <empfangeSchichtreport xmlns="http://tms.ica.de/automatenService/wsdl/3_10/">
            <faaSchichtreport xmlns="http://tms.ica.de/automatenService/3_10/" sstVersion="3.10">
                <verkaufspunkt posNummer="999000" betreiber="99" seriennummer="999000" ipAdresse="0.0.0.0"/>
                <versionKey>-1</versionKey>
                <abrechnungsnummer>10176</abrechnungsnummer>
                <verkaeufer>automat</verkaeufer>
                <servicetechniker>0</servicetechniker>
                <verkaeufe zeitpunkt="2024-09-03T11:45:04.000+02:00" transaktionsnummer="18" verkaufsart="PT_VERKAUF" verkaufHaltestelle="25701731" verkaufZone="4000000110" startZone="4000000110" zielZone="0" viaZone="0" wegVariante="0" startGemeinde="0" zielGemeinde="0" verkehr="1" linie="0" linieVariante="0" richtung="1" ticketNummer="16" beginnGueltigkeit="2024-09-27T14:45:57.840+02:00" endeGueltigkeit="2024-09-27T14:45:57.843+02:00" anzahlPerson="1" sprache="0" produktkennung="IDP_GVH_1" produktbezeichnung="Einzelkarte" artikelnummer="9292" tarif="3" tarifBezeichnung="- - -|Tarif_3" medium="PAPIER" mediumID="0" preisstufe="100003" subvention="0" tarifstufe="" mwstSatz="0" gattung="16961" kundengruppe="0" preisstufenText="C" produktkennungExtern="" relationsnummer="" status="0" startHaltestelle="25701731" zielHaltestelle="0" zusatzInformationen="" fahrzeugKennung="">
                    <pfand betrag="0" waehrung="EUR"/>
                    <preis betrag="340" waehrung="EUR"/>
                    <metadaten sequenznummer="16784" guid="1c8f805e-c7e6-44e6-bae5-6205d8923725"/>
                </verkaeufe>
                <verkaeufe zeitpunkt="2024-09-03T11:45:04.000+02:00" transaktionsnummer="18" verkaufsart="PT_VERKAUF" verkaufHaltestelle="25701731" verkaufZone="4000000110" startZone="4000000110" zielZone="0" viaZone="0" wegVariante="0" startGemeinde="0" zielGemeinde="0" verkehr="1" linie="0" linieVariante="0" richtung="1" ticketNummer="17" beginnGueltigkeit="2024-09-27T14:45:57.862+02:00" endeGueltigkeit="2024-09-27T14:45:57.862+02:00" anzahlPerson="1" sprache="0" produktkennung="IDP_GVH_2" produktbezeichnung="Einzelkarte Kind" artikelnummer="9297" tarif="3" tarifBezeichnung="- - -|Tarif_3" medium="PAPIER" mediumID="0" preisstufe="100013" subvention="0" tarifstufe="" mwstSatz="0" gattung="16962" kundengruppe="0" preisstufenText="ABC" produktkennungExtern="ABC" relationsnummer="" status="0" startHaltestelle="25701731" zielHaltestelle="0" zusatzInformationen="" fahrzeugKennung="">
                    <pfand betrag="0" waehrung="EUR"/>
                    <preis betrag="130" waehrung="EUR"/>
                    <metadaten sequenznummer="16785" guid="68c8e9d5-1aec-4a51-996c-459ef910288a"/>
                </verkaeufe>
                <verkaeufe zeitpunkt="2024-09-03T11:45:39.000+02:00" transaktionsnummer="19" verkaufsart="PT_VERKAUF" verkaufHaltestelle="25701731" verkaufZone="4000000110" startZone="4000000110" zielZone="0" viaZone="0" wegVariante="0" startGemeinde="0" zielGemeinde="0" verkehr="1" linie="0" linieVariante="0" richtung="1" ticketNummer="18" beginnGueltigkeit="2024-09-27T14:45:57.870+02:00" endeGueltigkeit="2024-09-27T14:45:57.870+02:00" anzahlPerson="1" sprache="0" produktkennung="IDP_GVH_17" produktbezeichnung="Kurzstreckenkarte" artikelnummer="11266" tarif="3" tarifBezeichnung="- - -|Tarif_3" medium="PAPIER" mediumID="0" preisstufe="100009" subvention="0" tarifstufe="" mwstSatz="0" gattung="16977" kundengruppe="0" preisstufenText="K" produktkennungExtern="" relationsnummer="" status="0" startHaltestelle="25701731" zielHaltestelle="0" zusatzInformationen="" fahrzeugKennung="">
                    <pfand betrag="0" waehrung="EUR"/>
                    <preis betrag="180" waehrung="EUR"/>
                    <metadaten sequenznummer="16786" guid="b2cf91ce-7ac5-4458-91ca-aba32316566a"/>
                </verkaeufe>
                <quittungen zeitpunkt="2024-09-03T11:45:04.000+02:00" transaktionsnummer="18" anzahltransaktionen="2" zahlungsart="2" muenzenNotenEingegeben="" muenzenNotenZurueckgegeben="" haendlerkartennr="" geldkartenNr="" geldkartenBseq="" geldkarteSseq="" geldkarteHseq="" terminalIdGiroCard="75011402" transaktionsnummerGiroCard="3372" kartennummergirocard="######3051" terminalIdKreditkarte="75011402" transaktionsnummerKreditkarte="0" kartennummerKreditkarte="" gueltigkeitKreditkarte="6D1811EF" statusStorno="0" statusTransaktion="0">
                    <pfandTotal betrag="0" waehrung="EUR"/>
                    <preisTotal betrag="470" waehrung="EUR"/>
                    <einzahlungsbetrag betrag="470" waehrung="EUR"/>
                    <ueberzahlungsbetrag betrag="0" waehrung="EUR"/>
                    <rueckerstattungsbetragSoll betrag="0" waehrung="EUR"/>
                    <rueckerstattungsbetragIst betrag="0" waehrung="EUR"/>
                    <stoerbetrag betrag="0" waehrung="EUR"/>
                    <metadaten sequenznummer="16787" guid="b5021259-d242-4a90-b94b-6397d9a17369"/>
                </quittungen>
                <quittungen zeitpunkt="2024-09-03T11:45:39.000+02:00" transaktionsnummer="19" anzahltransaktionen="1" zahlungsart="2" muenzenNotenEingegeben="" muenzenNotenZurueckgegeben="" haendlerkartennr="" geldkartenNr="" geldkartenBseq="" geldkarteSseq="" geldkarteHseq="" terminalIdGiroCard="75011402" transaktionsnummerGiroCard="3374" kartennummergirocard="######3051" terminalIdKreditkarte="75011402" transaktionsnummerKreditkarte="0" kartennummerKreditkarte="" gueltigkeitKreditkarte="6D1811EF" statusStorno="0" statusTransaktion="0">
                    <pfandTotal betrag="0" waehrung="EUR"/>
                    <preisTotal betrag="180" waehrung="EUR"/>
                    <einzahlungsbetrag betrag="180" waehrung="EUR"/>
                    <ueberzahlungsbetrag betrag="0" waehrung="EUR"/>
                    <rueckerstattungsbetragSoll betrag="0" waehrung="EUR"/>
                    <rueckerstattungsbetragIst betrag="0" waehrung="EUR"/>
                    <stoerbetrag betrag="0" waehrung="EUR"/>
                    <metadaten sequenznummer="16788" guid="dd06af24-84a5-406a-a074-08bd359e23f1"/>
                </quittungen>
                <produktausgaben zeitpunkt="2024-09-03T11:44:57.000+02:00" ausgabemedium="SORT_1" seriennummerPapier="100028" abschnittsnummerPapier="0005354" verwendung="1" transaktionsnummer="18" ticketNummer="16" ausgabestatus="0" ausgabeMediumTyp="PAPIER" charge="" materialcode="0" medienkennung="01000280005354" ausgabeBaugruppe="DEV_PRN_1" einbaupositionBaugruppe="1" ausgabeVorratsbehaelter="PRN_PB_1" alarm="0" medienkennungStart="01000280005354" abschnittsnummerPapierStart="0005354">
                    <metadaten sequenznummer="16789" guid="75bda7d8-6ff6-4116-9921-352b266f451a"/>
                </produktausgaben>
                <produktausgaben zeitpunkt="2024-09-03T11:45:01.000+02:00" ausgabemedium="SORT_1" seriennummerPapier="100028" abschnittsnummerPapier="0005355" verwendung="1" transaktionsnummer="18" ticketNummer="17" ausgabestatus="0" ausgabeMediumTyp="PAPIER" charge="" materialcode="0" medienkennung="01000280005355" ausgabeBaugruppe="DEV_PRN_1" einbaupositionBaugruppe="1" ausgabeVorratsbehaelter="PRN_PB_1" alarm="0" medienkennungStart="01000280005355" abschnittsnummerPapierStart="0005355">
                    <metadaten sequenznummer="16790" guid="73e16307-683b-4ead-98bb-0c6c66007d5d"/>
                </produktausgaben>
                <produktausgaben zeitpunkt="2024-09-03T11:45:36.000+02:00" ausgabemedium="SORT_1" seriennummerPapier="100028" abschnittsnummerPapier="0005356" verwendung="1" transaktionsnummer="19" ticketNummer="18" ausgabestatus="0" ausgabeMediumTyp="PAPIER" charge="" materialcode="0" medienkennung="01000280005356" ausgabeBaugruppe="DEV_PRN_1" einbaupositionBaugruppe="1" ausgabeVorratsbehaelter="PRN_PB_1" alarm="0" medienkennungStart="01000280005356" abschnittsnummerPapierStart="0005356">
                    <metadaten sequenznummer="16791" guid="f583c486-a645-49ac-b8ca-8673afa1c667"/>
                </produktausgaben>
                <geldlogistik vorgangstyp="INFORMATION" zeitpunkt="2024-09-03T11:47:52.000+02:00" geldlogistiker="0" geldspeichertyp="WGR" einschubNr="1" geldspeicherId="47211168" abrechnung="1">
                    <geldbetrag betrag="0" waehrung="EUR"/>
                    <bestandSorte anzahl="0">
                        <nennwert waehrung="EUR" wertigkeit="20"/>
                    </bestandSorte>
                    <metadaten sequenznummer="16792" guid="37cddef0-8d71-44dc-9183-af21a3744f86"/>
                </geldlogistik>
                <geldlogistik vorgangstyp="INFORMATION" zeitpunkt="2024-09-27T14:45:57.988+02:00" geldlogistiker="0" geldspeichertyp="MEK" einschubNr="1" geldspeicherId="80211507" abrechnung="1">
                    <geldbetrag betrag="0" waehrung="EUR"/>
                    <metadaten sequenznummer="16801" guid="6d5844b8-b826-41c2-9166-c3543fd0af4b"/>
                </geldlogistik>
                <geldlogistik vorgangstyp="INFORMATION" zeitpunkt="2024-09-27T14:45:57.991+02:00" geldlogistiker="0" geldspeichertyp="BEK" einschubNr="1" geldspeicherId="676000331" abrechnung="1">
                    <geldbetrag betrag="0" waehrung="EUR"/>
                    <metadaten sequenznummer="16802" guid="6ab7fb2e-1c6d-4b4f-8e53-b252ebaf2b63"/>
                </geldlogistik>
                <geldlogistik vorgangstyp="INFORMATION" zeitpunkt="2024-09-27T14:45:57.994+02:00" geldlogistiker="0" geldspeichertyp="BEK" einschubNr="0" geldspeicherId="99" abrechnung="1">
                    <geldbetrag betrag="0" waehrung="EUR"/>
                    <metadaten sequenznummer="16803" guid="be25a1e9-9892-464a-a258-25e6f5a47d42"/>
                </geldlogistik>
                <geldlogistik vorgangstyp="INFORMATION" zeitpunkt="2024-09-27T14:45:57.997+02:00" geldlogistiker="0" geldspeichertyp="WGR" einschubNr="1" geldspeicherId="47211168" abrechnung="2">
                    <geldbetrag betrag="0" waehrung="EUR"/>
                    <bestandSorte anzahl="0">
                        <nennwert waehrung="EUR" wertigkeit="20"/>
                    </bestandSorte>
                    <metadaten sequenznummer="16804" guid="63e3f2a3-eb6c-430d-a1aa-380fd2e29855"/>
                </geldlogistik>
                <geldlogistik vorgangstyp="INFORMATION" zeitpunkt="2024-09-27T14:45:58.000+02:00" geldlogistiker="0" geldspeichertyp="WGR" einschubNr="2" geldspeicherId="44211138" abrechnung="2">
                    <geldbetrag betrag="0" waehrung="EUR"/>
                    <bestandSorte anzahl="0">
                        <nennwert waehrung="EUR" wertigkeit="5"/>
                    </bestandSorte>
                    <metadaten sequenznummer="16805" guid="bd7c87ac-3169-41ca-b8e9-39f5264c250d"/>
                </geldlogistik>
                <geldlogistik vorgangstyp="INFORMATION" zeitpunkt="2024-09-27T14:45:58.003+02:00" geldlogistiker="0" geldspeichertyp="WGR" einschubNr="3" geldspeicherId="42211167" abrechnung="2">
                    <geldbetrag betrag="0" waehrung="EUR"/>
                    <bestandSorte anzahl="0">
                        <nennwert waehrung="EUR" wertigkeit="50"/>
                    </bestandSorte>
                    <metadaten sequenznummer="16806" guid="08575cfb-e77b-467e-9188-eca92f4cd06a"/>
                </geldlogistik>
                <geldlogistik vorgangstyp="INFORMATION" zeitpunkt="2024-09-27T14:45:58.005+02:00" geldlogistiker="0" geldspeichertyp="WGR" einschubNr="4" geldspeicherId="43211148" abrechnung="2">
                    <geldbetrag betrag="0" waehrung="EUR"/>
                    <bestandSorte anzahl="0">
                        <nennwert waehrung="EUR" wertigkeit="10"/>
                    </bestandSorte>
                    <metadaten sequenznummer="16807" guid="60836f2e-9a05-4d64-a5e8-8c316509d91a"/>
                </geldlogistik>
                <geldlogistik vorgangstyp="INFORMATION" zeitpunkt="2024-09-27T14:45:58.009+02:00" geldlogistiker="0" geldspeichertyp="WGR" einschubNr="5" geldspeicherId="40211179" abrechnung="2">
                    <geldbetrag betrag="0" waehrung="EUR"/>
                    <bestandSorte anzahl="0">
                        <nennwert waehrung="EUR" wertigkeit="200"/>
                    </bestandSorte>
                    <metadaten sequenznummer="16808" guid="88e40229-8f0d-4cb4-85d2-6bff86ad961d"/>
                </geldlogistik>
                <geldlogistik vorgangstyp="INFORMATION" zeitpunkt="2024-09-27T14:45:58.015+02:00" geldlogistiker="0" geldspeichertyp="WGR" einschubNr="6" geldspeicherId="41211176" abrechnung="2">
                    <geldbetrag betrag="0" waehrung="EUR"/>
                    <bestandSorte anzahl="0">
                        <nennwert waehrung="EUR" wertigkeit="100"/>
                    </bestandSorte>
                    <metadaten sequenznummer="16809" guid="1884600f-2987-4746-be0c-53485ca4a4b6"/>
                </geldlogistik>
                <geldlogistik vorgangstyp="INFORMATION" zeitpunkt="2024-09-27T14:45:58.018+02:00" geldlogistiker="0" geldspeichertyp="ZGS" einschubNr="1" geldspeicherId="33201609" abrechnung="2">
                    <geldbetrag betrag="14000" waehrung="EUR"/>
                    <bestandSorte anzahl="1400">
                        <nennwert waehrung="EUR" wertigkeit="10"/>
                    </bestandSorte>
                    <metadaten sequenznummer="16810" guid="d9920ddb-003e-4313-9887-68f94154d84a"/>
                </geldlogistik>
                <geldlogistik vorgangstyp="INFORMATION" zeitpunkt="2024-09-27T14:45:57.947+02:00" geldlogistiker="0" geldspeichertyp="WGR" einschubNr="2" geldspeicherId="44211138" abrechnung="1">
                    <geldbetrag betrag="0" waehrung="EUR"/>
                    <bestandSorte anzahl="0">
                        <nennwert waehrung="EUR" wertigkeit="5"/>
                    </bestandSorte>
                    <metadaten sequenznummer="16793" guid="649cad2a-1e4e-4a77-93da-539acfc5bb87"/>
                </geldlogistik>
                <geldlogistik vorgangstyp="INFORMATION" zeitpunkt="2024-09-27T14:45:58.021+02:00" geldlogistiker="0" geldspeichertyp="ZGS" einschubNr="2" geldspeicherId="34204823" abrechnung="2">
                    <geldbetrag betrag="20000" waehrung="EUR"/>
                    <bestandSorte anzahl="100">
                        <nennwert waehrung="EUR" wertigkeit="200"/>
                    </bestandSorte>
                    <metadaten sequenznummer="16811" guid="d8a494b9-05a0-4946-a544-e01dff5d6609"/>
                </geldlogistik>
                <geldlogistik vorgangstyp="INFORMATION" zeitpunkt="2024-09-27T14:45:58.024+02:00" geldlogistiker="0" geldspeichertyp="ZGS" einschubNr="3" geldspeicherId="31210510" abrechnung="2">
                    <geldbetrag betrag="10000" waehrung="EUR"/>
                    <bestandSorte anzahl="100">
                        <nennwert waehrung="EUR" wertigkeit="100"/>
                    </bestandSorte>
                    <metadaten sequenznummer="16812" guid="824b1667-0688-44f0-83c4-4c6fe2a976bb"/>
                </geldlogistik>
                <geldlogistik vorgangstyp="INFORMATION" zeitpunkt="2024-09-27T14:45:58.030+02:00" geldlogistiker="0" geldspeichertyp="MEK" einschubNr="1" geldspeicherId="80211507" abrechnung="2">
                    <geldbetrag betrag="0" waehrung="EUR"/>
                    <metadaten sequenznummer="16813" guid="17221d6d-9c34-4a18-b3a8-53e481f88188"/>
                </geldlogistik>
                <geldlogistik vorgangstyp="INFORMATION" zeitpunkt="2024-09-27T14:45:58.032+02:00" geldlogistiker="0" geldspeichertyp="BEK" einschubNr="1" geldspeicherId="676000331" abrechnung="2">
                    <geldbetrag betrag="0" waehrung="EUR"/>
                    <metadaten sequenznummer="16814" guid="6d37510e-faba-412d-93ab-64d7285cdfb6"/>
                </geldlogistik>
                <geldlogistik vorgangstyp="INFORMATION" zeitpunkt="2024-09-27T14:45:58.034+02:00" geldlogistiker="0" geldspeichertyp="BEK" einschubNr="0" geldspeicherId="99" abrechnung="2">
                    <geldbetrag betrag="0" waehrung="EUR"/>
                    <metadaten sequenznummer="16815" guid="5bddcddc-d0c3-47ab-af3a-b19ad4572e64"/>
                </geldlogistik>
                <geldlogistik vorgangstyp="INFORMATION" zeitpunkt="2024-09-27T14:45:57.950+02:00" geldlogistiker="0" geldspeichertyp="WGR" einschubNr="3" geldspeicherId="42211167" abrechnung="1">
                    <geldbetrag betrag="0" waehrung="EUR"/>
                    <bestandSorte anzahl="0">
                        <nennwert waehrung="EUR" wertigkeit="50"/>
                    </bestandSorte>
                    <metadaten sequenznummer="16794" guid="d8d775c9-7e7b-46cc-820b-02de2c1f8393"/>
                </geldlogistik>
                <geldlogistik vorgangstyp="INFORMATION" zeitpunkt="2024-09-27T14:45:57.956+02:00" geldlogistiker="0" geldspeichertyp="WGR" einschubNr="4" geldspeicherId="43211148" abrechnung="1">
                    <geldbetrag betrag="0" waehrung="EUR"/>
                    <bestandSorte anzahl="0">
                        <nennwert waehrung="EUR" wertigkeit="10"/>
                    </bestandSorte>
                    <metadaten sequenznummer="16795" guid="98f0bd66-3bd6-4709-93a6-f63ff81a6a8d"/>
                </geldlogistik>
                <geldlogistik vorgangstyp="INFORMATION" zeitpunkt="2024-09-27T14:45:57.962+02:00" geldlogistiker="0" geldspeichertyp="WGR" einschubNr="5" geldspeicherId="40211179" abrechnung="1">
                    <geldbetrag betrag="0" waehrung="EUR"/>
                    <bestandSorte anzahl="0">
                        <nennwert waehrung="EUR" wertigkeit="200"/>
                    </bestandSorte>
                    <metadaten sequenznummer="16796" guid="6ec6c02c-7a6f-4bc4-b621-f5971640d30b"/>
                </geldlogistik>
                <geldlogistik vorgangstyp="INFORMATION" zeitpunkt="2024-09-27T14:45:57.967+02:00" geldlogistiker="0" geldspeichertyp="WGR" einschubNr="6" geldspeicherId="41211176" abrechnung="1">
                    <geldbetrag betrag="0" waehrung="EUR"/>
                    <bestandSorte anzahl="0">
                        <nennwert waehrung="EUR" wertigkeit="100"/>
                    </bestandSorte>
                    <metadaten sequenznummer="16797" guid="f1594691-888c-4b8d-bf13-68c2e81e6898"/>
                </geldlogistik>
                <geldlogistik vorgangstyp="INFORMATION" zeitpunkt="2024-09-27T14:45:57.972+02:00" geldlogistiker="0" geldspeichertyp="ZGS" einschubNr="1" geldspeicherId="33201609" abrechnung="1">
                    <geldbetrag betrag="14000" waehrung="EUR"/>
                    <bestandSorte anzahl="1400">
                        <nennwert waehrung="EUR" wertigkeit="10"/>
                    </bestandSorte>
                    <metadaten sequenznummer="16798" guid="0a28f90b-f5e4-4671-8967-f25639fca927"/>
                </geldlogistik>
                <geldlogistik vorgangstyp="INFORMATION" zeitpunkt="2024-09-27T14:45:57.979+02:00" geldlogistiker="0" geldspeichertyp="ZGS" einschubNr="2" geldspeicherId="34204823" abrechnung="1">
                    <geldbetrag betrag="20000" waehrung="EUR"/>
                    <bestandSorte anzahl="100">
                        <nennwert waehrung="EUR" wertigkeit="200"/>
                    </bestandSorte>
                    <metadaten sequenznummer="16799" guid="e43de89b-bffb-4b9f-80bc-25c723b07993"/>
                </geldlogistik>
                <geldlogistik vorgangstyp="INFORMATION" zeitpunkt="2024-09-27T14:45:57.984+02:00" geldlogistiker="0" geldspeichertyp="ZGS" einschubNr="3" geldspeicherId="31210510" abrechnung="1">
                    <geldbetrag betrag="10000" waehrung="EUR"/>
                    <bestandSorte anzahl="100">
                        <nennwert waehrung="EUR" wertigkeit="100"/>
                    </bestandSorte>
                    <metadaten sequenznummer="16800" guid="e78a5feb-7f9d-418b-8c26-b998bbc27cd8"/>
                </geldlogistik>
                <abrechnung abrechnungBeginn="2024-09-27T14:45:58.037+02:00" abrechnungEnde="2024-09-27T14:45:58.038+02:00" anzahlStatistiken="0">
                    <summeWaehrung>
                        <summeWGRStart betrag="0" waehrung="EUR"/>
                        <summeZGSStart betrag="44000" waehrung="EUR"/>
                        <summeMEKStart betrag="0" waehrung="EUR"/>
                        <summeBEKStart betrag="0" waehrung="EUR"/>
                        <summeWGRZugefuehrt betrag="0" waehrung="EUR"/>
                        <summeZGSZugefuehrt betrag="0" waehrung="EUR"/>
                        <summeWGRAbgefuehrt betrag="0" waehrung="EUR"/>
                        <summeZGSAbgefuehrt betrag="0" waehrung="EUR"/>
                        <summeMEKAbgefuehrt betrag="0" waehrung="EUR"/>
                        <summeBEKAbgefuehrt betrag="0" waehrung="EUR"/>
                        <summeWGR betrag="0" waehrung="EUR"/>
                        <detailsZahlungsart zahlungsart="0" anzahlkassenschnitt="0" anzahlGeldbehaelterwechsel="0">
                            <summeEinzahlungsbetrag betrag="0" waehrung="EUR"/>
                            <summeUeberzahlungsbetrag betrag="0" waehrung="EUR"/>
                            <summeRueckerstattungsbetrag betrag="0" waehrung="EUR"/>
                            <summeStoerbetrag betrag="0" waehrung="EUR"/>
                        </detailsZahlungsart>
                        <detailsZahlungsart zahlungsart="1" anzahlkassenschnitt="0" anzahlGeldbehaelterwechsel="0">
                            <summeEinzahlungsbetrag betrag="0" waehrung="EUR"/>
                            <summeUeberzahlungsbetrag betrag="0" waehrung="EUR"/>
                            <summeRueckerstattungsbetrag betrag="0" waehrung="EUR"/>
                            <summeStoerbetrag betrag="0" waehrung="EUR"/>
                        </detailsZahlungsart>
                        <detailsZahlungsart zahlungsart="2" anzahlkassenschnitt="1" anzahlGeldbehaelterwechsel="1">
                            <summeEinzahlungsbetrag betrag="650" waehrung="EUR"/>
                            <summeUeberzahlungsbetrag betrag="0" waehrung="EUR"/>
                            <summeRueckerstattungsbetrag betrag="0" waehrung="EUR"/>
                            <summeStoerbetrag betrag="0" waehrung="EUR"/>
                        </detailsZahlungsart>
                        <detailsZahlungsart zahlungsart="3" anzahlkassenschnitt="0" anzahlGeldbehaelterwechsel="0">
                            <summeEinzahlungsbetrag betrag="0" waehrung="EUR"/>
                            <summeUeberzahlungsbetrag betrag="0" waehrung="EUR"/>
                            <summeRueckerstattungsbetrag betrag="0" waehrung="EUR"/>
                            <summeStoerbetrag betrag="0" waehrung="EUR"/>
                        </detailsZahlungsart>
                        <summeMEK betrag="0" waehrung="EUR"/>
                        <summeBEK betrag="0" waehrung="EUR"/>
                    </summeWaehrung>
                    <metadaten sequenznummer="16816" guid="57840943-2daf-4145-b0aa-53e52ec3fff9"/>
                </abrechnung>
                <verkaufsstatistik erstellungszeitpunkt="2024-09-27T14:45:58.050+02:00">
                    <produktdetails verkaufsart="PT_VERKAUF" produktkennung="IDP_GVH_1" artikelnummer="9292" tarif="3" tarifbezeichnung="- - -|Tarif_3" medium="PAPIER" preisstufe="34467" kundengruppe="0" zahlungsart="2" anzahlProdukte="1" tickettyp="0">
                        <einzelPfand betrag="0" waehrung="EUR"/>
                        <einzelpreis betrag="340" waehrung="EUR"/>
                        <pfandTotal betrag="0" waehrung="EUR"/>
                        <preisTotal betrag="340" waehrung="EUR"/>
                        <ladebetragTotal betrag="0" waehrung="EUR"/>
                        <metadaten sequenznummer="16817" guid="45986e1a-4fd8-48ea-aa34-2f5da69ae03b"/>
                    </produktdetails>
                    <produktdetails verkaufsart="PT_VERKAUF" produktkennung="IDP_GVH_2" artikelnummer="9297" tarif="3" tarifbezeichnung="- - -|Tarif_3" medium="PAPIER" preisstufe="34477" kundengruppe="0" zahlungsart="2" anzahlProdukte="1" tickettyp="0">
                        <einzelPfand betrag="0" waehrung="EUR"/>
                        <einzelpreis betrag="130" waehrung="EUR"/>
                        <pfandTotal betrag="0" waehrung="EUR"/>
                        <preisTotal betrag="130" waehrung="EUR"/>
                        <ladebetragTotal betrag="0" waehrung="EUR"/>
                        <metadaten sequenznummer="16818" guid="120ad017-0ed2-4a11-af77-0d9dca829869"/>
                    </produktdetails>
                    <produktdetails verkaufsart="PT_VERKAUF" produktkennung="IDP_GVH_17" artikelnummer="11266" tarif="3" tarifbezeichnung="- - -|Tarif_3" medium="PAPIER" preisstufe="34473" kundengruppe="0" zahlungsart="2" anzahlProdukte="1" tickettyp="0">
                        <einzelPfand betrag="0" waehrung="EUR"/>
                        <einzelpreis betrag="180" waehrung="EUR"/>
                        <pfandTotal betrag="0" waehrung="EUR"/>
                        <preisTotal betrag="180" waehrung="EUR"/>
                        <ladebetragTotal betrag="0" waehrung="EUR"/>
                        <metadaten sequenznummer="16819" guid="5b2f9231-fb07-4de2-8bd6-70fdae3fbad0"/>
                    </produktdetails>
                </verkaufsstatistik>
            </faaSchichtreport>
        </empfangeSchichtreport>
    </s:Body>
</s:Envelope>


###############################################
###############################################
Result:
###############################################
OK

###############################################
################################################################################

Finished: 2024-09-27 14:46:00

