################################################################################
#####   Generator -> Papierlogistikmeldung 
################################################################################
Started: 2024-10-14 09:44:49

###############################################
Arguments:
###############################################
 projektname                   : MASTER
 TESTFALLNAME                  : UESTRA-1853_Information2
 mainpath                      : C:\Testtools\HGS\MELDUNGEN
 MELDUNGSNAME                  : Papierlogistikmeldung
 testfallname                  : UESTRA-1853_Information2
 meldungsname                  : Papierlogistikmeldung
 PROJEKTNAME                   : MASTER
 MAINPATH                      : C:\Testtools\HGS\MELDUNGEN
###############################################


###############################################
Eingangsdaten:
###############################################

Testdaten:papierbahn = PRN_PB_1
Testdaten:status = Installation
Testdaten:papiersorte = 0
Testdaten:barcode = 
Testdaten:seriennummerPapier = 
Testdaten:verbleibendeabschnitte = 3758
Testdaten:aktuellerabschnitt = 2992
------------------------------------------
Papierlogistikmeldung:abschnittsnummerPapier = 0002992
Papierlogistikmeldung:ausgabemediumTyp = SORT_1
Papierlogistikmeldung:charge = 
Papierlogistikmeldung:druckerKennung = DEV_PRN_2
Papierlogistikmeldung:einbauposition = 0
Papierlogistikmeldung:medienkennung = 
Papierlogistikmeldung:papierkanalDrucker = -1
Papierlogistikmeldung:papierkanalKennung = PRN_PB_1
Papierlogistikmeldung:papierlogistiker = 0
Papierlogistikmeldung:seriennummerDrucker = 30057500E020340
Papierlogistikmeldung:sstVersion = 3.10
Papierlogistikmeldung:vorgangsnummer = 0
Papierlogistikmeldung:vorgangstyp = INSTALLATION
Papierlogistikmeldung:zeitpunkt = ${__datetime(,,"-2h)}
Papierlogistikmeldung:seriennummerPapier = 
Papierlogistikmeldung:abrechnungsnummer = 
------------------------------------------
papiersorte_1:abschnitteGesamt = 6750
papiersorte_1:materialcode = 0
papiersorte_1:nummernfolge = ABSTEIGEND
------------------------------------------
GLOBAL:PROJEKTNAME = MASTER
GLOBAL:DATABASE = C:\Testtools\HGS\MELDUNGEN/CONFIG\MASTER\database.ini
GLOBAL:AUTOMAT = 999000
GLOBAL:URLHGS = https://uestra.dev.ti-ica.de/dplus/services/automatenService/3_10/?wsdl
GLOBAL:VERSION = 3.10
GLOBAL:TRANSFERFILE = C:\Testtools\HGS\MELDUNGEN/CONFIG/TRANSFER/transfer_MASTER.ini
------------------------------------------

###############################################

###############################################
Message:
###############################################
<s:Envelope xmlns:s="http://schemas.xmlsoap.org/soap/envelope/">
    <s:Body xmlns:xsd="http://www.w3.org/2001/XMLSchema" xmlns:xsi="http://www.w3.org/2001/XMLSchema-instance">
        <empfangePapierlogistikmeldung xmlns="http://tms.ica.de/automatenService/wsdl/3_10/">
            <faaPapierlogistikmeldung xmlns="http://tms.ica.de/automatenService/3_10/" zeitpunkt="2024-10-14T07:44:49.223+02:00" vorgangstyp="INSTALLATION" papierlogistiker="0" vorgangsnummer="0" charge="" seriennummerPapier="100034" abschnittsnummerPapier="2992" seriennummerDrucker="30057500E020340" einbauposition="0" papierkanalDrucker="-1" abrechnungsnummer="10223" ausgabemediumTyp="SORT_1" medienkennung="01000340002992" druckerKennung="DEV_PRN_2" papierkanalKennung="PRN_PB_1" sstVersion="3.10">
                <verkaufspunkt posNummer="999000" betreiber="99" seriennummer="999000" ipAdresse="0.0.0.0"/>
                <metadaten sequenznummer="17465" guid="bf789f86-7aa4-434e-bba7-f109827258a2"/>
                <papiersorte materialcode="0" abschnitteGesamt="6750" nummernfolge="ABSTEIGEND"/>
            </faaPapierlogistikmeldung>
        </empfangePapierlogistikmeldung>
    </s:Body>
</s:Envelope>


###############################################
###############################################
Result:
###############################################
OK

###############################################
################################################################################

Finished: 2024-10-14 09:44:50

