################################################################################
#####   Generator -> Papierlogistikmeldung 
################################################################################
Started: 2024-09-24 10:48:05

###############################################
Arguments:
###############################################
 projektname                   : MASTER
 TESTFALLNAME                  : PLM_information_statikSerienNr
 mainpath                      : c:\Testtools\HGS\MELDUNGEN
 MELDUNGSNAME                  : Papierlogistikmeldung
 testfallname                  : PLM_information_statikSerienNr
 meldungsname                  : Papierlogistikmeldung
 PROJEKTNAME                   : MASTER
 MAINPATH                      : c:\Testtools\HGS\MELDUNGEN
###############################################


###############################################
Eingangsdaten:
###############################################

Testdaten:papierbahn = PRN_PB_2
Testdaten:status = Installation
Testdaten:papiersorte = 0
Testdaten:barcode = 
Testdaten:seriennummerPapier = 100013
Testdaten:verbleibendeabschnitte = 4988
Testdaten:aktuellerabschnitt = 1763
------------------------------------------
Papierlogistikmeldung:abrechnungsnummer = 13
Papierlogistikmeldung:abschnittsnummerPapier = 0001763
Papierlogistikmeldung:ausgabemediumTyp = SORT_1
Papierlogistikmeldung:charge = 
Papierlogistikmeldung:druckerKennung = DEV_PRN_3
Papierlogistikmeldung:einbauposition = 0
Papierlogistikmeldung:medienkennung = 
Papierlogistikmeldung:papierkanalDrucker = -1
Papierlogistikmeldung:papierkanalKennung = PRN_PB_1
Papierlogistikmeldung:papierlogistiker = 0
Papierlogistikmeldung:seriennummerDrucker = 30057500E020340
Papierlogistikmeldung:seriennummerPapier = 100013
Papierlogistikmeldung:sstVersion = 3.10
Papierlogistikmeldung:vorgangsnummer = 0
Papierlogistikmeldung:vorgangstyp = INFORMATION
Papierlogistikmeldung:zeitpunkt = 
------------------------------------------
papiersorte_1:abschnitteGesamt = 6750
papiersorte_1:materialcode = 0
papiersorte_1:nummernfolge = AUFSTEIGEND
------------------------------------------
GLOBAL:PROJEKTNAME = MASTER
GLOBAL:DATABASE = c:\Testtools\HGS\MELDUNGEN/CONFIG\MASTER\database.ini
GLOBAL:AUTOMAT = 999000
GLOBAL:URLHGS = https://uestra.dev.ti-ica.de/dplus/services/automatenService/3_10/?wsdl
GLOBAL:VERSION = 3.10
GLOBAL:TRANSFERFILE = c:\Testtools\HGS\MELDUNGEN/CONFIG/TRANSFER/transfer_MASTER.ini
------------------------------------------

###############################################

###############################################
Message:
###############################################
<s:Envelope xmlns:s="http://schemas.xmlsoap.org/soap/envelope/">
    <s:Body xmlns:xsd="http://www.w3.org/2001/XMLSchema" xmlns:xsi="http://www.w3.org/2001/XMLSchema-instance">
        <empfangePapierlogistikmeldung xmlns="http://tms.ica.de/automatenService/wsdl/3_10/">
            <faaPapierlogistikmeldung xmlns="http://tms.ica.de/automatenService/3_10/" zeitpunkt="2024-09-24T10:48:05.275+02:00" vorgangstyp="INFORMATION" papierlogistiker="0" vorgangsnummer="0" charge="" seriennummerPapier="100013" abschnittsnummerPapier="1763" seriennummerDrucker="30057500E020340" einbauposition="0" papierkanalDrucker="-1" abrechnungsnummer="13" ausgabemediumTyp="SORT_1" medienkennung="01000130001763" druckerKennung="DEV_PRN_3" papierkanalKennung="PRN_PB_1" sstVersion="3.10">
                <verkaufspunkt posNummer="999000" betreiber="99" seriennummer="999000" ipAdresse="0.0.0.0"/>
                <metadaten sequenznummer="16340" guid="b1528334-35cc-4561-bf18-375a2ab57afc"/>
                <papiersorte materialcode="0" abschnitteGesamt="6750" nummernfolge="AUFSTEIGEND"/>
            </faaPapierlogistikmeldung>
        </empfangePapierlogistikmeldung>
    </s:Body>
</s:Envelope>


###############################################
###############################################
Result:
###############################################
OK

###############################################
################################################################################

Finished: 2024-09-24 10:48:08

