################################################################################
#####   Generator -> Schichtreport 
################################################################################
Started: 2024-10-16 09:59:40

###############################################
Arguments:
###############################################
 projektname                   : MASTER
 TESTFALLNAME                  : Schicht_v3q2_HEUTE
 mainpath                      : C:\Testtools\HGS\MELDUNGEN
 MELDUNGSNAME                  : Schichtreport
 testfallname                  : Schicht_v3q2_HEUTE
 meldungsname                  : Schichtreport
 PROJEKTNAME                   : MASTER
 MAINPATH                      : C:\Testtools\HGS\MELDUNGEN
###############################################


###############################################
Eingangsdaten:
###############################################

Testdaten:stoerBetrag = 0,00
Testdaten:prodPreis = 
Testdaten:umsatzBar = 0,00
Testdaten:umsatzGesamt = 6,50
Testdaten:anzahlquittungen = 2
Testdaten:anzahlVerkauefe = 3
Testdaten:umsatzGiro = 6,50
Testdaten:summeVerkaeufe = 
Testdaten:verkaufsZeitraum = Dieses Jahr
Testdaten:umsatzKredit = 0,00
Testdaten:abrechnungsnummer = 
------------------------------------------
Schichtreport:sstVersion = 3.10
Schichtreport:versionKey = -1
Schichtreport:abrechnungsnummer = #NEU#
Schichtreport:verkaeufer = automat
Schichtreport:servicetechniker = 0
------------------------------------------
verkaeufe_1:anzahlPerson = 1
verkaeufe_1:beginnGueltigkeit = 
verkaeufe_1:endeGueltigkeit = ${__datetime(,,"+1M)}
verkaeufe_1:fahrzeugKennung = 
verkaeufe_1:gattung = 16961
verkaeufe_1:kundengruppe = 0
verkaeufe_1:linie = 0
verkaeufe_1:linieVariante = 0
verkaeufe_1:medium = PAPIER
verkaeufe_1:mediumID = 0
verkaeufe_1:mwstSatz = 0
verkaeufe_1:preisstufe = 100003
verkaeufe_1:relationsnummer = 
verkaeufe_1:richtung = 1
verkaeufe_1:sprache = 0
verkaeufe_1:startGemeinde = 0
verkaeufe_1:startHaltestelle = 25701731
verkaeufe_1:startZone = 4000000110
verkaeufe_1:status = 0
verkaeufe_1:subvention = 0
verkaeufe_1:tarif = 3
verkaeufe_1:tarifstufe = 
verkaeufe_1:ticketNummer = 16
verkaeufe_1:verkaufHaltestelle = 25701731
verkaeufe_1:verkaufZone = 4000000110
verkaeufe_1:verkaufsart = PT_VERKAUF
verkaeufe_1:verkehr = 1
verkaeufe_1:viaZone = 0
verkaeufe_1:wegVariante = 0
verkaeufe_1:zeitpunkt = 
verkaeufe_1:zielGemeinde = 0
verkaeufe_1:zielHaltestelle = 0
verkaeufe_1:zielZone = 0
verkaeufe_1:zusatzInformationen = 
verkaeufe_1:pfand = 0#EUR
verkaeufe_1:transaktionsnummer = 18
verkaeufe_1:preisstufenText = C
verkaeufe_1:produktkennung = IDP_GVH_1
verkaeufe_1:produktkennungExtern = 
verkaeufe_1:tarifBezeichnung = - - -|Tarif_3
verkaeufe_1:artikelnummer = 9292
verkaeufe_1:produktbezeichnung = Einzelkarte
verkaeufe_1:preis = 340#EUR
------------------------------------------
verkaeufe_2:anzahlPerson = 1
verkaeufe_2:beginnGueltigkeit = 
verkaeufe_2:endeGueltigkeit = ${__datetime(,,"+1M)}
verkaeufe_2:fahrzeugKennung = 
verkaeufe_2:gattung = 16962
verkaeufe_2:kundengruppe = 0
verkaeufe_2:linie = 0
verkaeufe_2:linieVariante = 0
verkaeufe_2:medium = PAPIER
verkaeufe_2:mediumID = 0
verkaeufe_2:mwstSatz = 0
verkaeufe_2:preisstufe = 100013
verkaeufe_2:relationsnummer = 
verkaeufe_2:richtung = 1
verkaeufe_2:sprache = 0
verkaeufe_2:startGemeinde = 0
verkaeufe_2:startHaltestelle = 25701731
verkaeufe_2:startZone = 4000000110
verkaeufe_2:status = 0
verkaeufe_2:subvention = 0
verkaeufe_2:tarif = 3
verkaeufe_2:tarifBezeichnung = - - -|Tarif_3
verkaeufe_2:tarifstufe = 
verkaeufe_2:ticketNummer = 17
verkaeufe_2:verkaufHaltestelle = 25701731
verkaeufe_2:verkaufZone = 4000000110
verkaeufe_2:verkaufsart = PT_VERKAUF
verkaeufe_2:verkehr = 1
verkaeufe_2:viaZone = 0
verkaeufe_2:wegVariante = 0
verkaeufe_2:zeitpunkt = 
verkaeufe_2:zielGemeinde = 0
verkaeufe_2:zielHaltestelle = 0
verkaeufe_2:zielZone = 0
verkaeufe_2:zusatzInformationen = 
verkaeufe_2:pfand = 0#EUR
verkaeufe_2:transaktionsnummer = 18
verkaeufe_2:preisstufenText = ABC
verkaeufe_2:produktkennung = IDP_GVH_2
verkaeufe_2:produktkennungExtern = ABC
verkaeufe_2:artikelnummer = 9297
verkaeufe_2:produktbezeichnung = Einzelkarte Kind
verkaeufe_2:preis = 130#EUR
------------------------------------------
verkaeufe_3:anzahlPerson = 1
verkaeufe_3:beginnGueltigkeit = 
verkaeufe_3:endeGueltigkeit = ${__datetime(,,"+1M)}
verkaeufe_3:fahrzeugKennung = 
verkaeufe_3:gattung = 16977
verkaeufe_3:kundengruppe = 0
verkaeufe_3:linie = 0
verkaeufe_3:linieVariante = 0
verkaeufe_3:medium = PAPIER
verkaeufe_3:mediumID = 0
verkaeufe_3:mwstSatz = 0
verkaeufe_3:preisstufe = 100009
verkaeufe_3:produktkennungExtern = 
verkaeufe_3:relationsnummer = 
verkaeufe_3:richtung = 1
verkaeufe_3:sprache = 0
verkaeufe_3:startGemeinde = 0
verkaeufe_3:startHaltestelle = 25701731
verkaeufe_3:startZone = 4000000110
verkaeufe_3:status = 0
verkaeufe_3:subvention = 0
verkaeufe_3:tarif = 3
verkaeufe_3:tarifstufe = 
verkaeufe_3:ticketNummer = 18
verkaeufe_3:verkaufHaltestelle = 25701731
verkaeufe_3:verkaufZone = 4000000110
verkaeufe_3:verkaufsart = PT_VERKAUF
verkaeufe_3:verkehr = 1
verkaeufe_3:viaZone = 0
verkaeufe_3:wegVariante = 0
verkaeufe_3:zeitpunkt = 
verkaeufe_3:zielGemeinde = 0
verkaeufe_3:zielHaltestelle = 0
verkaeufe_3:zielZone = 0
verkaeufe_3:zusatzInformationen = 
verkaeufe_3:pfand = 0#EUR
verkaeufe_3:transaktionsnummer = 19
verkaeufe_3:preisstufenText = K
verkaeufe_3:produktkennung = IDP_GVH_17
verkaeufe_3:tarifBezeichnung = - - -|Tarif_3
verkaeufe_3:artikelnummer = 11266
verkaeufe_3:produktbezeichnung = Kurzstreckenkarte
verkaeufe_3:preis = 180#EUR
------------------------------------------
quittungen_1:geldkarteHseq = 
quittungen_1:geldkarteSseq = 
quittungen_1:geldkartenBseq = 
quittungen_1:geldkartenNr = 
quittungen_1:gueltigkeitKreditkarte = 6D1811EF
quittungen_1:haendlerkartennr = 
quittungen_1:kartennummerKreditkarte = 
quittungen_1:kartennummergirocard = ######3051
quittungen_1:muenzenNotenEingegeben = 
quittungen_1:muenzenNotenZurueckgegeben = 
quittungen_1:statusStorno = 0
quittungen_1:statusTransaktion = 0
quittungen_1:terminalIdGiroCard = 75011402
quittungen_1:terminalIdKreditkarte = 75011402
quittungen_1:zahlungsart = 2
quittungen_1:zeitpunkt = 2024-09-03T11:45:04+02:00
quittungen_1:anzahltransaktionen = 2
quittungen_1:transaktionsnummer = 18
quittungen_1:preisTotal = 470#EUR
quittungen_1:einzahlungsbetrag = 470#EUR
quittungen_1:transaktionsnummerGiroCard = 3372
quittungen_1:ueberzahlungsbetrag = 0#EUR
quittungen_1:rueckerstattungsbetragIst = 0#EUR
quittungen_1:stoerbetrag = 0#EUR
quittungen_1:rueckerstattungsbetragSoll = 0#EUR
quittungen_1:pfandTotal = 0#EUR
quittungen_1:transaktionsnummerKreditkarte = 0
------------------------------------------
quittungen_2:geldkarteHseq = 
quittungen_2:geldkarteSseq = 
quittungen_2:geldkartenBseq = 
quittungen_2:geldkartenNr = 
quittungen_2:gueltigkeitKreditkarte = 6D1811EF
quittungen_2:haendlerkartennr = 
quittungen_2:kartennummerKreditkarte = 
quittungen_2:kartennummergirocard = ######3051
quittungen_2:muenzenNotenEingegeben = 
quittungen_2:muenzenNotenZurueckgegeben = 
quittungen_2:statusStorno = 0
quittungen_2:statusTransaktion = 0
quittungen_2:terminalIdGiroCard = 75011402
quittungen_2:terminalIdKreditkarte = 75011402
quittungen_2:zahlungsart = 2
quittungen_2:zeitpunkt = 
quittungen_2:anzahltransaktionen = 1
quittungen_2:transaktionsnummer = 19
quittungen_2:preisTotal = 180#EUR
quittungen_2:einzahlungsbetrag = 180#EUR
quittungen_2:transaktionsnummerGiroCard = 3374
quittungen_2:ueberzahlungsbetrag = 0#EUR
quittungen_2:rueckerstattungsbetragIst = 0#EUR
quittungen_2:stoerbetrag = 0#EUR
quittungen_2:rueckerstattungsbetragSoll = 0#EUR
quittungen_2:pfandTotal = 0#EUR
quittungen_2:transaktionsnummerKreditkarte = 0
------------------------------------------
produktausgaben_1:abschnittsnummerPapier = 0005305
produktausgaben_1:abschnittsnummerPapierStart = 0005305
produktausgaben_1:alarm = 0
produktausgaben_1:ausgabeBaugruppe = DEV_PRN_1
produktausgaben_1:ausgabeMediumTyp = PAPIER
produktausgaben_1:ausgabeVorratsbehaelter = PRN_PB_1
produktausgaben_1:ausgabemedium = SORT_1
produktausgaben_1:ausgabestatus = 0
produktausgaben_1:charge = 
produktausgaben_1:einbaupositionBaugruppe = 1
produktausgaben_1:materialcode = 0
produktausgaben_1:medienkennung = 00188360005305
produktausgaben_1:medienkennungStart = 00188360005305
produktausgaben_1:seriennummerPapier = 018836
produktausgaben_1:ticketNummer = 16
produktausgaben_1:transaktionsnummer = 18
produktausgaben_1:verwendung = 1
produktausgaben_1:zeitpunkt = 
------------------------------------------
produktausgaben_2:abschnittsnummerPapier = 0005304
produktausgaben_2:abschnittsnummerPapierStart = 0005304
produktausgaben_2:alarm = 0
produktausgaben_2:ausgabeBaugruppe = DEV_PRN_1
produktausgaben_2:ausgabeMediumTyp = PAPIER
produktausgaben_2:ausgabeVorratsbehaelter = PRN_PB_1
produktausgaben_2:ausgabemedium = SORT_1
produktausgaben_2:ausgabestatus = 0
produktausgaben_2:charge = 
produktausgaben_2:einbaupositionBaugruppe = 1
produktausgaben_2:materialcode = 0
produktausgaben_2:medienkennung = 00188360005304
produktausgaben_2:medienkennungStart = 00188360005304
produktausgaben_2:seriennummerPapier = 018836
produktausgaben_2:ticketNummer = 17
produktausgaben_2:transaktionsnummer = 18
produktausgaben_2:verwendung = 1
produktausgaben_2:zeitpunkt = 
------------------------------------------
produktausgaben_3:abschnittsnummerPapier = 0005303
produktausgaben_3:abschnittsnummerPapierStart = 0005303
produktausgaben_3:alarm = 0
produktausgaben_3:ausgabeBaugruppe = DEV_PRN_1
produktausgaben_3:ausgabeMediumTyp = PAPIER
produktausgaben_3:ausgabeVorratsbehaelter = PRN_PB_1
produktausgaben_3:ausgabemedium = SORT_1
produktausgaben_3:ausgabestatus = 0
produktausgaben_3:charge = 
produktausgaben_3:einbaupositionBaugruppe = 1
produktausgaben_3:materialcode = 0
produktausgaben_3:medienkennung = 00188360005303
produktausgaben_3:medienkennungStart = 00188360005303
produktausgaben_3:seriennummerPapier = 018836
produktausgaben_3:ticketNummer = 18
produktausgaben_3:transaktionsnummer = 19
produktausgaben_3:verwendung = 1
produktausgaben_3:zeitpunkt = 
------------------------------------------
geldlogistik_1:abrechnung = 1
geldlogistik_1:einschubNr = 1
geldlogistik_1:geldlogistiker = 0
geldlogistik_1:geldspeicherId = 47211168
geldlogistik_1:geldspeichertyp = WGR
geldlogistik_1:vorgangstyp = INFORMATION
geldlogistik_1:zeitpunkt = 
geldlogistik_1:geldbetrag = 0#EUR
------------------------------------------
geldlogistik_1.bestandSorte_1:anzahl = 0
geldlogistik_1.bestandSorte_1:nennwert = EUR#20
------------------------------------------
geldlogistik_2:abrechnung = 1
geldlogistik_2:einschubNr = 2
geldlogistik_2:geldlogistiker = 0
geldlogistik_2:geldspeicherId = 44211138
geldlogistik_2:geldspeichertyp = WGR
geldlogistik_2:vorgangstyp = INFORMATION
geldlogistik_2:zeitpunkt = 
geldlogistik_2:geldbetrag = 0#EUR
------------------------------------------
geldlogistik_2.bestandSorte_1:anzahl = 0
geldlogistik_2.bestandSorte_1:nennwert = EUR#5
------------------------------------------
geldlogistik_3:abrechnung = 1
geldlogistik_3:einschubNr = 3
geldlogistik_3:geldlogistiker = 0
geldlogistik_3:geldspeicherId = 42211167
geldlogistik_3:geldspeichertyp = WGR
geldlogistik_3:vorgangstyp = INFORMATION
geldlogistik_3:zeitpunkt = 
geldlogistik_3:geldbetrag = 0#EUR
------------------------------------------
geldlogistik_3.bestandSorte_1:anzahl = 0
geldlogistik_3.bestandSorte_1:nennwert = EUR#50
------------------------------------------
geldlogistik_4:abrechnung = 1
geldlogistik_4:einschubNr = 4
geldlogistik_4:geldlogistiker = 0
geldlogistik_4:geldspeicherId = 43211148
geldlogistik_4:geldspeichertyp = WGR
geldlogistik_4:vorgangstyp = INFORMATION
geldlogistik_4:zeitpunkt = 
geldlogistik_4:geldbetrag = 0#EUR
------------------------------------------
geldlogistik_4.bestandSorte_1:anzahl = 0
geldlogistik_4.bestandSorte_1:nennwert = EUR#10
------------------------------------------
geldlogistik_5:abrechnung = 1
geldlogistik_5:einschubNr = 5
geldlogistik_5:geldlogistiker = 0
geldlogistik_5:geldspeicherId = 40211179
geldlogistik_5:geldspeichertyp = WGR
geldlogistik_5:vorgangstyp = INFORMATION
geldlogistik_5:zeitpunkt = 
geldlogistik_5:geldbetrag = 0#EUR
------------------------------------------
geldlogistik_5.bestandSorte_1:anzahl = 0
geldlogistik_5.bestandSorte_1:nennwert = EUR#200
------------------------------------------
geldlogistik_6:abrechnung = 1
geldlogistik_6:einschubNr = 6
geldlogistik_6:geldlogistiker = 0
geldlogistik_6:geldspeicherId = 41211176
geldlogistik_6:geldspeichertyp = WGR
geldlogistik_6:vorgangstyp = INFORMATION
geldlogistik_6:zeitpunkt = 
geldlogistik_6:geldbetrag = 0#EUR
------------------------------------------
geldlogistik_6.bestandSorte_1:anzahl = 0
geldlogistik_6.bestandSorte_1:nennwert = EUR#100
------------------------------------------
geldlogistik_7:abrechnung = 1
geldlogistik_7:einschubNr = 1
geldlogistik_7:geldlogistiker = 0
geldlogistik_7:geldspeicherId = 33201609
geldlogistik_7:geldspeichertyp = ZGS
geldlogistik_7:vorgangstyp = INFORMATION
geldlogistik_7:zeitpunkt = 
geldlogistik_7:geldbetrag = 14000#EUR
------------------------------------------
geldlogistik_7.bestandSorte_1:anzahl = 1400
geldlogistik_7.bestandSorte_1:nennwert = EUR#10
------------------------------------------
geldlogistik_8:abrechnung = 1
geldlogistik_8:einschubNr = 2
geldlogistik_8:geldlogistiker = 0
geldlogistik_8:geldspeicherId = 34204823
geldlogistik_8:geldspeichertyp = ZGS
geldlogistik_8:vorgangstyp = INFORMATION
geldlogistik_8:zeitpunkt = 
geldlogistik_8:geldbetrag = 20000#EUR
------------------------------------------
geldlogistik_8.bestandSorte_1:anzahl = 100
geldlogistik_8.bestandSorte_1:nennwert = EUR#200
------------------------------------------
geldlogistik_9:abrechnung = 1
geldlogistik_9:einschubNr = 3
geldlogistik_9:geldlogistiker = 0
geldlogistik_9:geldspeicherId = 31210510
geldlogistik_9:geldspeichertyp = ZGS
geldlogistik_9:vorgangstyp = INFORMATION
geldlogistik_9:zeitpunkt = 
geldlogistik_9:geldbetrag = 10000#EUR
------------------------------------------
geldlogistik_9.bestandSorte_1:anzahl = 100
geldlogistik_9.bestandSorte_1:nennwert = EUR#100
------------------------------------------
geldlogistik_10:abrechnung = 1
geldlogistik_10:einschubNr = 1
geldlogistik_10:geldlogistiker = 0
geldlogistik_10:geldspeicherId = 80211507
geldlogistik_10:geldspeichertyp = MEK
geldlogistik_10:vorgangstyp = INFORMATION
geldlogistik_10:zeitpunkt = 
geldlogistik_10:geldbetrag = 0#EUR
------------------------------------------
geldlogistik_11:abrechnung = 1
geldlogistik_11:einschubNr = 1
geldlogistik_11:geldlogistiker = 0
geldlogistik_11:geldspeicherId = 676000331
geldlogistik_11:geldspeichertyp = BEK
geldlogistik_11:vorgangstyp = INFORMATION
geldlogistik_11:zeitpunkt = 
geldlogistik_11:geldbetrag = 0#EUR
------------------------------------------
geldlogistik_12:abrechnung = 1
geldlogistik_12:einschubNr = 0
geldlogistik_12:geldlogistiker = 0
geldlogistik_12:geldspeicherId = 99
geldlogistik_12:geldspeichertyp = BEK
geldlogistik_12:vorgangstyp = INFORMATION
geldlogistik_12:zeitpunkt = 
geldlogistik_12:geldbetrag = 0#EUR
------------------------------------------
geldlogistik_13:abrechnung = 2
geldlogistik_13:einschubNr = 1
geldlogistik_13:geldlogistiker = 0
geldlogistik_13:geldspeicherId = 47211168
geldlogistik_13:geldspeichertyp = WGR
geldlogistik_13:vorgangstyp = INFORMATION
geldlogistik_13:zeitpunkt = 
geldlogistik_13:geldbetrag = 0#EUR
------------------------------------------
geldlogistik_13.bestandSorte_1:anzahl = 0
geldlogistik_13.bestandSorte_1:nennwert = EUR#20
------------------------------------------
geldlogistik_14:abrechnung = 2
geldlogistik_14:einschubNr = 2
geldlogistik_14:geldlogistiker = 0
geldlogistik_14:geldspeicherId = 44211138
geldlogistik_14:geldspeichertyp = WGR
geldlogistik_14:vorgangstyp = INFORMATION
geldlogistik_14:zeitpunkt = 
geldlogistik_14:geldbetrag = 0#EUR
------------------------------------------
geldlogistik_14.bestandSorte_1:anzahl = 0
geldlogistik_14.bestandSorte_1:nennwert = EUR#5
------------------------------------------
geldlogistik_15:abrechnung = 2
geldlogistik_15:einschubNr = 3
geldlogistik_15:geldlogistiker = 0
geldlogistik_15:geldspeicherId = 42211167
geldlogistik_15:geldspeichertyp = WGR
geldlogistik_15:vorgangstyp = INFORMATION
geldlogistik_15:zeitpunkt = 
geldlogistik_15:geldbetrag = 0#EUR
------------------------------------------
geldlogistik_15.bestandSorte_1:anzahl = 0
geldlogistik_15.bestandSorte_1:nennwert = EUR#50
------------------------------------------
geldlogistik_16:abrechnung = 2
geldlogistik_16:einschubNr = 4
geldlogistik_16:geldlogistiker = 0
geldlogistik_16:geldspeicherId = 43211148
geldlogistik_16:geldspeichertyp = WGR
geldlogistik_16:vorgangstyp = INFORMATION
geldlogistik_16:zeitpunkt = 
geldlogistik_16:geldbetrag = 0#EUR
------------------------------------------
geldlogistik_16.bestandSorte_1:anzahl = 0
geldlogistik_16.bestandSorte_1:nennwert = EUR#10
------------------------------------------
geldlogistik_17:abrechnung = 2
geldlogistik_17:einschubNr = 5
geldlogistik_17:geldlogistiker = 0
geldlogistik_17:geldspeicherId = 40211179
geldlogistik_17:geldspeichertyp = WGR
geldlogistik_17:vorgangstyp = INFORMATION
geldlogistik_17:zeitpunkt = 
geldlogistik_17:geldbetrag = 0#EUR
------------------------------------------
geldlogistik_17.bestandSorte_1:anzahl = 0
geldlogistik_17.bestandSorte_1:nennwert = EUR#200
------------------------------------------
geldlogistik_18:abrechnung = 2
geldlogistik_18:einschubNr = 6
geldlogistik_18:geldlogistiker = 0
geldlogistik_18:geldspeicherId = 41211176
geldlogistik_18:geldspeichertyp = WGR
geldlogistik_18:vorgangstyp = INFORMATION
geldlogistik_18:zeitpunkt = 
geldlogistik_18:geldbetrag = 0#EUR
------------------------------------------
geldlogistik_18.bestandSorte_1:anzahl = 0
geldlogistik_18.bestandSorte_1:nennwert = EUR#100
------------------------------------------
geldlogistik_19:abrechnung = 2
geldlogistik_19:einschubNr = 1
geldlogistik_19:geldlogistiker = 0
geldlogistik_19:geldspeicherId = 33201609
geldlogistik_19:geldspeichertyp = ZGS
geldlogistik_19:vorgangstyp = INFORMATION
geldlogistik_19:zeitpunkt = 
geldlogistik_19:geldbetrag = 14000#EUR
------------------------------------------
geldlogistik_19.bestandSorte_1:anzahl = 1400
geldlogistik_19.bestandSorte_1:nennwert = EUR#10
------------------------------------------
geldlogistik_20:abrechnung = 2
geldlogistik_20:einschubNr = 2
geldlogistik_20:geldlogistiker = 0
geldlogistik_20:geldspeicherId = 34204823
geldlogistik_20:geldspeichertyp = ZGS
geldlogistik_20:vorgangstyp = INFORMATION
geldlogistik_20:zeitpunkt = 
geldlogistik_20:geldbetrag = 20000#EUR
------------------------------------------
geldlogistik_20.bestandSorte_1:anzahl = 100
geldlogistik_20.bestandSorte_1:nennwert = EUR#200
------------------------------------------
geldlogistik_21:abrechnung = 2
geldlogistik_21:einschubNr = 3
geldlogistik_21:geldlogistiker = 0
geldlogistik_21:geldspeicherId = 31210510
geldlogistik_21:geldspeichertyp = ZGS
geldlogistik_21:vorgangstyp = INFORMATION
geldlogistik_21:zeitpunkt = 
geldlogistik_21:geldbetrag = 10000#EUR
------------------------------------------
geldlogistik_21.bestandSorte_1:anzahl = 100
geldlogistik_21.bestandSorte_1:nennwert = EUR#100
------------------------------------------
geldlogistik_22:abrechnung = 2
geldlogistik_22:einschubNr = 1
geldlogistik_22:geldlogistiker = 0
geldlogistik_22:geldspeicherId = 80211507
geldlogistik_22:geldspeichertyp = MEK
geldlogistik_22:vorgangstyp = INFORMATION
geldlogistik_22:zeitpunkt = 
geldlogistik_22:geldbetrag = 0#EUR
------------------------------------------
geldlogistik_23:abrechnung = 2
geldlogistik_23:einschubNr = 1
geldlogistik_23:geldlogistiker = 0
geldlogistik_23:geldspeicherId = 676000331
geldlogistik_23:geldspeichertyp = BEK
geldlogistik_23:vorgangstyp = INFORMATION
geldlogistik_23:zeitpunkt = 
geldlogistik_23:geldbetrag = 0#EUR
------------------------------------------
geldlogistik_24:abrechnung = 2
geldlogistik_24:einschubNr = 0
geldlogistik_24:geldlogistiker = 0
geldlogistik_24:geldspeicherId = 99
geldlogistik_24:geldspeichertyp = BEK
geldlogistik_24:vorgangstyp = INFORMATION
geldlogistik_24:zeitpunkt = 
geldlogistik_24:geldbetrag = 0#EUR
------------------------------------------
abrechnung_1:abrechnungBeginn = 
abrechnung_1:abrechnungEnde = ${__datetime(,,"+7m)}
abrechnung_1:anzahlStatistiken = 0
------------------------------------------
abrechnung_1.summeWaehrung_1:summeWGRStart = 0#EUR
abrechnung_1.summeWaehrung_1:summeZGSStart = 44000#EUR
abrechnung_1.summeWaehrung_1:summeMEKStart = 0#EUR
abrechnung_1.summeWaehrung_1:summeBEKStart = 0#EUR
abrechnung_1.summeWaehrung_1:summeWGRZugefuehrt = 0#EUR
abrechnung_1.summeWaehrung_1:summeZGSZugefuehrt = 0#EUR
abrechnung_1.summeWaehrung_1:summeWGRAbgefuehrt = 0#EUR
abrechnung_1.summeWaehrung_1:summeZGSAbgefuehrt = 0#EUR
abrechnung_1.summeWaehrung_1:summeMEKAbgefuehrt = 0#EUR
abrechnung_1.summeWaehrung_1:summeBEKAbgefuehrt = 0#EUR
abrechnung_1.summeWaehrung_1:summeWGR = 0#EUR
abrechnung_1.summeWaehrung_1:summÿ GS ?? 00#EUR = null
abrechnung_1.summeWaehrung_1:summeMEK = 0#EUR
abrechnung_1.summeWaehrung_1:summeBEK = 0#EUR
------------------------------------------
abrechnung_1.summeWaehrung_1.detailsZahlungsart_1:anzahlGeldbehaelterwechsel = 0
abrechnung_1.summeWaehrung_1.detailsZahlungsart_1:anzahlkassenschnitt = 0
abrechnung_1.summeWaehrung_1.detailsZahlungsart_1:zahlungsart = 0
abrechnung_1.summeWaehrung_1.detailsZahlungsart_1:summeEinzahlungsbetrag = 0#EUR
abrechnung_1.summeWaehrung_1.detailsZahlungsart_1:summeUeberzahlungsbetrag = 0#EUR
abrechnung_1.summeWaehrung_1.detailsZahlungsart_1:summeRueckerstattungsbetrag = 0#EUR
abrechnung_1.summeWaehrung_1.detailsZahlungsart_1:summeStoerbetrag = 0#EUR
------------------------------------------
abrechnung_1.summeWaehrung_1.detailsZahlungsart_2:anzahlGeldbehaelterwechsel = 0
abrechnung_1.summeWaehrung_1.detailsZahlungsart_2:anzahlkassenschnitt = 0
abrechnung_1.summeWaehrung_1.detailsZahlungsart_2:zahlungsart = 1
abrechnung_1.summeWaehrung_1.detailsZahlungsart_2:summeEinzahlungsbetrag = 0#EUR
abrechnung_1.summeWaehrung_1.detailsZahlungsart_2:summeUeberzahlungsbetrag = 0#EUR
abrechnung_1.summeWaehrung_1.detailsZahlungsart_2:summeRueckerstattungsbetrag = 0#EUR
abrechnung_1.summeWaehrung_1.detailsZahlungsart_2:summeStoerbetrag = 0#EUR
------------------------------------------
abrechnung_1.summeWaehrung_1.detailsZahlungsart_3:anzahlGeldbehaelterwechsel = 1
abrechnung_1.summeWaehrung_1.detailsZahlungsart_3:anzahlkassenschnitt = 1
abrechnung_1.summeWaehrung_1.detailsZahlungsart_3:zahlungsart = 2
abrechnung_1.summeWaehrung_1.detailsZahlungsart_3:summeEinzahlungsbetrag = 650#EUR
abrechnung_1.summeWaehrung_1.detailsZahlungsart_3:summeUeberzahlungsbetrag = 0#EUR
abrechnung_1.summeWaehrung_1.detailsZahlungsart_3:summeRueckerstattungsbetrag = 0#EUR
abrechnung_1.summeWaehrung_1.detailsZahlungsart_3:summeStoerbetrag = 0#EUR
------------------------------------------
abrechnung_1.summeWaehrung_1.detailsZahlungsart_4:anzahlGeldbehaelterwechsel = 0
abrechnung_1.summeWaehrung_1.detailsZahlungsart_4:anzahlkassenschnitt = 0
abrechnung_1.summeWaehrung_1.detailsZahlungsart_4:zahlungsart = 3
abrechnung_1.summeWaehrung_1.detailsZahlungsart_4:summeEinzahlungsbetrag = 0#EUR
abrechnung_1.summeWaehrung_1.detailsZahlungsart_4:summeUeberzahlungsbetrag = 0#EUR
abrechnung_1.summeWaehrung_1.detailsZahlungsart_4:summeRueckerstattungsbetrag = 0#EUR
abrechnung_1.summeWaehrung_1.detailsZahlungsart_4:summeStoerbetrag = 0#EUR
------------------------------------------
verkaufsstatistik_1:erstellungszeitpunkt = 2024-09-03T11:47:57+02:00
------------------------------------------
verkaufsstatistik_1.produktdetails_1:anzahlProdukte = 1
verkaufsstatistik_1.produktdetails_1:artikelnummer = 9292
verkaufsstatistik_1.produktdetails_1:kundengruppe = 0
verkaufsstatistik_1.produktdetails_1:medium = PAPIER
verkaufsstatistik_1.produktdetails_1:preisstufe = 34467
verkaufsstatistik_1.produktdetails_1:produktkennung = IDP_GVH_1
verkaufsstatistik_1.produktdetails_1:tarif = 3
verkaufsstatistik_1.produktdetails_1:tarifbezeichnung = - - -|Tarif_3
verkaufsstatistik_1.produktdetails_1:tickettyp = 0
verkaufsstatistik_1.produktdetails_1:verkaufsart = PT_VERKAUF
verkaufsstatistik_1.produktdetails_1:zahlungsart = 2
verkaufsstatistik_1.produktdetails_1:einzelPfand = 0#EUR
verkaufsstatistik_1.produktdetails_1:einzelpreis = 340#EUR
verkaufsstatistik_1.produktdetails_1:pfandTotal = 0#EUR
verkaufsstatistik_1.produktdetails_1:preisTotal = 340#EUR
verkaufsstatistik_1.produktdetails_1:ladebetragTotal = 0#EUR
------------------------------------------
verkaufsstatistik_1.produktdetails_2:anzahlProdukte = 1
verkaufsstatistik_1.produktdetails_2:artikelnummer = 9297
verkaufsstatistik_1.produktdetails_2:kundengruppe = 0
verkaufsstatistik_1.produktdetails_2:medium = PAPIER
verkaufsstatistik_1.produktdetails_2:preisstufe = 34477
verkaufsstatistik_1.produktdetails_2:produktkennung = IDP_GVH_2
verkaufsstatistik_1.produktdetails_2:tarif = 3
verkaufsstatistik_1.produktdetails_2:tarifbezeichnung = - - -|Tarif_3
verkaufsstatistik_1.produktdetails_2:tickettyp = 0
verkaufsstatistik_1.produktdetails_2:verkaufsart = PT_VERKAUF
verkaufsstatistik_1.produktdetails_2:zahlungsart = 2
verkaufsstatistik_1.produktdetails_2:einzelPfand = 0#EUR
verkaufsstatistik_1.produktdetails_2:einzelpreis = 130#EUR
verkaufsstatistik_1.produktdetails_2:pfandTotal = 0#EUR
verkaufsstatistik_1.produktdetails_2:preisTotal = 130#EUR
verkaufsstatistik_1.produktdetails_2:ladebetragTotal = 0#EUR
------------------------------------------
verkaufsstatistik_1.produktdetails_3:anzahlProdukte = 1
verkaufsstatistik_1.produktdetails_3:artikelnummer = 11266
verkaufsstatistik_1.produktdetails_3:kundengruppe = 0
verkaufsstatistik_1.produktdetails_3:medium = PAPIER
verkaufsstatistik_1.produktdetails_3:preisstufe = 34473
verkaufsstatistik_1.produktdetails_3:produktkennung = IDP_GVH_17
verkaufsstatistik_1.produktdetails_3:tarif = 3
verkaufsstatistik_1.produktdetails_3:tarifbezeichnung = - - -|Tarif_3
verkaufsstatistik_1.produktdetails_3:tickettyp = 0
verkaufsstatistik_1.produktdetails_3:verkaufsart = PT_VERKAUF
verkaufsstatistik_1.produktdetails_3:zahlungsart = 2
verkaufsstatistik_1.produktdetails_3:einzelPfand = 0#EUR
verkaufsstatistik_1.produktdetails_3:einzelpreis = 180#EUR
verkaufsstatistik_1.produktdetails_3:pfandTotal = 0#EUR
verkaufsstatistik_1.produktdetails_3:preisTotal = 180#EUR
verkaufsstatistik_1.produktdetails_3:ladebetragTotal = 0#EUR
------------------------------------------
GLOBAL:PROJEKTNAME = MASTER
GLOBAL:DATABASE = C:\Testtools\HGS\MELDUNGEN/CONFIG\MASTER\database.ini
GLOBAL:AUTOMAT = 999900
GLOBAL:URLHGS = https://uestra.dev.ti-ica.de/dplus/services/automatenService/3_10/?wsdl
GLOBAL:VERSION = 3.10
GLOBAL:TRANSFERFILE = C:\Testtools\HGS\MELDUNGEN/CONFIG/TRANSFER/transfer_MASTER.ini
------------------------------------------

###############################################

###############################################
Message:
###############################################
<s:Envelope xmlns:s="http://schemas.xmlsoap.org/soap/envelope/">
    <s:Body xmlns:xsd="http://www.w3.org/2001/XMLSchema" xmlns:xsi="http://www.w3.org/2001/XMLSchema-instance">
        <empfangeSchichtreport xmlns="http://tms.ica.de/automatenService/wsdl/3_10/">
            <faaSchichtreport xmlns="http://tms.ica.de/automatenService/3_10/" sstVersion="3.10">
                <verkaufspunkt posNummer="999900" betreiber="99" seriennummer="999900" ipAdresse="0.0.0.0"/>
                <versionKey>-1</versionKey>
                <abrechnungsnummer>12</abrechnungsnummer>
                <verkaeufer>automat</verkaeufer>
                <servicetechniker>0</servicetechniker>
                <verkaeufe zeitpunkt="2024-10-16T09:59:40.772+02:00" transaktionsnummer="18" verkaufsart="PT_VERKAUF" verkaufHaltestelle="25701731" verkaufZone="4000000110" startZone="4000000110" zielZone="0" viaZone="0" wegVariante="0" startGemeinde="0" zielGemeinde="0" verkehr="1" linie="0" linieVariante="0" richtung="1" ticketNummer="16" beginnGueltigkeit="2024-10-16T09:59:40.768+02:00" endeGueltigkeit="2024-10-16T10:00:40.769+02:00" anzahlPerson="1" sprache="0" produktkennung="IDP_GVH_1" produktbezeichnung="Einzelkarte" artikelnummer="9292" tarif="3" tarifBezeichnung="- - -|Tarif_3" medium="PAPIER" mediumID="0" preisstufe="100003" subvention="0" tarifstufe="" mwstSatz="0" gattung="16961" kundengruppe="0" preisstufenText="C" produktkennungExtern="" relationsnummer="" status="0" startHaltestelle="25701731" zielHaltestelle="0" zusatzInformationen="" fahrzeugKennung="">
                    <pfand betrag="0" waehrung="EUR"/>
                    <preis betrag="340" waehrung="EUR"/>
                    <metadaten sequenznummer="17037" guid="25862d6c-3ef7-4118-ab93-c8b30de65f2a"/>
                </verkaeufe>
                <verkaeufe zeitpunkt="2024-10-16T09:59:40.779+02:00" transaktionsnummer="18" verkaufsart="PT_VERKAUF" verkaufHaltestelle="25701731" verkaufZone="4000000110" startZone="4000000110" zielZone="0" viaZone="0" wegVariante="0" startGemeinde="0" zielGemeinde="0" verkehr="1" linie="0" linieVariante="0" richtung="1" ticketNummer="17" beginnGueltigkeit="2024-10-16T09:59:40.778+02:00" endeGueltigkeit="2024-10-16T10:00:40.778+02:00" anzahlPerson="1" sprache="0" produktkennung="IDP_GVH_2" produktbezeichnung="Einzelkarte Kind" artikelnummer="9297" tarif="3" tarifBezeichnung="- - -|Tarif_3" medium="PAPIER" mediumID="0" preisstufe="100013" subvention="0" tarifstufe="" mwstSatz="0" gattung="16962" kundengruppe="0" preisstufenText="ABC" produktkennungExtern="ABC" relationsnummer="" status="0" startHaltestelle="25701731" zielHaltestelle="0" zusatzInformationen="" fahrzeugKennung="">
                    <pfand betrag="0" waehrung="EUR"/>
                    <preis betrag="130" waehrung="EUR"/>
                    <metadaten sequenznummer="17038" guid="3db49def-b32a-4304-8deb-13095b234305"/>
                </verkaeufe>
                <verkaeufe zeitpunkt="2024-10-16T09:59:40.784+02:00" transaktionsnummer="19" verkaufsart="PT_VERKAUF" verkaufHaltestelle="25701731" verkaufZone="4000000110" startZone="4000000110" zielZone="0" viaZone="0" wegVariante="0" startGemeinde="0" zielGemeinde="0" verkehr="1" linie="0" linieVariante="0" richtung="1" ticketNummer="18" beginnGueltigkeit="2024-10-16T09:59:40.783+02:00" endeGueltigkeit="2024-10-16T10:00:40.783+02:00" anzahlPerson="1" sprache="0" produktkennung="IDP_GVH_17" produktbezeichnung="Kurzstreckenkarte" artikelnummer="11266" tarif="3" tarifBezeichnung="- - -|Tarif_3" medium="PAPIER" mediumID="0" preisstufe="100009" subvention="0" tarifstufe="" mwstSatz="0" gattung="16977" kundengruppe="0" preisstufenText="K" produktkennungExtern="" relationsnummer="" status="0" startHaltestelle="25701731" zielHaltestelle="0" zusatzInformationen="" fahrzeugKennung="">
                    <pfand betrag="0" waehrung="EUR"/>
                    <preis betrag="180" waehrung="EUR"/>
                    <metadaten sequenznummer="17039" guid="79f0b3c3-9f4f-48f3-8bcb-29f2f03e2b78"/>
                </verkaeufe>
                <quittungen zeitpunkt="2024-09-03T11:45:04.000+02:00" transaktionsnummer="18" anzahltransaktionen="2" zahlungsart="2" muenzenNotenEingegeben="" muenzenNotenZurueckgegeben="" haendlerkartennr="" geldkartenNr="" geldkartenBseq="" geldkarteSseq="" geldkarteHseq="" terminalIdGiroCard="75011402" transaktionsnummerGiroCard="3372" kartennummergirocard="######3051" terminalIdKreditkarte="75011402" transaktionsnummerKreditkarte="0" kartennummerKreditkarte="" gueltigkeitKreditkarte="6D1811EF" statusStorno="0" statusTransaktion="0">
                    <pfandTotal betrag="0" waehrung="EUR"/>
                    <preisTotal betrag="470" waehrung="EUR"/>
                    <einzahlungsbetrag betrag="470" waehrung="EUR"/>
                    <ueberzahlungsbetrag betrag="0" waehrung="EUR"/>
                    <rueckerstattungsbetragSoll betrag="0" waehrung="EUR"/>
                    <rueckerstattungsbetragIst betrag="0" waehrung="EUR"/>
                    <stoerbetrag betrag="0" waehrung="EUR"/>
                    <metadaten sequenznummer="17040" guid="4dcff0a9-f067-4b20-ba3c-1c338518f7ad"/>
                </quittungen>
                <quittungen zeitpunkt="2024-10-16T09:59:40.791+02:00" transaktionsnummer="19" anzahltransaktionen="1" zahlungsart="2" muenzenNotenEingegeben="" muenzenNotenZurueckgegeben="" haendlerkartennr="" geldkartenNr="" geldkartenBseq="" geldkarteSseq="" geldkarteHseq="" terminalIdGiroCard="75011402" transaktionsnummerGiroCard="3374" kartennummergirocard="######3051" terminalIdKreditkarte="75011402" transaktionsnummerKreditkarte="0" kartennummerKreditkarte="" gueltigkeitKreditkarte="6D1811EF" statusStorno="0" statusTransaktion="0">
                    <pfandTotal betrag="0" waehrung="EUR"/>
                    <preisTotal betrag="180" waehrung="EUR"/>
                    <einzahlungsbetrag betrag="180" waehrung="EUR"/>
                    <ueberzahlungsbetrag betrag="0" waehrung="EUR"/>
                    <rueckerstattungsbetragSoll betrag="0" waehrung="EUR"/>
                    <rueckerstattungsbetragIst betrag="0" waehrung="EUR"/>
                    <stoerbetrag betrag="0" waehrung="EUR"/>
                    <metadaten sequenznummer="17041" guid="b5089edf-329a-4bbe-993f-b212cdd1f573"/>
                </quittungen>
                <produktausgaben zeitpunkt="2024-10-16T09:59:40.793+02:00" ausgabemedium="SORT_1" seriennummerPapier="018836" abschnittsnummerPapier="0005305" verwendung="1" transaktionsnummer="18" ticketNummer="16" ausgabestatus="0" ausgabeMediumTyp="PAPIER" charge="" materialcode="0" medienkennung="00188360005305" ausgabeBaugruppe="DEV_PRN_1" einbaupositionBaugruppe="1" ausgabeVorratsbehaelter="PRN_PB_1" alarm="0" medienkennungStart="00188360005305" abschnittsnummerPapierStart="0005305">
                    <metadaten sequenznummer="17042" guid="14ce56fe-aeca-41fc-a611-113487676e6a"/>
                </produktausgaben>
                <produktausgaben zeitpunkt="2024-10-16T09:59:40.795+02:00" ausgabemedium="SORT_1" seriennummerPapier="018836" abschnittsnummerPapier="0005304" verwendung="1" transaktionsnummer="18" ticketNummer="17" ausgabestatus="0" ausgabeMediumTyp="PAPIER" charge="" materialcode="0" medienkennung="00188360005304" ausgabeBaugruppe="DEV_PRN_1" einbaupositionBaugruppe="1" ausgabeVorratsbehaelter="PRN_PB_1" alarm="0" medienkennungStart="00188360005304" abschnittsnummerPapierStart="0005304">
                    <metadaten sequenznummer="17043" guid="e71e864a-1fec-496b-96ab-53f12b496247"/>
                </produktausgaben>
                <produktausgaben zeitpunkt="2024-10-16T09:59:40.797+02:00" ausgabemedium="SORT_1" seriennummerPapier="018836" abschnittsnummerPapier="0005303" verwendung="1" transaktionsnummer="19" ticketNummer="18" ausgabestatus="0" ausgabeMediumTyp="PAPIER" charge="" materialcode="0" medienkennung="00188360005303" ausgabeBaugruppe="DEV_PRN_1" einbaupositionBaugruppe="1" ausgabeVorratsbehaelter="PRN_PB_1" alarm="0" medienkennungStart="00188360005303" abschnittsnummerPapierStart="0005303">
                    <metadaten sequenznummer="17044" guid="127e1387-0e6d-410a-a86f-8bbb68a9c8ce"/>
                </produktausgaben>
                <geldlogistik vorgangstyp="INFORMATION" zeitpunkt="2024-10-16T09:59:40.801+02:00" geldlogistiker="0" geldspeichertyp="WGR" einschubNr="1" geldspeicherId="47211168" abrechnung="1">
                    <geldbetrag betrag="0" waehrung="EUR"/>
                    <bestandSorte anzahl="0">
                        <nennwert waehrung="EUR" wertigkeit="20"/>
                    </bestandSorte>
                    <metadaten sequenznummer="17045" guid="a60daf37-c558-4f91-8d96-9e531c3e87c7"/>
                </geldlogistik>
                <geldlogistik vorgangstyp="INFORMATION" zeitpunkt="2024-10-16T09:59:40.820+02:00" geldlogistiker="0" geldspeichertyp="MEK" einschubNr="1" geldspeicherId="80211507" abrechnung="1">
                    <geldbetrag betrag="0" waehrung="EUR"/>
                    <metadaten sequenznummer="17054" guid="08dc0afd-4e87-4d4d-a252-8fb6757b739b"/>
                </geldlogistik>
                <geldlogistik vorgangstyp="INFORMATION" zeitpunkt="2024-10-16T09:59:40.821+02:00" geldlogistiker="0" geldspeichertyp="BEK" einschubNr="1" geldspeicherId="676000331" abrechnung="1">
                    <geldbetrag betrag="0" waehrung="EUR"/>
                    <metadaten sequenznummer="17055" guid="87960dce-73ef-4f3d-ba7a-cae8da5d3125"/>
                </geldlogistik>
                <geldlogistik vorgangstyp="INFORMATION" zeitpunkt="2024-10-16T09:59:40.824+02:00" geldlogistiker="0" geldspeichertyp="BEK" einschubNr="0" geldspeicherId="99" abrechnung="1">
                    <geldbetrag betrag="0" waehrung="EUR"/>
                    <metadaten sequenznummer="17056" guid="e3e3b19a-f968-4a6d-a75f-30c3e890d671"/>
                </geldlogistik>
                <geldlogistik vorgangstyp="INFORMATION" zeitpunkt="2024-10-16T09:59:40.825+02:00" geldlogistiker="0" geldspeichertyp="WGR" einschubNr="1" geldspeicherId="47211168" abrechnung="2">
                    <geldbetrag betrag="0" waehrung="EUR"/>
                    <bestandSorte anzahl="0">
                        <nennwert waehrung="EUR" wertigkeit="20"/>
                    </bestandSorte>
                    <metadaten sequenznummer="17057" guid="e212520c-028a-4aa2-a6bf-68c88d0deb1c"/>
                </geldlogistik>
                <geldlogistik vorgangstyp="INFORMATION" zeitpunkt="2024-10-16T09:59:40.827+02:00" geldlogistiker="0" geldspeichertyp="WGR" einschubNr="2" geldspeicherId="44211138" abrechnung="2">
                    <geldbetrag betrag="0" waehrung="EUR"/>
                    <bestandSorte anzahl="0">
                        <nennwert waehrung="EUR" wertigkeit="5"/>
                    </bestandSorte>
                    <metadaten sequenznummer="17058" guid="f4968ee9-3b93-4e43-abac-9d47aee3cdf2"/>
                </geldlogistik>
                <geldlogistik vorgangstyp="INFORMATION" zeitpunkt="2024-10-16T09:59:40.828+02:00" geldlogistiker="0" geldspeichertyp="WGR" einschubNr="3" geldspeicherId="42211167" abrechnung="2">
                    <geldbetrag betrag="0" waehrung="EUR"/>
                    <bestandSorte anzahl="0">
                        <nennwert waehrung="EUR" wertigkeit="50"/>
                    </bestandSorte>
                    <metadaten sequenznummer="17059" guid="230a2379-ef8d-4fcf-88cc-0cec19ab8f1b"/>
                </geldlogistik>
                <geldlogistik vorgangstyp="INFORMATION" zeitpunkt="2024-10-16T09:59:40.830+02:00" geldlogistiker="0" geldspeichertyp="WGR" einschubNr="4" geldspeicherId="43211148" abrechnung="2">
                    <geldbetrag betrag="0" waehrung="EUR"/>
                    <bestandSorte anzahl="0">
                        <nennwert waehrung="EUR" wertigkeit="10"/>
                    </bestandSorte>
                    <metadaten sequenznummer="17060" guid="b0c02cf3-ff95-4b39-af03-ee46ef30a2a7"/>
                </geldlogistik>
                <geldlogistik vorgangstyp="INFORMATION" zeitpunkt="2024-10-16T09:59:40.832+02:00" geldlogistiker="0" geldspeichertyp="WGR" einschubNr="5" geldspeicherId="40211179" abrechnung="2">
                    <geldbetrag betrag="0" waehrung="EUR"/>
                    <bestandSorte anzahl="0">
                        <nennwert waehrung="EUR" wertigkeit="200"/>
                    </bestandSorte>
                    <metadaten sequenznummer="17061" guid="2bbb8446-814b-4c74-8b18-6931cd6b91d3"/>
                </geldlogistik>
                <geldlogistik vorgangstyp="INFORMATION" zeitpunkt="2024-10-16T09:59:40.834+02:00" geldlogistiker="0" geldspeichertyp="WGR" einschubNr="6" geldspeicherId="41211176" abrechnung="2">
                    <geldbetrag betrag="0" waehrung="EUR"/>
                    <bestandSorte anzahl="0">
                        <nennwert waehrung="EUR" wertigkeit="100"/>
                    </bestandSorte>
                    <metadaten sequenznummer="17062" guid="61b73c09-ac35-41ff-82fe-703a967cb91b"/>
                </geldlogistik>
                <geldlogistik vorgangstyp="INFORMATION" zeitpunkt="2024-10-16T09:59:40.836+02:00" geldlogistiker="0" geldspeichertyp="ZGS" einschubNr="1" geldspeicherId="33201609" abrechnung="2">
                    <geldbetrag betrag="14000" waehrung="EUR"/>
                    <bestandSorte anzahl="1400">
                        <nennwert waehrung="EUR" wertigkeit="10"/>
                    </bestandSorte>
                    <metadaten sequenznummer="17063" guid="df6006a1-4051-470a-9c80-c677a055e0e1"/>
                </geldlogistik>
                <geldlogistik vorgangstyp="INFORMATION" zeitpunkt="2024-10-16T09:59:40.805+02:00" geldlogistiker="0" geldspeichertyp="WGR" einschubNr="2" geldspeicherId="44211138" abrechnung="1">
                    <geldbetrag betrag="0" waehrung="EUR"/>
                    <bestandSorte anzahl="0">
                        <nennwert waehrung="EUR" wertigkeit="5"/>
                    </bestandSorte>
                    <metadaten sequenznummer="17046" guid="88ac1e2d-68d5-4fba-9af8-ba32dba309b7"/>
                </geldlogistik>
                <geldlogistik vorgangstyp="INFORMATION" zeitpunkt="2024-10-16T09:59:40.838+02:00" geldlogistiker="0" geldspeichertyp="ZGS" einschubNr="2" geldspeicherId="34204823" abrechnung="2">
                    <geldbetrag betrag="20000" waehrung="EUR"/>
                    <bestandSorte anzahl="100">
                        <nennwert waehrung="EUR" wertigkeit="200"/>
                    </bestandSorte>
                    <metadaten sequenznummer="17064" guid="f229f022-ee3a-4745-af9c-3b98e1352043"/>
                </geldlogistik>
                <geldlogistik vorgangstyp="INFORMATION" zeitpunkt="2024-10-16T09:59:40.840+02:00" geldlogistiker="0" geldspeichertyp="ZGS" einschubNr="3" geldspeicherId="31210510" abrechnung="2">
                    <geldbetrag betrag="10000" waehrung="EUR"/>
                    <bestandSorte anzahl="100">
                        <nennwert waehrung="EUR" wertigkeit="100"/>
                    </bestandSorte>
                    <metadaten sequenznummer="17065" guid="d01c29ca-c488-4a9c-95ef-50939ed3413b"/>
                </geldlogistik>
                <geldlogistik vorgangstyp="INFORMATION" zeitpunkt="2024-10-16T09:59:40.841+02:00" geldlogistiker="0" geldspeichertyp="MEK" einschubNr="1" geldspeicherId="80211507" abrechnung="2">
                    <geldbetrag betrag="0" waehrung="EUR"/>
                    <metadaten sequenznummer="17066" guid="39d71f06-2910-4400-b812-2e754957335d"/>
                </geldlogistik>
                <geldlogistik vorgangstyp="INFORMATION" zeitpunkt="2024-10-16T09:59:40.843+02:00" geldlogistiker="0" geldspeichertyp="BEK" einschubNr="1" geldspeicherId="676000331" abrechnung="2">
                    <geldbetrag betrag="0" waehrung="EUR"/>
                    <metadaten sequenznummer="17067" guid="de9e48b3-254a-4c54-a1a9-e532fa2b5e57"/>
                </geldlogistik>
                <geldlogistik vorgangstyp="INFORMATION" zeitpunkt="2024-10-16T09:59:40.844+02:00" geldlogistiker="0" geldspeichertyp="BEK" einschubNr="0" geldspeicherId="99" abrechnung="2">
                    <geldbetrag betrag="0" waehrung="EUR"/>
                    <metadaten sequenznummer="17068" guid="52dedc8b-0ad1-409e-929e-93587e177af8"/>
                </geldlogistik>
                <geldlogistik vorgangstyp="INFORMATION" zeitpunkt="2024-10-16T09:59:40.807+02:00" geldlogistiker="0" geldspeichertyp="WGR" einschubNr="3" geldspeicherId="42211167" abrechnung="1">
                    <geldbetrag betrag="0" waehrung="EUR"/>
                    <bestandSorte anzahl="0">
                        <nennwert waehrung="EUR" wertigkeit="50"/>
                    </bestandSorte>
                    <metadaten sequenznummer="17047" guid="d0971285-4dde-454b-82d6-a1e83b2070df"/>
                </geldlogistik>
                <geldlogistik vorgangstyp="INFORMATION" zeitpunkt="2024-10-16T09:59:40.809+02:00" geldlogistiker="0" geldspeichertyp="WGR" einschubNr="4" geldspeicherId="43211148" abrechnung="1">
                    <geldbetrag betrag="0" waehrung="EUR"/>
                    <bestandSorte anzahl="0">
                        <nennwert waehrung="EUR" wertigkeit="10"/>
                    </bestandSorte>
                    <metadaten sequenznummer="17048" guid="43edb5ac-4b04-449a-a133-cfb7bd818698"/>
                </geldlogistik>
                <geldlogistik vorgangstyp="INFORMATION" zeitpunkt="2024-10-16T09:59:40.810+02:00" geldlogistiker="0" geldspeichertyp="WGR" einschubNr="5" geldspeicherId="40211179" abrechnung="1">
                    <geldbetrag betrag="0" waehrung="EUR"/>
                    <bestandSorte anzahl="0">
                        <nennwert waehrung="EUR" wertigkeit="200"/>
                    </bestandSorte>
                    <metadaten sequenznummer="17049" guid="5250d882-372a-4c4d-a17a-0cab9fe49a7f"/>
                </geldlogistik>
                <geldlogistik vorgangstyp="INFORMATION" zeitpunkt="2024-10-16T09:59:40.812+02:00" geldlogistiker="0" geldspeichertyp="WGR" einschubNr="6" geldspeicherId="41211176" abrechnung="1">
                    <geldbetrag betrag="0" waehrung="EUR"/>
                    <bestandSorte anzahl="0">
                        <nennwert waehrung="EUR" wertigkeit="100"/>
                    </bestandSorte>
                    <metadaten sequenznummer="17050" guid="6cad6c07-96fb-40ae-88c6-a16b70ade780"/>
                </geldlogistik>
                <geldlogistik vorgangstyp="INFORMATION" zeitpunkt="2024-10-16T09:59:40.814+02:00" geldlogistiker="0" geldspeichertyp="ZGS" einschubNr="1" geldspeicherId="33201609" abrechnung="1">
                    <geldbetrag betrag="14000" waehrung="EUR"/>
                    <bestandSorte anzahl="1400">
                        <nennwert waehrung="EUR" wertigkeit="10"/>
                    </bestandSorte>
                    <metadaten sequenznummer="17051" guid="26dbf283-c728-4395-b36e-1f3ad32fe4e0"/>
                </geldlogistik>
                <geldlogistik vorgangstyp="INFORMATION" zeitpunkt="2024-10-16T09:59:40.816+02:00" geldlogistiker="0" geldspeichertyp="ZGS" einschubNr="2" geldspeicherId="34204823" abrechnung="1">
                    <geldbetrag betrag="20000" waehrung="EUR"/>
                    <bestandSorte anzahl="100">
                        <nennwert waehrung="EUR" wertigkeit="200"/>
                    </bestandSorte>
                    <metadaten sequenznummer="17052" guid="f02bf799-4e54-4b3b-ae95-27b08738e4e4"/>
                </geldlogistik>
                <geldlogistik vorgangstyp="INFORMATION" zeitpunkt="2024-10-16T09:59:40.819+02:00" geldlogistiker="0" geldspeichertyp="ZGS" einschubNr="3" geldspeicherId="31210510" abrechnung="1">
                    <geldbetrag betrag="10000" waehrung="EUR"/>
                    <bestandSorte anzahl="100">
                        <nennwert waehrung="EUR" wertigkeit="100"/>
                    </bestandSorte>
                    <metadaten sequenznummer="17053" guid="235f8d95-8a61-481c-a502-b4049d9d8a34"/>
                </geldlogistik>
                <abrechnung abrechnungBeginn="2024-10-16T09:59:40.846+02:00" abrechnungEnde="2025-05-16T09:59:40.846+02:00" anzahlStatistiken="0">
                    <summeWaehrung>
                        <summeWGRStart betrag="0" waehrung="EUR"/>
                        <summeZGSStart betrag="44000" waehrung="EUR"/>
                        <summeMEKStart betrag="0" waehrung="EUR"/>
                        <summeBEKStart betrag="0" waehrung="EUR"/>
                        <summeWGRZugefuehrt betrag="0" waehrung="EUR"/>
                        <summeZGSZugefuehrt betrag="0" waehrung="EUR"/>
                        <summeWGRAbgefuehrt betrag="0" waehrung="EUR"/>
                        <summeZGSAbgefuehrt betrag="0" waehrung="EUR"/>
                        <summeMEKAbgefuehrt betrag="0" waehrung="EUR"/>
                        <summeBEKAbgefuehrt betrag="0" waehrung="EUR"/>
                        <summeWGR betrag="0" waehrung="EUR"/>
                        <detailsZahlungsart zahlungsart="0" anzahlkassenschnitt="0" anzahlGeldbehaelterwechsel="0">
                            <summeEinzahlungsbetrag betrag="0" waehrung="EUR"/>
                            <summeUeberzahlungsbetrag betrag="0" waehrung="EUR"/>
                            <summeRueckerstattungsbetrag betrag="0" waehrung="EUR"/>
                            <summeStoerbetrag betrag="0" waehrung="EUR"/>
                        </detailsZahlungsart>
                        <detailsZahlungsart zahlungsart="1" anzahlkassenschnitt="0" anzahlGeldbehaelterwechsel="0">
                            <summeEinzahlungsbetrag betrag="0" waehrung="EUR"/>
                            <summeUeberzahlungsbetrag betrag="0" waehrung="EUR"/>
                            <summeRueckerstattungsbetrag betrag="0" waehrung="EUR"/>
                            <summeStoerbetrag betrag="0" waehrung="EUR"/>
                        </detailsZahlungsart>
                        <detailsZahlungsart zahlungsart="2" anzahlkassenschnitt="1" anzahlGeldbehaelterwechsel="1">
                            <summeEinzahlungsbetrag betrag="650" waehrung="EUR"/>
                            <summeUeberzahlungsbetrag betrag="0" waehrung="EUR"/>
                            <summeRueckerstattungsbetrag betrag="0" waehrung="EUR"/>
                            <summeStoerbetrag betrag="0" waehrung="EUR"/>
                        </detailsZahlungsart>
                        <detailsZahlungsart zahlungsart="3" anzahlkassenschnitt="0" anzahlGeldbehaelterwechsel="0">
                            <summeEinzahlungsbetrag betrag="0" waehrung="EUR"/>
                            <summeUeberzahlungsbetrag betrag="0" waehrung="EUR"/>
                            <summeRueckerstattungsbetrag betrag="0" waehrung="EUR"/>
                            <summeStoerbetrag betrag="0" waehrung="EUR"/>
                        </detailsZahlungsart>
                        <summeMEK betrag="0" waehrung="EUR"/>
                        <summeBEK betrag="0" waehrung="EUR"/>
                    </summeWaehrung>
                    <metadaten sequenznummer="17069" guid="8d8a6f36-d3e6-4d1b-9cb4-302ac1162fc8"/>
                </abrechnung>
                <verkaufsstatistik erstellungszeitpunkt="2024-09-03T11:47:57.000+02:00">
                    <produktdetails verkaufsart="PT_VERKAUF" produktkennung="IDP_GVH_1" artikelnummer="9292" tarif="3" tarifbezeichnung="- - -|Tarif_3" medium="PAPIER" preisstufe="34467" kundengruppe="0" zahlungsart="2" anzahlProdukte="1" tickettyp="0">
                        <einzelPfand betrag="0" waehrung="EUR"/>
                        <einzelpreis betrag="340" waehrung="EUR"/>
                        <pfandTotal betrag="0" waehrung="EUR"/>
                        <preisTotal betrag="340" waehrung="EUR"/>
                        <ladebetragTotal betrag="0" waehrung="EUR"/>
                        <metadaten sequenznummer="17070" guid="fff8a4b0-6777-42d7-9a43-2696bc534a98"/>
                    </produktdetails>
                    <produktdetails verkaufsart="PT_VERKAUF" produktkennung="IDP_GVH_2" artikelnummer="9297" tarif="3" tarifbezeichnung="- - -|Tarif_3" medium="PAPIER" preisstufe="34477" kundengruppe="0" zahlungsart="2" anzahlProdukte="1" tickettyp="0">
                        <einzelPfand betrag="0" waehrung="EUR"/>
                        <einzelpreis betrag="130" waehrung="EUR"/>
                        <pfandTotal betrag="0" waehrung="EUR"/>
                        <preisTotal betrag="130" waehrung="EUR"/>
                        <ladebetragTotal betrag="0" waehrung="EUR"/>
                        <metadaten sequenznummer="17071" guid="6d7aa4a9-7881-4e0b-8e52-74c80f42f9c5"/>
                    </produktdetails>
                    <produktdetails verkaufsart="PT_VERKAUF" produktkennung="IDP_GVH_17" artikelnummer="11266" tarif="3" tarifbezeichnung="- - -|Tarif_3" medium="PAPIER" preisstufe="34473" kundengruppe="0" zahlungsart="2" anzahlProdukte="1" tickettyp="0">
                        <einzelPfand betrag="0" waehrung="EUR"/>
                        <einzelpreis betrag="180" waehrung="EUR"/>
                        <pfandTotal betrag="0" waehrung="EUR"/>
                        <preisTotal betrag="180" waehrung="EUR"/>
                        <ladebetragTotal betrag="0" waehrung="EUR"/>
                        <metadaten sequenznummer="17072" guid="4ef78d7a-a628-4993-a1d3-c75a3a86796d"/>
                    </produktdetails>
                </verkaufsstatistik>
            </faaSchichtreport>
        </empfangeSchichtreport>
    </s:Body>
</s:Envelope>


###############################################
###############################################
Result:
###############################################
OK

###############################################
################################################################################

Finished: 2024-10-16 09:59:42

