################################################################################
#####   Generator -> Papierlogistikmeldung 
################################################################################
Started: 2024-09-24 10:53:53

###############################################
Arguments:
###############################################
 projektname                   : MASTER
 TESTFALLNAME                  : PLM_entnehmen_statikSerienNr
 mainpath                      : c:\Testtools\HGS\MELDUNGEN
 MELDUNGSNAME                  : Papierlogistikmeldung
 testfallname                  : PLM_entnehmen_statikSerienNr
 meldungsname                  : Papierlogistikmeldung
 PROJEKTNAME                   : MASTER
 MAINPATH                      : c:\Testtools\HGS\MELDUNGEN
###############################################


###############################################
Eingangsdaten:
###############################################

Testdaten:papierbahn = PRN_PB_2
Testdaten:status = Entnahme
Testdaten:papiersorte = 0
Testdaten:barcode = 
Testdaten:seriennummerPapier = 100013
Testdaten:verbleibendeabschnitte = 5
Testdaten:aktuellerabschnitt = 5
------------------------------------------
Papierlogistikmeldung:abschnittsnummerPapier = 0000005
Papierlogistikmeldung:ausgabemediumTyp = SORT_1
Papierlogistikmeldung:charge = 
Papierlogistikmeldung:druckerKennung = DEV_PRN_3
Papierlogistikmeldung:einbauposition = 0
Papierlogistikmeldung:medienkennung = 
Papierlogistikmeldung:papierkanalDrucker = -1
Papierlogistikmeldung:papierkanalKennung = PRN_PB_2
Papierlogistikmeldung:papierlogistiker = 0
Papierlogistikmeldung:seriennummerDrucker = 30057500E020340
Papierlogistikmeldung:seriennummerPapier = 100013
Papierlogistikmeldung:sstVersion = 3.10
Papierlogistikmeldung:vorgangsnummer = 0
Papierlogistikmeldung:vorgangstyp = ENTNAHME
Papierlogistikmeldung:zeitpunkt = 
Papierlogistikmeldung:abrechnungsnummer = 
------------------------------------------
papiersorte_1:abschnitteGesamt = 5560
papiersorte_1:materialcode = 0
papiersorte_1:nummernfolge = ABSTEIGEND
------------------------------------------
GLOBAL:PROJEKTNAME = MASTER
GLOBAL:DATABASE = c:\Testtools\HGS\MELDUNGEN/CONFIG\MASTER\database.ini
GLOBAL:AUTOMAT = 999000
GLOBAL:URLHGS = https://uestra.dev.ti-ica.de/dplus/services/automatenService/3_10/?wsdl
GLOBAL:VERSION = 3.10
GLOBAL:TRANSFERFILE = c:\Testtools\HGS\MELDUNGEN/CONFIG/TRANSFER/transfer_MASTER.ini
------------------------------------------

###############################################

###############################################
Message:
###############################################
<s:Envelope xmlns:s="http://schemas.xmlsoap.org/soap/envelope/">
    <s:Body xmlns:xsd="http://www.w3.org/2001/XMLSchema" xmlns:xsi="http://www.w3.org/2001/XMLSchema-instance">
        <empfangePapierlogistikmeldung xmlns="http://tms.ica.de/automatenService/wsdl/3_10/">
            <faaPapierlogistikmeldung xmlns="http://tms.ica.de/automatenService/3_10/" zeitpunkt="2024-09-24T10:53:54.017+02:00" vorgangstyp="ENTNAHME" papierlogistiker="0" vorgangsnummer="0" charge="" seriennummerPapier="100013" abschnittsnummerPapier="5" seriennummerDrucker="30057500E020340" einbauposition="0" papierkanalDrucker="-1" abrechnungsnummer="10164" ausgabemediumTyp="SORT_1" medienkennung="01000130000005" druckerKennung="DEV_PRN_3" papierkanalKennung="PRN_PB_2" sstVersion="3.10">
                <verkaufspunkt posNummer="999000" betreiber="99" seriennummer="999000" ipAdresse="0.0.0.0"/>
                <metadaten sequenznummer="16349" guid="a154e91e-c440-486b-ab63-76de1225c469"/>
                <papiersorte materialcode="0" abschnitteGesamt="5560" nummernfolge="ABSTEIGEND"/>
            </faaPapierlogistikmeldung>
        </empfangePapierlogistikmeldung>
    </s:Body>
</s:Envelope>


###############################################
###############################################
Result:
###############################################
OK

###############################################
################################################################################

Finished: 2024-09-24 10:53:57

