################################################################################
#####   Generator -> Papierlogistikmeldung 
################################################################################
Started: 2024-09-27 14:56:14

###############################################
Arguments:
###############################################
 projektname                   : MASTER
 TESTFALLNAME                  : PLM_entnehmen_letzteSerienNr
 mainpath                      : C:\Testtools\HGS\MELDUNGEN
 MELDUNGSNAME                  : Papierlogistikmeldung
 testfallname                  : PLM_entnehmen_letzteSerienNr
 meldungsname                  : Papierlogistikmeldung
 PROJEKTNAME                   : MASTER
 MAINPATH                      : C:\Testtools\HGS\MELDUNGEN
###############################################


###############################################
Eingangsdaten:
###############################################

Testdaten:papierbahn = PRN_PB_2
Testdaten:status = Entnahme
Testdaten:papiersorte = 0
Testdaten:barcode = 
Testdaten:seriennummerPapier = 
Testdaten:verbleibendeabschnitte = 5
Testdaten:aktuellerabschnitt = 5
------------------------------------------
Papierlogistikmeldung:abschnittsnummerPapier = 0000005
Papierlogistikmeldung:ausgabemediumTyp = SORT_1
Papierlogistikmeldung:charge = 
Papierlogistikmeldung:druckerKennung = DEV_PRN_2
Papierlogistikmeldung:einbauposition = 0
Papierlogistikmeldung:medienkennung = 
Papierlogistikmeldung:papierkanalDrucker = -1
Papierlogistikmeldung:papierkanalKennung = PRN_PB_2
Papierlogistikmeldung:papierlogistiker = 0
Papierlogistikmeldung:seriennummerDrucker = 30057500E020340
Papierlogistikmeldung:seriennummerPapier = 
Papierlogistikmeldung:sstVersion = 3.10
Papierlogistikmeldung:vorgangsnummer = 0
Papierlogistikmeldung:vorgangstyp = ENTNAHME
Papierlogistikmeldung:zeitpunkt = 
Papierlogistikmeldung:abrechnungsnummer = 
------------------------------------------
papiersorte_1:abschnitteGesamt = 6750
papiersorte_1:materialcode = 0
papiersorte_1:nummernfolge = ABSTEIGEND
------------------------------------------
GLOBAL:PROJEKTNAME = MASTER
GLOBAL:DATABASE = C:\Testtools\HGS\MELDUNGEN/CONFIG\MASTER\database.ini
GLOBAL:AUTOMAT = 999000
GLOBAL:URLHGS = https://uestra.dev.ti-ica.de/dplus/services/automatenService/3_10/?wsdl
GLOBAL:VERSION = 3.10
GLOBAL:TRANSFERFILE = C:\Testtools\HGS\MELDUNGEN/CONFIG/TRANSFER/transfer_MASTER.ini
------------------------------------------

###############################################

###############################################
Message:
###############################################
<s:Envelope xmlns:s="http://schemas.xmlsoap.org/soap/envelope/">
    <s:Body xmlns:xsd="http://www.w3.org/2001/XMLSchema" xmlns:xsi="http://www.w3.org/2001/XMLSchema-instance">
        <empfangePapierlogistikmeldung xmlns="http://tms.ica.de/automatenService/wsdl/3_10/">
            <faaPapierlogistikmeldung xmlns="http://tms.ica.de/automatenService/3_10/" zeitpunkt="2024-09-27T14:56:14.831+02:00" vorgangstyp="ENTNAHME" papierlogistiker="0" vorgangsnummer="0" charge="" seriennummerPapier="100031" abschnittsnummerPapier="5" seriennummerDrucker="30057500E020340" einbauposition="0" papierkanalDrucker="-1" abrechnungsnummer="10182" ausgabemediumTyp="SORT_1" medienkennung="01000310000005" druckerKennung="DEV_PRN_2" papierkanalKennung="PRN_PB_2" sstVersion="3.10">
                <verkaufspunkt posNummer="999000" betreiber="99" seriennummer="999000" ipAdresse="0.0.0.0"/>
                <metadaten sequenznummer="17075" guid="30859935-6cd7-440a-9232-4f8af85e1a8e"/>
                <papiersorte materialcode="0" abschnitteGesamt="6750" nummernfolge="ABSTEIGEND"/>
            </faaPapierlogistikmeldung>
        </empfangePapierlogistikmeldung>
    </s:Body>
</s:Envelope>


###############################################
###############################################
Result:
###############################################
OK

###############################################
################################################################################

Finished: 2024-09-27 14:56:17

