################################################################################
#####   Generator -> Schichtreport 
################################################################################
Started: 2024-10-10 14:19:49

###############################################
Arguments:
###############################################
 projektname                   : MASTER
 TESTFALLNAME                  : Schicht_GL_komplett
 mainpath                      : C:\Testtools\HGS\MELDUNGEN
 MELDUNGSNAME                  : Schichtreport
 testfallname                  : Schicht_GL_komplett
 meldungsname                  : Schichtreport
 PROJEKTNAME                   : MASTER
 MAINPATH                      : C:\Testtools\HGS\MELDUNGEN
###############################################


###############################################
Eingangsdaten:
###############################################

TestData:stoerBetrag = 
TestData:prodPreis = 
TestData:umsatzBar = 
TestData:umsatzGesamt = 
TestData:anzahlquittungen = 
TestData:anzahlVerkauefe = 
TestData:umsatzGiro = 
TestData:summeVerkaeufe = 
TestData:verkaufsZeitraum = 
TestData:umsatzKredit = 
TestData:abrechnungsnummer = 
------------------------------------------
Schichtreport:sstVersion = 3.10
Schichtreport:versionKey = -1
Schichtreport:abrechnungsnummer = #NEU#
------------------------------------------
geldlogistik_1:abrechnung = 0
geldlogistik_1:geldlogistiker = 0
geldlogistik_1:vorgangstyp = INFORMATION
geldlogistik_1:zeitpunkt = 
geldlogistik_1:einschubNr = 1
geldlogistik_1:geldspeicherId = 33201609
geldlogistik_1:geldspeichertyp = ZGS
geldlogistik_1:geldbetrag = 14000#EUR
------------------------------------------
geldlogistik_1.bestandSorte_1:nennwert = EUR#10
geldlogistik_1.bestandSorte_1:anzahl = 1400
------------------------------------------
geldlogistik_2:abrechnung = 0
geldlogistik_2:geldlogistiker = 0
geldlogistik_2:vorgangstyp = INFORMATION
geldlogistik_2:zeitpunkt = 
geldlogistik_2:einschubNr = 2
geldlogistik_2:geldspeicherId = 34204823
geldlogistik_2:geldspeichertyp = ZGS
geldlogistik_2:geldbetrag = 20000#EUR
------------------------------------------
geldlogistik_2.bestandSorte_1:nennwert = EUR#200
geldlogistik_2.bestandSorte_1:anzahl = 100
------------------------------------------
geldlogistik_3:abrechnung = 0
geldlogistik_3:geldlogistiker = 0
geldlogistik_3:vorgangstyp = INFORMATION
geldlogistik_3:zeitpunkt = 
geldlogistik_3:einschubNr = 3
geldlogistik_3:geldspeicherId = 31210510
geldlogistik_3:geldspeichertyp = ZGS
geldlogistik_3:geldbetrag = 10000#EUR
------------------------------------------
geldlogistik_3.bestandSorte_1:nennwert = EUR#100
geldlogistik_3.bestandSorte_1:anzahl = 100
------------------------------------------
geldlogistik_4:abrechnung = 0
geldlogistik_4:geldlogistiker = 0
geldlogistik_4:vorgangstyp = INFORMATION
geldlogistik_4:zeitpunkt = 
geldlogistik_4:einschubNr = 0
geldlogistik_4:geldspeicherId = 99
geldlogistik_4:geldspeichertyp = BEK
geldlogistik_4:geldbetrag = 0#EUR
------------------------------------------
geldlogistik_5:abrechnung = 0
geldlogistik_5:geldlogistiker = 0
geldlogistik_5:vorgangstyp = INFORMATION
geldlogistik_5:zeitpunkt = 
geldlogistik_5:einschubNr = 1
geldlogistik_5:geldspeicherId = 676000331
geldlogistik_5:geldspeichertyp = BEK
geldlogistik_5:geldbetrag = 8500#EUR
------------------------------------------
geldlogistik_5.bestandSorte_1:nennwert = EUR#500
geldlogistik_5.bestandSorte_1:anzahl = 1
------------------------------------------
geldlogistik_5.bestandSorte_2:nennwert = EUR#1000
geldlogistik_5.bestandSorte_2:anzahl = 4
------------------------------------------
geldlogistik_5.bestandSorte_3:nennwert = EUR#2000
geldlogistik_5.bestandSorte_3:anzahl = 2
------------------------------------------
geldlogistik_6:abrechnung = 0
geldlogistik_6:geldlogistiker = 0
geldlogistik_6:vorgangstyp = INFORMATION
geldlogistik_6:zeitpunkt = 
geldlogistik_6:einschubNr = 1
geldlogistik_6:geldspeicherId = 47211168
geldlogistik_6:geldspeichertyp = WGR
geldlogistik_6:geldbetrag = 100#EUR
------------------------------------------
geldlogistik_6.bestandSorte_1:nennwert = EUR#20
geldlogistik_6.bestandSorte_1:anzahl = 5
------------------------------------------
geldlogistik_7:abrechnung = 0
geldlogistik_7:geldlogistiker = 0
geldlogistik_7:vorgangstyp = INFORMATION
geldlogistik_7:zeitpunkt = 
geldlogistik_7:einschubNr = 2
geldlogistik_7:geldspeicherId = 44211138
geldlogistik_7:geldspeichertyp = WGR
geldlogistik_7:geldbetrag = 0#EUR
------------------------------------------
geldlogistik_7.bestandSorte_1:nennwert = EUR#5
geldlogistik_7.bestandSorte_1:anzahl = 0
------------------------------------------
geldlogistik_8:abrechnung = 0
geldlogistik_8:geldlogistiker = 0
geldlogistik_8:vorgangstyp = INFORMATION
geldlogistik_8:zeitpunkt = 
geldlogistik_8:einschubNr = 3
geldlogistik_8:geldspeicherId = 42211167
geldlogistik_8:geldspeichertyp = WGR
geldlogistik_8:geldbetrag = 250#EUR
------------------------------------------
geldlogistik_8.bestandSorte_1:nennwert = EUR#50
geldlogistik_8.bestandSorte_1:anzahl = 5
------------------------------------------
geldlogistik_9:abrechnung = 0
geldlogistik_9:geldlogistiker = 0
geldlogistik_9:vorgangstyp = INFORMATION
geldlogistik_9:zeitpunkt = 
geldlogistik_9:einschubNr = 4
geldlogistik_9:geldspeicherId = 43211148
geldlogistik_9:geldspeichertyp = WGR
geldlogistik_9:geldbetrag = 50#EUR
------------------------------------------
geldlogistik_9.bestandSorte_1:nennwert = EUR#10
geldlogistik_9.bestandSorte_1:anzahl = 5
------------------------------------------
geldlogistik_10:abrechnung = 0
geldlogistik_10:geldlogistiker = 0
geldlogistik_10:vorgangstyp = INFORMATION
geldlogistik_10:zeitpunkt = 
geldlogistik_10:einschubNr = 5
geldlogistik_10:geldspeicherId = 40211179
geldlogistik_10:geldspeichertyp = WGR
geldlogistik_10:geldbetrag = 1600#EUR
------------------------------------------
geldlogistik_10.bestandSorte_1:nennwert = EUR#200
geldlogistik_10.bestandSorte_1:anzahl = 8
------------------------------------------
GLOBAL:PROJEKTNAME = MASTER
GLOBAL:DATABASE = C:\Testtools\HGS\MELDUNGEN/CONFIG\MASTER\database.ini
GLOBAL:AUTOMAT = 999000
GLOBAL:URLHGS = https://uestra.dev.ti-ica.de/dplus/services/automatenService/3_10/?wsdl
GLOBAL:VERSION = 3.10
GLOBAL:TRANSFERFILE = C:\Testtools\HGS\MELDUNGEN/CONFIG/TRANSFER/transfer_MASTER.ini
------------------------------------------

###############################################

###############################################
Message:
###############################################
<s:Envelope xmlns:s="http://schemas.xmlsoap.org/soap/envelope/">
    <s:Body xmlns:xsd="http://www.w3.org/2001/XMLSchema" xmlns:xsi="http://www.w3.org/2001/XMLSchema-instance">
        <empfangeSchichtreport xmlns="http://tms.ica.de/automatenService/wsdl/3_10/">
            <faaSchichtreport xmlns="http://tms.ica.de/automatenService/3_10/" sstVersion="3.10">
                <verkaufspunkt posNummer="999000" betreiber="99" seriennummer="999000" ipAdresse="0.0.0.0"/>
                <versionKey>-1</versionKey>
                <abrechnungsnummer>10194</abrechnungsnummer>
                <geldlogistik vorgangstyp="INFORMATION" zeitpunkt="2024-10-10T14:19:49.493+02:00" geldlogistiker="0" geldspeichertyp="ZGS" einschubNr="1" geldspeicherId="33201609" abrechnung="0">
                    <geldbetrag betrag="14000" waehrung="EUR"/>
                    <bestandSorte anzahl="1400">
                        <nennwert waehrung="EUR" wertigkeit="10"/>
                    </bestandSorte>
                    <metadaten sequenznummer="17106" guid="c4730f92-f73c-4299-9e13-df1460669222"/>
                </geldlogistik>
                <geldlogistik vorgangstyp="INFORMATION" zeitpunkt="2024-10-10T14:19:49.532+02:00" geldlogistiker="0" geldspeichertyp="WGR" einschubNr="5" geldspeicherId="40211179" abrechnung="0">
                    <geldbetrag betrag="1600" waehrung="EUR"/>
                    <bestandSorte anzahl="8">
                        <nennwert waehrung="EUR" wertigkeit="200"/>
                    </bestandSorte>
                    <metadaten sequenznummer="17115" guid="2659cd74-1585-41d3-8d76-2a678f56d37b"/>
                </geldlogistik>
                <geldlogistik vorgangstyp="INFORMATION" zeitpunkt="2024-10-10T14:19:49.504+02:00" geldlogistiker="0" geldspeichertyp="ZGS" einschubNr="2" geldspeicherId="34204823" abrechnung="0">
                    <geldbetrag betrag="20000" waehrung="EUR"/>
                    <bestandSorte anzahl="100">
                        <nennwert waehrung="EUR" wertigkeit="200"/>
                    </bestandSorte>
                    <metadaten sequenznummer="17107" guid="99ef4ba4-c04a-476a-bb36-86ad7897f8f3"/>
                </geldlogistik>
                <geldlogistik vorgangstyp="INFORMATION" zeitpunkt="2024-10-10T14:19:49.511+02:00" geldlogistiker="0" geldspeichertyp="ZGS" einschubNr="3" geldspeicherId="31210510" abrechnung="0">
                    <geldbetrag betrag="10000" waehrung="EUR"/>
                    <bestandSorte anzahl="100">
                        <nennwert waehrung="EUR" wertigkeit="100"/>
                    </bestandSorte>
                    <metadaten sequenznummer="17108" guid="9e4086ec-30d6-483a-8c74-7e1fd23e620f"/>
                </geldlogistik>
                <geldlogistik vorgangstyp="INFORMATION" zeitpunkt="2024-10-10T14:19:49.515+02:00" geldlogistiker="0" geldspeichertyp="BEK" einschubNr="0" geldspeicherId="99" abrechnung="0">
                    <geldbetrag betrag="0" waehrung="EUR"/>
                    <metadaten sequenznummer="17109" guid="7d4492f6-45f5-44d8-8a67-8ce97b1d8081"/>
                </geldlogistik>
                <geldlogistik vorgangstyp="INFORMATION" zeitpunkt="2024-10-10T14:19:49.518+02:00" geldlogistiker="0" geldspeichertyp="BEK" einschubNr="1" geldspeicherId="676000331" abrechnung="0">
                    <geldbetrag betrag="8500" waehrung="EUR"/>
                    <bestandSorte anzahl="1">
                        <nennwert waehrung="EUR" wertigkeit="500"/>
                    </bestandSorte>
                    <bestandSorte anzahl="4">
                        <nennwert waehrung="EUR" wertigkeit="1000"/>
                    </bestandSorte>
                    <bestandSorte anzahl="2">
                        <nennwert waehrung="EUR" wertigkeit="2000"/>
                    </bestandSorte>
                    <metadaten sequenznummer="17110" guid="0a1cb2fe-986c-473a-a7db-8d604115be76"/>
                </geldlogistik>
                <geldlogistik vorgangstyp="INFORMATION" zeitpunkt="2024-10-10T14:19:49.522+02:00" geldlogistiker="0" geldspeichertyp="WGR" einschubNr="1" geldspeicherId="47211168" abrechnung="0">
                    <geldbetrag betrag="100" waehrung="EUR"/>
                    <bestandSorte anzahl="5">
                        <nennwert waehrung="EUR" wertigkeit="20"/>
                    </bestandSorte>
                    <metadaten sequenznummer="17111" guid="6a65d370-cd1a-4fa6-83b6-33984823f727"/>
                </geldlogistik>
                <geldlogistik vorgangstyp="INFORMATION" zeitpunkt="2024-10-10T14:19:49.525+02:00" geldlogistiker="0" geldspeichertyp="WGR" einschubNr="2" geldspeicherId="44211138" abrechnung="0">
                    <geldbetrag betrag="0" waehrung="EUR"/>
                    <bestandSorte anzahl="0">
                        <nennwert waehrung="EUR" wertigkeit="5"/>
                    </bestandSorte>
                    <metadaten sequenznummer="17112" guid="d7907188-8e73-4f29-99ec-be8fe0e2330c"/>
                </geldlogistik>
                <geldlogistik vorgangstyp="INFORMATION" zeitpunkt="2024-10-10T14:19:49.527+02:00" geldlogistiker="0" geldspeichertyp="WGR" einschubNr="3" geldspeicherId="42211167" abrechnung="0">
                    <geldbetrag betrag="250" waehrung="EUR"/>
                    <bestandSorte anzahl="5">
                        <nennwert waehrung="EUR" wertigkeit="50"/>
                    </bestandSorte>
                    <metadaten sequenznummer="17113" guid="163a3ffa-5494-4c62-82b6-b491cf51a6d0"/>
                </geldlogistik>
                <geldlogistik vorgangstyp="INFORMATION" zeitpunkt="2024-10-10T14:19:49.529+02:00" geldlogistiker="0" geldspeichertyp="WGR" einschubNr="4" geldspeicherId="43211148" abrechnung="0">
                    <geldbetrag betrag="50" waehrung="EUR"/>
                    <bestandSorte anzahl="5">
                        <nennwert waehrung="EUR" wertigkeit="10"/>
                    </bestandSorte>
                    <metadaten sequenznummer="17114" guid="290c03e5-6fe1-4ec9-a1b1-4cdaf6d47e56"/>
                </geldlogistik>
            </faaSchichtreport>
        </empfangeSchichtreport>
    </s:Body>
</s:Envelope>


###############################################
###############################################
Result:
###############################################
OK

###############################################
################################################################################

Finished: 2024-10-10 14:19:51

