################################################################################
#####   Generator -> InventarmeldungBaugruppe 
################################################################################
Started: 2024-09-27 14:49:25

###############################################
Arguments:
###############################################
 projektname                   : MASTER
 TESTFALLNAME                  : InventarmeldungBaugruppe_BEK
 mainpath                      : C:\Testtools\HGS\MELDUNGEN
 MELDUNGSNAME                  : InventarmeldungBaugruppe
 testfallname                  : InventarmeldungBaugruppe_BEK
 meldungsname                  : InventarmeldungBaugruppe
 PROJEKTNAME                   : MASTER
 MAINPATH                      : C:\Testtools\HGS\MELDUNGEN
###############################################


###############################################
Eingangsdaten:
###############################################

Testdata:bezeichnung = BZK
Testdata:baugruppenhersteller = Toyocom
Testdata:geldspeichertyp = Banknotenendkassette
Testdata:status = Installiert
Testdata:baugruppenkategorie = Banknotenverarbeitung
Testdata:seriennummer = 
Testdata:baugruppentyp = BZK
Testdata:abrechnungsnummer = 
------------------------------------------
InventarmeldungBaugruppe:abrechnungsnummer = 
InventarmeldungBaugruppe:betriebsstatus = IN_BETRIEB
InventarmeldungBaugruppe:einbauposition = 0
InventarmeldungBaugruppe:gueltigkeit = 1970-01-01T01:00:00+01:00
InventarmeldungBaugruppe:herstellerBezeichnung = Toyocom
InventarmeldungBaugruppe:seriennummer = 
InventarmeldungBaugruppe:servicetechniker = 0
InventarmeldungBaugruppe:sstVersion = 3.10
InventarmeldungBaugruppe:version = 
InventarmeldungBaugruppe:vorgangsnummer = 0
InventarmeldungBaugruppe:vorgangstyp = INSTALLATION
InventarmeldungBaugruppe:zeitpunkt = 
------------------------------------------
baugruppentyp_1:baugruppenkategorie = BNV
baugruppentyp_1:beschreibung = BZK
baugruppentyp_1:bezeichnung = BZK
baugruppentyp_1:geldspeichertyp = BEK
------------------------------------------
GLOBAL:PROJEKTNAME = MASTER
GLOBAL:DATABASE = C:\Testtools\HGS\MELDUNGEN/CONFIG\MASTER\database.ini
GLOBAL:AUTOMAT = 999000
GLOBAL:URLHGS = https://uestra.dev.ti-ica.de/dplus/services/automatenService/3_10/?wsdl
GLOBAL:VERSION = 3.10
GLOBAL:TRANSFERFILE = C:\Testtools\HGS\MELDUNGEN/CONFIG/TRANSFER/transfer_MASTER.ini
------------------------------------------

###############################################

###############################################
Message:
###############################################
<s:Envelope xmlns:s="http://schemas.xmlsoap.org/soap/envelope/">
    <s:Body xmlns:xsd="http://www.w3.org/2001/XMLSchema" xmlns:xsi="http://www.w3.org/2001/XMLSchema-instance">
        <empfangeInventarmeldungBaugruppe xmlns="http://tms.ica.de/automatenService/wsdl/3_10/">
            <faaInventarmeldungBaugruppe xmlns="http://tms.ica.de/automatenService/3_10/" zeitpunkt="2024-09-27T14:49:25.888+02:00" vorgangstyp="INSTALLATION" servicetechniker="0" vorgangsnummer="0" einbauposition="0" seriennummer="41365886" herstellerBezeichnung="Toyocom" betriebsstatus="IN_BETRIEB" gueltigkeit="1970-01-01T01:00:00.000+01:00" abrechnungsnummer="10176" version="" sstVersion="3.10">
                <verkaufspunkt posNummer="999000" betreiber="99" seriennummer="999000" ipAdresse="0.0.0.0"/>
                <metadaten sequenznummer="16824" guid="7d33e3fa-c5d2-4153-a189-978c13c0dea1"/>
                <baugruppentyp baugruppenkategorie="BNV" beschreibung="BZK" bezeichnung="BZK" geldspeichertyp="BEK"/>
            </faaInventarmeldungBaugruppe>
        </empfangeInventarmeldungBaugruppe>
    </s:Body>
</s:Envelope>


###############################################
###############################################
Result:
###############################################
OK

###############################################
################################################################################

Finished: 2024-09-27 14:49:29

