################################################################################
#####   Generator -> InventarmeldungBaugruppe 
################################################################################
Started: 2024-09-27 14:50:12

###############################################
Arguments:
###############################################
 projektname                   : MASTER
 TESTFALLNAME                  : InventarmeldungBaugruppe_ZGS_2e_INSTALL
 mainpath                      : C:\Testtools\HGS\MELDUNGEN
 MELDUNGSNAME                  : InventarmeldungBaugruppe
 testfallname                  : InventarmeldungBaugruppe_ZGS_2e_INSTALL
 meldungsname                  : InventarmeldungBaugruppe
 PROJEKTNAME                   : MASTER
 MAINPATH                      : C:\Testtools\HGS\MELDUNGEN
###############################################


###############################################
Eingangsdaten:
###############################################

Testdata:status = Installiert
Testdata:baugruppenkategorie = Münzverarbeitung
Testdata:baugruppenhersteller = Hopper MK IV
Testdata:geldspeichertyp = Zusatzgeldspeicher
Testdata:seriennummer = 
Testdata:bezeichnung = ZGS 2?
Testdata:baugruppentyp = ZGS 2?
Testdata:abrechnungsnummer = 
------------------------------------------
InventarmeldungBaugruppe:abrechnungsnummer = 
InventarmeldungBaugruppe:betriebsstatus = IN_BETRIEB
InventarmeldungBaugruppe:einbauposition = 0
InventarmeldungBaugruppe:gueltigkeit = 1970-01-01T01:00:00+01:00
InventarmeldungBaugruppe:seriennummer = 
InventarmeldungBaugruppe:servicetechniker = 0
InventarmeldungBaugruppe:sstVersion = 3.10
InventarmeldungBaugruppe:version = 
InventarmeldungBaugruppe:vorgangsnummer = 0
InventarmeldungBaugruppe:vorgangstyp = INSTALLATION
InventarmeldungBaugruppe:zeitpunkt = 
InventarmeldungBaugruppe:herstellerBezeichnung = Hopper MK IV
------------------------------------------
baugruppentyp_1:baugruppenkategorie = MUV
baugruppentyp_1:beschreibung = ZGS 2?
baugruppentyp_1:bezeichnung = ZGS 2?
baugruppentyp_1:geldspeichertyp = ZGS
------------------------------------------
GLOBAL:PROJEKTNAME = MASTER
GLOBAL:DATABASE = C:\Testtools\HGS\MELDUNGEN/CONFIG\MASTER\database.ini
GLOBAL:AUTOMAT = 999000
GLOBAL:URLHGS = https://uestra.dev.ti-ica.de/dplus/services/automatenService/3_10/?wsdl
GLOBAL:VERSION = 3.10
GLOBAL:TRANSFERFILE = C:\Testtools\HGS\MELDUNGEN/CONFIG/TRANSFER/transfer_MASTER.ini
------------------------------------------

###############################################

###############################################
Message:
###############################################
<s:Envelope xmlns:s="http://schemas.xmlsoap.org/soap/envelope/">
    <s:Body xmlns:xsd="http://www.w3.org/2001/XMLSchema" xmlns:xsi="http://www.w3.org/2001/XMLSchema-instance">
        <empfangeInventarmeldungBaugruppe xmlns="http://tms.ica.de/automatenService/wsdl/3_10/">
            <faaInventarmeldungBaugruppe xmlns="http://tms.ica.de/automatenService/3_10/" zeitpunkt="2024-09-27T14:50:13.023+02:00" vorgangstyp="INSTALLATION" servicetechniker="0" vorgangsnummer="0" einbauposition="0" seriennummer="41413022" herstellerBezeichnung="Hopper MK IV" betriebsstatus="IN_BETRIEB" gueltigkeit="1970-01-01T01:00:00.000+01:00" abrechnungsnummer="10176" version="" sstVersion="3.10">
                <verkaufspunkt posNummer="999000" betreiber="99" seriennummer="999000" ipAdresse="0.0.0.0"/>
                <metadaten sequenznummer="16826" guid="731215b7-1ed4-4c8e-a353-69f19b5d363d"/>
                <baugruppentyp baugruppenkategorie="MUV" beschreibung="ZGS 2?" bezeichnung="ZGS 2?" geldspeichertyp="ZGS"/>
            </faaInventarmeldungBaugruppe>
        </empfangeInventarmeldungBaugruppe>
    </s:Body>
</s:Envelope>


###############################################
###############################################
Result:
###############################################
OK

###############################################
################################################################################

Finished: 2024-09-27 14:50:16

