################################################################################
#####   Generator -> Schichtreport 
################################################################################
Started: 2024-10-10 14:10:50

###############################################
Arguments:
###############################################
 projektname                   : MASTER
 TESTFALLNAME                  : Schicht_GL_komplett
 mainpath                      : C:\Testtools\HGS\MELDUNGEN
 MELDUNGSNAME                  : Schichtreport
 testfallname                  : Schicht_GL_komplett
 meldungsname                  : Schichtreport
 PROJEKTNAME                   : MASTER
 MAINPATH                      : C:\Testtools\HGS\MELDUNGEN
###############################################


###############################################
Eingangsdaten:
###############################################

TestData:stoerBetrag = 
TestData:prodPreis = 
TestData:umsatzBar = 
TestData:umsatzGesamt = 
TestData:anzahlquittungen = 
TestData:anzahlVerkauefe = 
TestData:umsatzGiro = 
TestData:summeVerkaeufe = 
TestData:verkaufsZeitraum = 
TestData:umsatzKredit = 
TestData:abrechnungsnummer = 
------------------------------------------
Schichtreport:sstVersion = 3.10
Schichtreport:versionKey = -1
Schichtreport:abrechnungsnummer = #NEU#
------------------------------------------
geldlogistik_1:abrechnung = 0
geldlogistik_1:geldlogistiker = 0
geldlogistik_1:vorgangstyp = INFORMATION
geldlogistik_1:zeitpunkt = 
geldlogistik_1:einschubNr = 1
geldlogistik_1:geldspeicherId = 33201609
geldlogistik_1:geldspeichertyp = ZGS
geldlogistik_1:geldbetrag = 14000#EUR
------------------------------------------
geldlogistik_1.bestandSorte_1:nennwert = EUR#10
geldlogistik_1.bestandSorte_1:anzahl = 1400
------------------------------------------
geldlogistik_2:abrechnung = 0
geldlogistik_2:geldlogistiker = 0
geldlogistik_2:vorgangstyp = INFORMATION
geldlogistik_2:zeitpunkt = 
geldlogistik_2:einschubNr = 2
geldlogistik_2:geldspeicherId = 34204823
geldlogistik_2:geldspeichertyp = ZGS
geldlogistik_2:geldbetrag = 20000#EUR
------------------------------------------
geldlogistik_2.bestandSorte_1:nennwert = EUR#200
geldlogistik_2.bestandSorte_1:anzahl = 100
------------------------------------------
geldlogistik_3:abrechnung = 0
geldlogistik_3:geldlogistiker = 0
geldlogistik_3:vorgangstyp = INFORMATION
geldlogistik_3:zeitpunkt = 
geldlogistik_3:einschubNr = 3
geldlogistik_3:geldspeicherId = 31210510
geldlogistik_3:geldspeichertyp = ZGS
geldlogistik_3:geldbetrag = 10000#EUR
------------------------------------------
geldlogistik_3.bestandSorte_1:nennwert = EUR#100
geldlogistik_3.bestandSorte_1:anzahl = 100
------------------------------------------
GLOBAL:PROJEKTNAME = MASTER
GLOBAL:DATABASE = C:\Testtools\HGS\MELDUNGEN/CONFIG\MASTER\database.ini
GLOBAL:AUTOMAT = 999000
GLOBAL:URLHGS = https://uestra.dev.ti-ica.de/dplus/services/automatenService/3_10/?wsdl
GLOBAL:VERSION = 3.10
GLOBAL:TRANSFERFILE = C:\Testtools\HGS\MELDUNGEN/CONFIG/TRANSFER/transfer_MASTER.ini
------------------------------------------

###############################################

###############################################
Message:
###############################################
<s:Envelope xmlns:s="http://schemas.xmlsoap.org/soap/envelope/">
    <s:Body xmlns:xsd="http://www.w3.org/2001/XMLSchema" xmlns:xsi="http://www.w3.org/2001/XMLSchema-instance">
        <empfangeSchichtreport xmlns="http://tms.ica.de/automatenService/wsdl/3_10/">
            <faaSchichtreport xmlns="http://tms.ica.de/automatenService/3_10/" sstVersion="3.10">
                <verkaufspunkt posNummer="999000" betreiber="99" seriennummer="999000" ipAdresse="0.0.0.0"/>
                <versionKey>-1</versionKey>
                <abrechnungsnummer>10193</abrechnungsnummer>
                <geldlogistik vorgangstyp="INFORMATION" zeitpunkt="2024-10-10T14:10:50.996+02:00" geldlogistiker="0" geldspeichertyp="ZGS" einschubNr="1" geldspeicherId="33201609" abrechnung="0">
                    <geldbetrag betrag="14000" waehrung="EUR"/>
                    <bestandSorte anzahl="1400">
                        <nennwert waehrung="EUR" wertigkeit="10"/>
                    </bestandSorte>
                    <metadaten sequenznummer="17103" guid="b952bf3f-1037-4c08-98ce-e8966f18a72f"/>
                </geldlogistik>
                <geldlogistik vorgangstyp="INFORMATION" zeitpunkt="2024-10-10T14:10:51.001+02:00" geldlogistiker="0" geldspeichertyp="ZGS" einschubNr="2" geldspeicherId="34204823" abrechnung="0">
                    <geldbetrag betrag="20000" waehrung="EUR"/>
                    <bestandSorte anzahl="100">
                        <nennwert waehrung="EUR" wertigkeit="200"/>
                    </bestandSorte>
                    <metadaten sequenznummer="17104" guid="b1eb1b76-93ad-4e1d-90c5-dfc3f5e1b63c"/>
                </geldlogistik>
                <geldlogistik vorgangstyp="INFORMATION" zeitpunkt="2024-10-10T14:10:51.004+02:00" geldlogistiker="0" geldspeichertyp="ZGS" einschubNr="3" geldspeicherId="31210510" abrechnung="0">
                    <geldbetrag betrag="10000" waehrung="EUR"/>
                    <bestandSorte anzahl="100">
                        <nennwert waehrung="EUR" wertigkeit="100"/>
                    </bestandSorte>
                    <metadaten sequenznummer="17105" guid="15aa2b35-1e42-4db9-8fda-80a881a612e8"/>
                </geldlogistik>
            </faaSchichtreport>
        </empfangeSchichtreport>
    </s:Body>
</s:Envelope>


###############################################
###############################################
Result:
###############################################
OK

###############################################
################################################################################

Finished: 2024-10-10 14:10:52

