################################################################################
#####   Generator -> Schichtreport 
################################################################################
Started: 2024-09-27 14:45:22

###############################################
Arguments:
###############################################
 projektname                   : MASTER
 TESTFALLNAME                  : SchichtreportStoer
 mainpath                      : C:\Testtools\HGS\MELDUNGEN
 MELDUNGSNAME                  : Schichtreport
 testfallname                  : SchichtreportStoer
 meldungsname                  : Schichtreport
 PROJEKTNAME                   : MASTER
 MAINPATH                      : C:\Testtools\HGS\MELDUNGEN
###############################################


###############################################
Eingangsdaten:
###############################################

Testdaten:stoerBetrag = 2,40
Testdaten:prodPreis = 2,60
Testdaten:umsatzBar = 5,00
Testdaten:umsatzGesamt = 5,00
Testdaten:anzahlquittungen = 1
Testdaten:anzahlVerkauefe = 1
Testdaten:umsatzGiro = 0,00
Testdaten:summeVerkaeufe = 2,60
Testdaten:verkaufsZeitraum = Letzter Monat
Testdaten:UmsatzKredit = 0,00
Testdaten:abrechnungsnummer = 
------------------------------------------
Schichtreport:sstVersion = 3.10
Schichtreport:versionKey = -1
Schichtreport:abrechnungsnummer = #NEU#
Schichtreport:verkaeufer = automat
Schichtreport:servicetechniker = 5555
------------------------------------------
verkaeufe_1:anzahlPerson = 1
verkaeufe_1:beginnGueltigkeit = 2024-08-06T13:52:47+02:00
verkaeufe_1:endeGueltigkeit = 2024-08-07T13:53:28+02:00
verkaeufe_1:fahrzeugKennung = 
verkaeufe_1:gattung = 16964
verkaeufe_1:kundengruppe = 0
verkaeufe_1:linie = 0
verkaeufe_1:linieVariante = 0
verkaeufe_1:medium = PAPIER
verkaeufe_1:mediumID = 0
verkaeufe_1:mwstSatz = 0
verkaeufe_1:preisstufe = 100013
verkaeufe_1:relationsnummer = 
verkaeufe_1:richtung = 1
verkaeufe_1:sprache = 0
verkaeufe_1:startGemeinde = 0
verkaeufe_1:startHaltestelle = 25701731
verkaeufe_1:startZone = 4000000110
verkaeufe_1:status = 0
verkaeufe_1:subvention = 0
verkaeufe_1:tarif = 3
verkaeufe_1:tarifstufe = 
verkaeufe_1:ticketNummer = 6
verkaeufe_1:verkaufHaltestelle = 25701731
verkaeufe_1:verkaufZone = 4000000110
verkaeufe_1:verkaufsart = PT_VERKAUF
verkaeufe_1:verkehr = 1
verkaeufe_1:viaZone = 0
verkaeufe_1:wegVariante = 0
verkaeufe_1:zeitpunkt = 2024-08-06T13:53:28+02:00
verkaeufe_1:zielGemeinde = 0
verkaeufe_1:zielHaltestelle = 0
verkaeufe_1:zielZone = 0
verkaeufe_1:zusatzInformationen = 
verkaeufe_1:pfand = 0#EUR
verkaeufe_1:transaktionsnummer = 7
verkaeufe_1:preisstufenText = ABC
verkaeufe_1:produktkennung = IDP_GVH_4
verkaeufe_1:produktkennungExtern = ABC
verkaeufe_1:tarifBezeichnung = - - -|Tarif_3
verkaeufe_1:artikelnummer = 9298
verkaeufe_1:produktbezeichnung = Tageskarte Kind
verkaeufe_1:preis = 260#EUR
------------------------------------------
quittungen_1:geldkarteHseq = 
quittungen_1:geldkarteSseq = 
quittungen_1:geldkartenBseq = 
quittungen_1:geldkartenNr = 
quittungen_1:gueltigkeitKreditkarte = 
quittungen_1:haendlerkartennr = 
quittungen_1:kartennummerKreditkarte = 
quittungen_1:kartennummergirocard = 
quittungen_1:muenzenNotenEingegeben = EUR500,
quittungen_1:muenzenNotenZurueckgegeben = h2-200h3-10h1-100
quittungen_1:statusStorno = 0
quittungen_1:statusTransaktion = 0
quittungen_1:terminalIdGiroCard = 
quittungen_1:terminalIdKreditkarte = 0
quittungen_1:zahlungsart = 0
quittungen_1:zeitpunkt = 2024-08-06T13:53:29+02:00
quittungen_1:anzahltransaktionen = 1
quittungen_1:transaktionsnummer = 7
quittungen_1:preisTotal = 260#EUR
quittungen_1:einzahlungsbetrag = 500#EUR
quittungen_1:transaktionsnummerGiroCard = 0
quittungen_1:ueberzahlungsbetrag = 0#EUR
quittungen_1:rueckerstattungsbetragIst = 0#EUR
quittungen_1:stoerbetrag = 240#EUR
quittungen_1:rueckerstattungsbetragSoll = 240#EUR
quittungen_1:pfandTotal = 0#EUR
quittungen_1:transaktionsnummerKreditkarte = 0
------------------------------------------
produktausgaben_1:abschnittsnummerPapier = 0005412
produktausgaben_1:abschnittsnummerPapierStart = 0005412
produktausgaben_1:alarm = 0
produktausgaben_1:ausgabeBaugruppe = DEV_PRN_1
produktausgaben_1:ausgabeMediumTyp = PAPIER
produktausgaben_1:ausgabeVorratsbehaelter = PRN_PB_1
produktausgaben_1:ausgabemedium = SORT_1
produktausgaben_1:ausgabestatus = 0
produktausgaben_1:charge = 
produktausgaben_1:einbaupositionBaugruppe = 1
produktausgaben_1:materialcode = 0
produktausgaben_1:medienkennung = 00188360005412
produktausgaben_1:medienkennungStart = 00188360005412
produktausgaben_1:seriennummerPapier = 018836
produktausgaben_1:ticketNummer = 6
produktausgaben_1:transaktionsnummer = 7
produktausgaben_1:verwendung = 1
produktausgaben_1:zeitpunkt = 2024-08-06T13:53:05+02:00
------------------------------------------
produktausgaben_2:abschnittsnummerPapier = 0005410
produktausgaben_2:abschnittsnummerPapierStart = 0005411
produktausgaben_2:alarm = 0
produktausgaben_2:ausgabeBaugruppe = DEV_PRN_1
produktausgaben_2:ausgabeMediumTyp = PAPIER
produktausgaben_2:ausgabeVorratsbehaelter = PRN_PB_1
produktausgaben_2:ausgabemedium = SORT_1
produktausgaben_2:ausgabestatus = 0
produktausgaben_2:charge = 
produktausgaben_2:einbaupositionBaugruppe = 1
produktausgaben_2:materialcode = 0
produktausgaben_2:medienkennung = 00188360005410
produktausgaben_2:medienkennungStart = 00188360005411
produktausgaben_2:seriennummerPapier = 018836
produktausgaben_2:ticketNummer = 69
produktausgaben_2:transaktionsnummer = 0
produktausgaben_2:verwendung = 2
produktausgaben_2:zeitpunkt = 2024-08-06T13:54:23+02:00
------------------------------------------
produktausgaben_3:abschnittsnummerPapier = 0005408
produktausgaben_3:abschnittsnummerPapierStart = 0005409
produktausgaben_3:alarm = 0
produktausgaben_3:ausgabeBaugruppe = DEV_PRN_1
produktausgaben_3:ausgabeMediumTyp = PAPIER
produktausgaben_3:ausgabeVorratsbehaelter = PRN_PB_1
produktausgaben_3:ausgabemedium = SORT_1
produktausgaben_3:ausgabestatus = 0
produktausgaben_3:charge = 
produktausgaben_3:einbaupositionBaugruppe = 1
produktausgaben_3:materialcode = 0
produktausgaben_3:medienkennung = 00188360005408
produktausgaben_3:medienkennungStart = 00188360005409
produktausgaben_3:seriennummerPapier = 018836
produktausgaben_3:ticketNummer = 70
produktausgaben_3:transaktionsnummer = 0
produktausgaben_3:verwendung = 5
produktausgaben_3:zeitpunkt = 2024-08-06T13:54:29+02:00
------------------------------------------
produktausgaben_4:abschnittsnummerPapier = 0005403
produktausgaben_4:abschnittsnummerPapierStart = 0005407
produktausgaben_4:alarm = 0
produktausgaben_4:ausgabeBaugruppe = DEV_PRN_1
produktausgaben_4:ausgabeMediumTyp = PAPIER
produktausgaben_4:ausgabeVorratsbehaelter = PRN_PB_1
produktausgaben_4:ausgabemedium = SORT_1
produktausgaben_4:ausgabestatus = 0
produktausgaben_4:charge = 
produktausgaben_4:einbaupositionBaugruppe = 1
produktausgaben_4:materialcode = 0
produktausgaben_4:medienkennung = 00188360005403
produktausgaben_4:medienkennungStart = 00188360005407
produktausgaben_4:seriennummerPapier = 018836
produktausgaben_4:ticketNummer = 71
produktausgaben_4:transaktionsnummer = 0
produktausgaben_4:verwendung = 10
produktausgaben_4:zeitpunkt = 2024-08-06T13:54:36+02:00
------------------------------------------
geldlogistik_1:abrechnung = 1
geldlogistik_1:einschubNr = 1
geldlogistik_1:geldlogistiker = 5555
geldlogistik_1:geldspeicherId = 47211168
geldlogistik_1:geldspeichertyp = WGR
geldlogistik_1:vorgangstyp = INFORMATION
geldlogistik_1:zeitpunkt = 2024-08-06T13:54:06+02:00
geldlogistik_1:geldbetrag = 0#EUR
------------------------------------------
geldlogistik_1.bestandSorte_1:anzahl = 0
geldlogistik_1.bestandSorte_1:nennwert = EUR#20
------------------------------------------
geldlogistik_2:abrechnung = 1
geldlogistik_2:einschubNr = 2
geldlogistik_2:geldlogistiker = 5555
geldlogistik_2:geldspeicherId = 44211138
geldlogistik_2:geldspeichertyp = WGR
geldlogistik_2:vorgangstyp = INFORMATION
geldlogistik_2:zeitpunkt = 2024-08-06T13:54:06+02:00
geldlogistik_2:geldbetrag = 0#EUR
------------------------------------------
geldlogistik_2.bestandSorte_1:anzahl = 0
geldlogistik_2.bestandSorte_1:nennwert = EUR#5
------------------------------------------
geldlogistik_3:abrechnung = 1
geldlogistik_3:einschubNr = 3
geldlogistik_3:geldlogistiker = 5555
geldlogistik_3:geldspeicherId = 42211167
geldlogistik_3:geldspeichertyp = WGR
geldlogistik_3:vorgangstyp = INFORMATION
geldlogistik_3:zeitpunkt = 2024-08-06T13:54:07+02:00
geldlogistik_3:geldbetrag = 0#EUR
------------------------------------------
geldlogistik_3.bestandSorte_1:anzahl = 0
geldlogistik_3.bestandSorte_1:nennwert = EUR#50
------------------------------------------
geldlogistik_4:abrechnung = 1
geldlogistik_4:einschubNr = 4
geldlogistik_4:geldlogistiker = 5555
geldlogistik_4:geldspeicherId = 43211148
geldlogistik_4:geldspeichertyp = WGR
geldlogistik_4:vorgangstyp = INFORMATION
geldlogistik_4:zeitpunkt = 2024-08-06T13:54:08+02:00
geldlogistik_4:geldbetrag = 0#EUR
------------------------------------------
geldlogistik_4.bestandSorte_1:anzahl = 0
geldlogistik_4.bestandSorte_1:nennwert = EUR#10
------------------------------------------
geldlogistik_5:abrechnung = 1
geldlogistik_5:einschubNr = 5
geldlogistik_5:geldlogistiker = 5555
geldlogistik_5:geldspeicherId = 40211179
geldlogistik_5:geldspeichertyp = WGR
geldlogistik_5:vorgangstyp = INFORMATION
geldlogistik_5:zeitpunkt = 2024-08-06T13:54:09+02:00
geldlogistik_5:geldbetrag = 0#EUR
------------------------------------------
geldlogistik_5.bestandSorte_1:anzahl = 0
geldlogistik_5.bestandSorte_1:nennwert = EUR#200
------------------------------------------
geldlogistik_6:abrechnung = 1
geldlogistik_6:einschubNr = 6
geldlogistik_6:geldlogistiker = 5555
geldlogistik_6:geldspeicherId = 41211176
geldlogistik_6:geldspeichertyp = WGR
geldlogistik_6:vorgangstyp = INFORMATION
geldlogistik_6:zeitpunkt = 2024-08-06T13:54:09+02:00
geldlogistik_6:geldbetrag = 0#EUR
------------------------------------------
geldlogistik_6.bestandSorte_1:anzahl = 0
geldlogistik_6.bestandSorte_1:nennwert = EUR#100
------------------------------------------
geldlogistik_7:abrechnung = 1
geldlogistik_7:einschubNr = 1
geldlogistik_7:geldlogistiker = 5555
geldlogistik_7:geldspeicherId = 31210510
geldlogistik_7:geldspeichertyp = ZGS
geldlogistik_7:vorgangstyp = INFORMATION
geldlogistik_7:zeitpunkt = 2024-08-06T13:54:11+02:00
geldlogistik_7:geldbetrag = 10000#EUR
------------------------------------------
geldlogistik_7.bestandSorte_1:anzahl = 100
geldlogistik_7.bestandSorte_1:nennwert = EUR#100
------------------------------------------
geldlogistik_8:abrechnung = 1
geldlogistik_8:einschubNr = 2
geldlogistik_8:geldlogistiker = 5555
geldlogistik_8:geldspeicherId = 34204823
geldlogistik_8:geldspeichertyp = ZGS
geldlogistik_8:vorgangstyp = INFORMATION
geldlogistik_8:zeitpunkt = 2024-08-06T13:54:11+02:00
geldlogistik_8:geldbetrag = 20000#EUR
------------------------------------------
geldlogistik_8.bestandSorte_1:anzahl = 100
geldlogistik_8.bestandSorte_1:nennwert = EUR#200
------------------------------------------
geldlogistik_9:abrechnung = 1
geldlogistik_9:einschubNr = 3
geldlogistik_9:geldlogistiker = 5555
geldlogistik_9:geldspeicherId = 33201609
geldlogistik_9:geldspeichertyp = ZGS
geldlogistik_9:vorgangstyp = INFORMATION
geldlogistik_9:zeitpunkt = 2024-08-06T13:54:12+02:00
geldlogistik_9:geldbetrag = 14000#EUR
------------------------------------------
geldlogistik_9.bestandSorte_1:anzahl = 1400
geldlogistik_9.bestandSorte_1:nennwert = EUR#10
------------------------------------------
geldlogistik_10:abrechnung = 1
geldlogistik_10:einschubNr = 1
geldlogistik_10:geldlogistiker = 5555
geldlogistik_10:geldspeicherId = 80211631
geldlogistik_10:geldspeichertyp = MEK
geldlogistik_10:vorgangstyp = INFORMATION
geldlogistik_10:zeitpunkt = 2024-08-06T13:54:14+02:00
geldlogistik_10:geldbetrag = 410#EUR
------------------------------------------
geldlogistik_10.bestandSorte_1:anzahl = 4
geldlogistik_10.bestandSorte_1:nennwert = EUR#10
------------------------------------------
geldlogistik_10.bestandSorte_2:anzahl = 1
geldlogistik_10.bestandSorte_2:nennwert = EUR#20
------------------------------------------
geldlogistik_10.bestandSorte_3:anzahl = 7
geldlogistik_10.bestandSorte_3:nennwert = EUR#50
------------------------------------------
geldlogistik_11:abrechnung = 1
geldlogistik_11:einschubNr = 1
geldlogistik_11:geldlogistiker = 5555
geldlogistik_11:geldspeicherId = 676000331
geldlogistik_11:geldspeichertyp = BEK
geldlogistik_11:vorgangstyp = INFORMATION
geldlogistik_11:zeitpunkt = 2024-08-06T13:54:14+02:00
geldlogistik_11:geldbetrag = 1500#EUR
------------------------------------------
geldlogistik_11.bestandSorte_1:anzahl = 1
geldlogistik_11.bestandSorte_1:nennwert = EUR#500
------------------------------------------
geldlogistik_11.bestandSorte_2:anzahl = 1
geldlogistik_11.bestandSorte_2:nennwert = EUR#1000
------------------------------------------
geldlogistik_12:abrechnung = 1
geldlogistik_12:einschubNr = 0
geldlogistik_12:geldlogistiker = 5555
geldlogistik_12:geldspeicherId = 99
geldlogistik_12:geldspeichertyp = BEK
geldlogistik_12:vorgangstyp = INFORMATION
geldlogistik_12:zeitpunkt = 2024-08-06T13:54:14+02:00
geldlogistik_12:geldbetrag = 0#EUR
------------------------------------------
geldlogistik_13:abrechnung = 2
geldlogistik_13:einschubNr = 1
geldlogistik_13:geldlogistiker = 5555
geldlogistik_13:geldspeicherId = 47211168
geldlogistik_13:geldspeichertyp = WGR
geldlogistik_13:vorgangstyp = INFORMATION
geldlogistik_13:zeitpunkt = 2024-08-05T23:59:10+02:00
geldlogistik_13:geldbetrag = 20#EUR
------------------------------------------
geldlogistik_13.bestandSorte_1:anzahl = 1
geldlogistik_13.bestandSorte_1:nennwert = EUR#20
------------------------------------------
geldlogistik_14:abrechnung = 2
geldlogistik_14:einschubNr = 2
geldlogistik_14:geldlogistiker = 5555
geldlogistik_14:geldspeicherId = 44211138
geldlogistik_14:geldspeichertyp = WGR
geldlogistik_14:vorgangstyp = INFORMATION
geldlogistik_14:zeitpunkt = 2024-08-05T23:59:10+02:00
geldlogistik_14:geldbetrag = 0#EUR
------------------------------------------
geldlogistik_14.bestandSorte_1:anzahl = 0
geldlogistik_14.bestandSorte_1:nennwert = EUR#5
------------------------------------------
geldlogistik_15:abrechnung = 2
geldlogistik_15:einschubNr = 3
geldlogistik_15:geldlogistiker = 5555
geldlogistik_15:geldspeicherId = 42211167
geldlogistik_15:geldspeichertyp = WGR
geldlogistik_15:vorgangstyp = INFORMATION
geldlogistik_15:zeitpunkt = 2024-08-05T23:59:10+02:00
geldlogistik_15:geldbetrag = 350#EUR
------------------------------------------
geldlogistik_15.bestandSorte_1:anzahl = 7
geldlogistik_15.bestandSorte_1:nennwert = EUR#50
------------------------------------------
geldlogistik_16:abrechnung = 2
geldlogistik_16:einschubNr = 4
geldlogistik_16:geldlogistiker = 5555
geldlogistik_16:geldspeicherId = 43211148
geldlogistik_16:geldspeichertyp = WGR
geldlogistik_16:vorgangstyp = INFORMATION
geldlogistik_16:zeitpunkt = 2024-08-05T23:59:11+02:00
geldlogistik_16:geldbetrag = 40#EUR
------------------------------------------
geldlogistik_16.bestandSorte_1:anzahl = 4
geldlogistik_16.bestandSorte_1:nennwert = EUR#10
------------------------------------------
geldlogistik_17:abrechnung = 2
geldlogistik_17:einschubNr = 5
geldlogistik_17:geldlogistiker = 5555
geldlogistik_17:geldspeicherId = 40211179
geldlogistik_17:geldspeichertyp = WGR
geldlogistik_17:vorgangstyp = INFORMATION
geldlogistik_17:zeitpunkt = 2024-08-05T23:59:11+02:00
geldlogistik_17:geldbetrag = 0#EUR
------------------------------------------
geldlogistik_17.bestandSorte_1:anzahl = 0
geldlogistik_17.bestandSorte_1:nennwert = EUR#200
------------------------------------------
geldlogistik_18:abrechnung = 2
geldlogistik_18:einschubNr = 6
geldlogistik_18:geldlogistiker = 5555
geldlogistik_18:geldspeicherId = 41211176
geldlogistik_18:geldspeichertyp = WGR
geldlogistik_18:vorgangstyp = INFORMATION
geldlogistik_18:zeitpunkt = 2024-08-05T23:59:12+02:00
geldlogistik_18:geldbetrag = 0#EUR
------------------------------------------
geldlogistik_18.bestandSorte_1:anzahl = 0
geldlogistik_18.bestandSorte_1:nennwert = EUR#100
------------------------------------------
geldlogistik_19:abrechnung = 2
geldlogistik_19:einschubNr = 1
geldlogistik_19:geldlogistiker = 5555
geldlogistik_19:geldspeicherId = 31210510
geldlogistik_19:geldspeichertyp = ZGS
geldlogistik_19:vorgangstyp = INFORMATION
geldlogistik_19:zeitpunkt = 2024-08-05T23:59:12+02:00
geldlogistik_19:geldbetrag = 10000#EUR
------------------------------------------
geldlogistik_19.bestandSorte_1:anzahl = 100
geldlogistik_19.bestandSorte_1:nennwert = EUR#100
------------------------------------------
geldlogistik_20:abrechnung = 2
geldlogistik_20:einschubNr = 2
geldlogistik_20:geldlogistiker = 5555
geldlogistik_20:geldspeicherId = 34204823
geldlogistik_20:geldspeichertyp = ZGS
geldlogistik_20:vorgangstyp = INFORMATION
geldlogistik_20:zeitpunkt = 2024-08-05T23:59:13+02:00
geldlogistik_20:geldbetrag = 20000#EUR
------------------------------------------
geldlogistik_20.bestandSorte_1:anzahl = 100
geldlogistik_20.bestandSorte_1:nennwert = EUR#200
------------------------------------------
geldlogistik_21:abrechnung = 2
geldlogistik_21:einschubNr = 3
geldlogistik_21:geldlogistiker = 5555
geldlogistik_21:geldspeicherId = 33201609
geldlogistik_21:geldspeichertyp = ZGS
geldlogistik_21:vorgangstyp = INFORMATION
geldlogistik_21:zeitpunkt = 2024-08-05T23:59:13+02:00
geldlogistik_21:geldbetrag = 14000#EUR
------------------------------------------
geldlogistik_21.bestandSorte_1:anzahl = 1400
geldlogistik_21.bestandSorte_1:nennwert = EUR#10
------------------------------------------
geldlogistik_22:abrechnung = 2
geldlogistik_22:einschubNr = 1
geldlogistik_22:geldlogistiker = 5555
geldlogistik_22:geldspeicherId = 80211631
geldlogistik_22:geldspeichertyp = MEK
geldlogistik_22:vorgangstyp = INFORMATION
geldlogistik_22:zeitpunkt = 2024-08-05T23:59:13+02:00
geldlogistik_22:geldbetrag = 0#EUR
------------------------------------------
geldlogistik_23:abrechnung = 2
geldlogistik_23:einschubNr = 1
geldlogistik_23:geldlogistiker = 5555
geldlogistik_23:geldspeicherId = 676000331
geldlogistik_23:geldspeichertyp = BEK
geldlogistik_23:vorgangstyp = INFORMATION
geldlogistik_23:zeitpunkt = 2024-08-05T23:59:14+02:00
geldlogistik_23:geldbetrag = 1000#EUR
------------------------------------------
geldlogistik_23.bestandSorte_1:anzahl = 1
geldlogistik_23.bestandSorte_1:nennwert = EUR#1000
------------------------------------------
geldlogistik_24:abrechnung = 2
geldlogistik_24:einschubNr = 0
geldlogistik_24:geldlogistiker = 5555
geldlogistik_24:geldspeicherId = 99
geldlogistik_24:geldspeichertyp = BEK
geldlogistik_24:vorgangstyp = INFORMATION
geldlogistik_24:zeitpunkt = 2024-08-05T23:59:14+02:00
geldlogistik_24:geldbetrag = 0#EUR
------------------------------------------
abrechnung_1:abrechnungBeginn = 2024-08-05T23:59:15+02:00
abrechnung_1:abrechnungEnde = 2024-08-06T13:54:15+02:00
abrechnung_1:anzahlStatistiken = 0
------------------------------------------
abrechnung_1.summeWaehrung_1:summeWGRStart = 410#EUR
abrechnung_1.summeWaehrung_1:summeZGSStart = 44000#EUR
abrechnung_1.summeWaehrung_1:summeMEKStart = 0#EUR
abrechnung_1.summeWaehrung_1:summeBEKStart = 1000#EUR
abrechnung_1.summeWaehrung_1:summeWGRZugefuehrt = 0#EUR
abrechnung_1.summeWaehrung_1:summeZGSZugefuehrt = 0#EUR
abrechnung_1.summeWaehrung_1:summeWGRAbgefuehrt = 0#EUR
abrechnung_1.summeWaehrung_1:summeZGSAbgefuehrt = 0#EUR
abrechnung_1.summeWaehrung_1:summeMEKAbgefuehrt = 0#EUR
abrechnung_1.summeWaehrung_1:summeBEKAbgefuehrt = 0#EUR
abrechnung_1.summeWaehrung_1:summeWGR = 0#EUR
abrechnung_1.summeWaehrung_1:summeZGS = 44000#EUR
abrechnung_1.summeWaehrung_1:summeMEK = 410#EUR
abrechnung_1.summeWaehrung_1:summeBEK = 1500#EUR
------------------------------------------
abrechnung_1.summeWaehrung_1.detailsZahlungsart_1:anzahlGeldbehaelterwechsel = 0
abrechnung_1.summeWaehrung_1.detailsZahlungsart_1:anzahlkassenschnitt = 0
abrechnung_1.summeWaehrung_1.detailsZahlungsart_1:zahlungsart = 0
abrechnung_1.summeWaehrung_1.detailsZahlungsart_1:summeEinzahlungsbetrag = 500#EUR
abrechnung_1.summeWaehrung_1.detailsZahlungsart_1:summeUeberzahlungsbetrag = 0#EUR
abrechnung_1.summeWaehrung_1.detailsZahlungsart_1:summeRueckerstattungsbetrag = 240#EUR
abrechnung_1.summeWaehrung_1.detailsZahlungsart_1:summeStoerbetrag = 240#EUR
------------------------------------------
abrechnung_1.summeWaehrung_1.detailsZahlungsart_2:anzahlGeldbehaelterwechsel = 0
abrechnung_1.summeWaehrung_1.detailsZahlungsart_2:anzahlkassenschnitt = 0
abrechnung_1.summeWaehrung_1.detailsZahlungsart_2:zahlungsart = 1
abrechnung_1.summeWaehrung_1.detailsZahlungsart_2:summeEinzahlungsbetrag = 0#EUR
abrechnung_1.summeWaehrung_1.detailsZahlungsart_2:summeUeberzahlungsbetrag = 0#EUR
abrechnung_1.summeWaehrung_1.detailsZahlungsart_2:summeRueckerstattungsbetrag = 0#EUR
abrechnung_1.summeWaehrung_1.detailsZahlungsart_2:summeStoerbetrag = 0#EUR
------------------------------------------
abrechnung_1.summeWaehrung_1.detailsZahlungsart_3:anzahlGeldbehaelterwechsel = 0
abrechnung_1.summeWaehrung_1.detailsZahlungsart_3:anzahlkassenschnitt = 0
abrechnung_1.summeWaehrung_1.detailsZahlungsart_3:zahlungsart = 2
abrechnung_1.summeWaehrung_1.detailsZahlungsart_3:summeEinzahlungsbetrag = 0#EUR
abrechnung_1.summeWaehrung_1.detailsZahlungsart_3:summeUeberzahlungsbetrag = 0#EUR
abrechnung_1.summeWaehrung_1.detailsZahlungsart_3:summeRueckerstattungsbetrag = 0#EUR
abrechnung_1.summeWaehrung_1.detailsZahlungsart_3:summeStoerbetrag = 0#EUR
------------------------------------------
abrechnung_1.summeWaehrung_1.detailsZahlungsart_4:anzahlGeldbehaelterwechsel = 0
abrechnung_1.summeWaehrung_1.detailsZahlungsart_4:anzahlkassenschnitt = 0
abrechnung_1.summeWaehrung_1.detailsZahlungsart_4:zahlungsart = 3
abrechnung_1.summeWaehrung_1.detailsZahlungsart_4:summeEinzahlungsbetrag = 0#EUR
abrechnung_1.summeWaehrung_1.detailsZahlungsart_4:summeUeberzahlungsbetrag = 0#EUR
abrechnung_1.summeWaehrung_1.detailsZahlungsart_4:summeRueckerstattungsbetrag = 0#EUR
abrechnung_1.summeWaehrung_1.detailsZahlungsart_4:summeStoerbetrag = 0#EUR
------------------------------------------
verkaufsstatistik_1:erstellungszeitpunkt = 2024-08-06T13:54:15+02:00
------------------------------------------
verkaufsstatistik_1.produktdetails_1:anzahlProdukte = 1
verkaufsstatistik_1.produktdetails_1:artikelnummer = 9298
verkaufsstatistik_1.produktdetails_1:kundengruppe = 0
verkaufsstatistik_1.produktdetails_1:medium = PAPIER
verkaufsstatistik_1.produktdetails_1:preisstufe = 34477
verkaufsstatistik_1.produktdetails_1:produktkennung = IDP_GVH_4
verkaufsstatistik_1.produktdetails_1:tarif = 3
verkaufsstatistik_1.produktdetails_1:tarifbezeichnung = - - -|Tarif_3
verkaufsstatistik_1.produktdetails_1:tickettyp = 0
verkaufsstatistik_1.produktdetails_1:verkaufsart = PT_VERKAUF
verkaufsstatistik_1.produktdetails_1:zahlungsart = 0
verkaufsstatistik_1.produktdetails_1:einzelPfand = 0#EUR
verkaufsstatistik_1.produktdetails_1:einzelpreis = 260#EUR
verkaufsstatistik_1.produktdetails_1:pfandTotal = 0#EUR
verkaufsstatistik_1.produktdetails_1:preisTotal = 260#EUR
verkaufsstatistik_1.produktdetails_1:ladebetragTotal = 0#EUR
------------------------------------------
wartung_1:ausfuehrungsstatus = 0
wartung_1:funktionsbezeichnung = Automatenstatus
wartung_1:funktionscode = 10
wartung_1:servicetechniker = 5555
wartung_1:tuerstatus = OFFEN
wartung_1:zeitpunkt = 2024-08-06T13:50:40+02:00
------------------------------------------
wartung_2:ausfuehrungsstatus = 0
wartung_2:funktionsbezeichnung = WGR Einkassieren
wartung_2:funktionscode = 1
wartung_2:servicetechniker = 5555
wartung_2:tuerstatus = GESCHLOSSEN
wartung_2:zeitpunkt = 2024-08-06T13:52:31+02:00
------------------------------------------
wartung_3:ausfuehrungsstatus = 0
wartung_3:funktionsbezeichnung = Automatenstatus
wartung_3:funktionscode = 10
wartung_3:servicetechniker = 5555
wartung_3:tuerstatus = OFFEN
wartung_3:zeitpunkt = 2024-08-06T13:53:52+02:00
------------------------------------------
wartung_4:ausfuehrungsstatus = 1
wartung_4:funktionsbezeichnung = Abrechnung
wartung_4:funktionscode = 0
wartung_4:servicetechniker = 5555
wartung_4:tuerstatus = OFFEN
wartung_4:zeitpunkt = 2024-08-06T13:53:59+02:00
------------------------------------------
GLOBAL:PROJEKTNAME = MASTER
GLOBAL:DATABASE = C:\Testtools\HGS\MELDUNGEN/CONFIG\MASTER\database.ini
GLOBAL:AUTOMAT = 999000
GLOBAL:URLHGS = https://uestra.dev.ti-ica.de/dplus/services/automatenService/3_10/?wsdl
GLOBAL:VERSION = 3.10
GLOBAL:TRANSFERFILE = C:\Testtools\HGS\MELDUNGEN/CONFIG/TRANSFER/transfer_MASTER.ini
------------------------------------------

###############################################

###############################################
Message:
###############################################
<s:Envelope xmlns:s="http://schemas.xmlsoap.org/soap/envelope/">
    <s:Body xmlns:xsd="http://www.w3.org/2001/XMLSchema" xmlns:xsi="http://www.w3.org/2001/XMLSchema-instance">
        <empfangeSchichtreport xmlns="http://tms.ica.de/automatenService/wsdl/3_10/">
            <faaSchichtreport xmlns="http://tms.ica.de/automatenService/3_10/" sstVersion="3.10">
                <verkaufspunkt posNummer="999000" betreiber="99" seriennummer="999000" ipAdresse="0.0.0.0"/>
                <versionKey>-1</versionKey>
                <abrechnungsnummer>10174</abrechnungsnummer>
                <verkaeufer>automat</verkaeufer>
                <servicetechniker>5555</servicetechniker>
                <verkaeufe zeitpunkt="2024-08-06T13:53:28.000+02:00" transaktionsnummer="7" verkaufsart="PT_VERKAUF" verkaufHaltestelle="25701731" verkaufZone="4000000110" startZone="4000000110" zielZone="0" viaZone="0" wegVariante="0" startGemeinde="0" zielGemeinde="0" verkehr="1" linie="0" linieVariante="0" richtung="1" ticketNummer="6" beginnGueltigkeit="2024-08-06T13:52:47.000+02:00" endeGueltigkeit="2024-08-07T13:53:28.000+02:00" anzahlPerson="1" sprache="0" produktkennung="IDP_GVH_4" produktbezeichnung="Tageskarte Kind" artikelnummer="9298" tarif="3" tarifBezeichnung="- - -|Tarif_3" medium="PAPIER" mediumID="0" preisstufe="100013" subvention="0" tarifstufe="" mwstSatz="0" gattung="16964" kundengruppe="0" preisstufenText="ABC" produktkennungExtern="ABC" relationsnummer="" status="0" startHaltestelle="25701731" zielHaltestelle="0" zusatzInformationen="" fahrzeugKennung="">
                    <pfand betrag="0" waehrung="EUR"/>
                    <preis betrag="260" waehrung="EUR"/>
                    <metadaten sequenznummer="16712" guid="7502acfa-7f45-4989-a7df-17d47509a96f"/>
                </verkaeufe>
                <quittungen zeitpunkt="2024-08-06T13:53:29.000+02:00" transaktionsnummer="7" anzahltransaktionen="1" zahlungsart="0" muenzenNotenEingegeben="EUR500," muenzenNotenZurueckgegeben="h2-200h3-10h1-100" haendlerkartennr="" geldkartenNr="" geldkartenBseq="" geldkarteSseq="" geldkarteHseq="" terminalIdGiroCard="" transaktionsnummerGiroCard="0" kartennummergirocard="" terminalIdKreditkarte="0" transaktionsnummerKreditkarte="0" kartennummerKreditkarte="" gueltigkeitKreditkarte="" statusStorno="0" statusTransaktion="0">
                    <pfandTotal betrag="0" waehrung="EUR"/>
                    <preisTotal betrag="260" waehrung="EUR"/>
                    <einzahlungsbetrag betrag="500" waehrung="EUR"/>
                    <ueberzahlungsbetrag betrag="0" waehrung="EUR"/>
                    <rueckerstattungsbetragSoll betrag="240" waehrung="EUR"/>
                    <rueckerstattungsbetragIst betrag="0" waehrung="EUR"/>
                    <stoerbetrag betrag="240" waehrung="EUR"/>
                    <metadaten sequenznummer="16713" guid="12256272-cf39-4d2a-bdde-f732544f8321"/>
                </quittungen>
                <produktausgaben zeitpunkt="2024-08-06T13:53:05.000+02:00" ausgabemedium="SORT_1" seriennummerPapier="018836" abschnittsnummerPapier="0005412" verwendung="1" transaktionsnummer="7" ticketNummer="6" ausgabestatus="0" ausgabeMediumTyp="PAPIER" charge="" materialcode="0" medienkennung="00188360005412" ausgabeBaugruppe="DEV_PRN_1" einbaupositionBaugruppe="1" ausgabeVorratsbehaelter="PRN_PB_1" alarm="0" medienkennungStart="00188360005412" abschnittsnummerPapierStart="0005412">
                    <metadaten sequenznummer="16714" guid="85644386-2a52-4759-876b-7c5372cf59aa"/>
                </produktausgaben>
                <produktausgaben zeitpunkt="2024-08-06T13:54:23.000+02:00" ausgabemedium="SORT_1" seriennummerPapier="018836" abschnittsnummerPapier="0005410" verwendung="2" transaktionsnummer="0" ticketNummer="69" ausgabestatus="0" ausgabeMediumTyp="PAPIER" charge="" materialcode="0" medienkennung="00188360005410" ausgabeBaugruppe="DEV_PRN_1" einbaupositionBaugruppe="1" ausgabeVorratsbehaelter="PRN_PB_1" alarm="0" medienkennungStart="00188360005411" abschnittsnummerPapierStart="0005411">
                    <metadaten sequenznummer="16715" guid="67770ad9-a8db-479b-b9fc-978c5aa1e31c"/>
                </produktausgaben>
                <produktausgaben zeitpunkt="2024-08-06T13:54:29.000+02:00" ausgabemedium="SORT_1" seriennummerPapier="018836" abschnittsnummerPapier="0005408" verwendung="5" transaktionsnummer="0" ticketNummer="70" ausgabestatus="0" ausgabeMediumTyp="PAPIER" charge="" materialcode="0" medienkennung="00188360005408" ausgabeBaugruppe="DEV_PRN_1" einbaupositionBaugruppe="1" ausgabeVorratsbehaelter="PRN_PB_1" alarm="0" medienkennungStart="00188360005409" abschnittsnummerPapierStart="0005409">
                    <metadaten sequenznummer="16716" guid="849a68d8-904d-4324-8099-889f0193b769"/>
                </produktausgaben>
                <produktausgaben zeitpunkt="2024-08-06T13:54:36.000+02:00" ausgabemedium="SORT_1" seriennummerPapier="018836" abschnittsnummerPapier="0005403" verwendung="10" transaktionsnummer="0" ticketNummer="71" ausgabestatus="0" ausgabeMediumTyp="PAPIER" charge="" materialcode="0" medienkennung="00188360005403" ausgabeBaugruppe="DEV_PRN_1" einbaupositionBaugruppe="1" ausgabeVorratsbehaelter="PRN_PB_1" alarm="0" medienkennungStart="00188360005407" abschnittsnummerPapierStart="0005407">
                    <metadaten sequenznummer="16717" guid="d54dfcbc-2216-499a-8795-81eb2fed020e"/>
                </produktausgaben>
                <geldlogistik vorgangstyp="INFORMATION" zeitpunkt="2024-08-06T13:54:06.000+02:00" geldlogistiker="5555" geldspeichertyp="WGR" einschubNr="1" geldspeicherId="47211168" abrechnung="1">
                    <geldbetrag betrag="0" waehrung="EUR"/>
                    <bestandSorte anzahl="0">
                        <nennwert waehrung="EUR" wertigkeit="20"/>
                    </bestandSorte>
                    <metadaten sequenznummer="16718" guid="fc7a3a58-64f8-442f-9ad5-055bc5c6cfef"/>
                </geldlogistik>
                <geldlogistik vorgangstyp="INFORMATION" zeitpunkt="2024-08-06T13:54:14.000+02:00" geldlogistiker="5555" geldspeichertyp="MEK" einschubNr="1" geldspeicherId="80211631" abrechnung="1">
                    <geldbetrag betrag="410" waehrung="EUR"/>
                    <bestandSorte anzahl="4">
                        <nennwert waehrung="EUR" wertigkeit="10"/>
                    </bestandSorte>
                    <bestandSorte anzahl="1">
                        <nennwert waehrung="EUR" wertigkeit="20"/>
                    </bestandSorte>
                    <bestandSorte anzahl="7">
                        <nennwert waehrung="EUR" wertigkeit="50"/>
                    </bestandSorte>
                    <metadaten sequenznummer="16727" guid="316c86d8-aa23-4eca-bbb6-ca980a00d744"/>
                </geldlogistik>
                <geldlogistik vorgangstyp="INFORMATION" zeitpunkt="2024-08-06T13:54:14.000+02:00" geldlogistiker="5555" geldspeichertyp="BEK" einschubNr="1" geldspeicherId="676000331" abrechnung="1">
                    <geldbetrag betrag="1500" waehrung="EUR"/>
                    <bestandSorte anzahl="1">
                        <nennwert waehrung="EUR" wertigkeit="500"/>
                    </bestandSorte>
                    <bestandSorte anzahl="1">
                        <nennwert waehrung="EUR" wertigkeit="1000"/>
                    </bestandSorte>
                    <metadaten sequenznummer="16728" guid="595bfa2b-e792-4c14-b32c-ebd9ea60b669"/>
                </geldlogistik>
                <geldlogistik vorgangstyp="INFORMATION" zeitpunkt="2024-08-06T13:54:14.000+02:00" geldlogistiker="5555" geldspeichertyp="BEK" einschubNr="0" geldspeicherId="99" abrechnung="1">
                    <geldbetrag betrag="0" waehrung="EUR"/>
                    <metadaten sequenznummer="16729" guid="d69f6aa4-07ea-4ae8-bdba-7777db21977b"/>
                </geldlogistik>
                <geldlogistik vorgangstyp="INFORMATION" zeitpunkt="2024-08-05T23:59:10.000+02:00" geldlogistiker="5555" geldspeichertyp="WGR" einschubNr="1" geldspeicherId="47211168" abrechnung="2">
                    <geldbetrag betrag="20" waehrung="EUR"/>
                    <bestandSorte anzahl="1">
                        <nennwert waehrung="EUR" wertigkeit="20"/>
                    </bestandSorte>
                    <metadaten sequenznummer="16730" guid="4fc5507d-de1a-4c10-9ad8-78abc17014b8"/>
                </geldlogistik>
                <geldlogistik vorgangstyp="INFORMATION" zeitpunkt="2024-08-05T23:59:10.000+02:00" geldlogistiker="5555" geldspeichertyp="WGR" einschubNr="2" geldspeicherId="44211138" abrechnung="2">
                    <geldbetrag betrag="0" waehrung="EUR"/>
                    <bestandSorte anzahl="0">
                        <nennwert waehrung="EUR" wertigkeit="5"/>
                    </bestandSorte>
                    <metadaten sequenznummer="16731" guid="d549fe20-65b8-4c09-833e-32ed91dac3ba"/>
                </geldlogistik>
                <geldlogistik vorgangstyp="INFORMATION" zeitpunkt="2024-08-05T23:59:10.000+02:00" geldlogistiker="5555" geldspeichertyp="WGR" einschubNr="3" geldspeicherId="42211167" abrechnung="2">
                    <geldbetrag betrag="350" waehrung="EUR"/>
                    <bestandSorte anzahl="7">
                        <nennwert waehrung="EUR" wertigkeit="50"/>
                    </bestandSorte>
                    <metadaten sequenznummer="16732" guid="dcd7a3ca-602e-4ef7-8ecf-2b9c04decf27"/>
                </geldlogistik>
                <geldlogistik vorgangstyp="INFORMATION" zeitpunkt="2024-08-05T23:59:11.000+02:00" geldlogistiker="5555" geldspeichertyp="WGR" einschubNr="4" geldspeicherId="43211148" abrechnung="2">
                    <geldbetrag betrag="40" waehrung="EUR"/>
                    <bestandSorte anzahl="4">
                        <nennwert waehrung="EUR" wertigkeit="10"/>
                    </bestandSorte>
                    <metadaten sequenznummer="16733" guid="a1dc8857-c353-40b7-8081-1b3de8064903"/>
                </geldlogistik>
                <geldlogistik vorgangstyp="INFORMATION" zeitpunkt="2024-08-05T23:59:11.000+02:00" geldlogistiker="5555" geldspeichertyp="WGR" einschubNr="5" geldspeicherId="40211179" abrechnung="2">
                    <geldbetrag betrag="0" waehrung="EUR"/>
                    <bestandSorte anzahl="0">
                        <nennwert waehrung="EUR" wertigkeit="200"/>
                    </bestandSorte>
                    <metadaten sequenznummer="16734" guid="be10c15c-0f26-4299-ae58-33bd1eca2504"/>
                </geldlogistik>
                <geldlogistik vorgangstyp="INFORMATION" zeitpunkt="2024-08-05T23:59:12.000+02:00" geldlogistiker="5555" geldspeichertyp="WGR" einschubNr="6" geldspeicherId="41211176" abrechnung="2">
                    <geldbetrag betrag="0" waehrung="EUR"/>
                    <bestandSorte anzahl="0">
                        <nennwert waehrung="EUR" wertigkeit="100"/>
                    </bestandSorte>
                    <metadaten sequenznummer="16735" guid="d8df7dd8-e859-4006-aa61-f2dc56653f50"/>
                </geldlogistik>
                <geldlogistik vorgangstyp="INFORMATION" zeitpunkt="2024-08-05T23:59:12.000+02:00" geldlogistiker="5555" geldspeichertyp="ZGS" einschubNr="1" geldspeicherId="31210510" abrechnung="2">
                    <geldbetrag betrag="10000" waehrung="EUR"/>
                    <bestandSorte anzahl="100">
                        <nennwert waehrung="EUR" wertigkeit="100"/>
                    </bestandSorte>
                    <metadaten sequenznummer="16736" guid="fc167f42-5b64-4972-b3b7-f7cedd47b2f5"/>
                </geldlogistik>
                <geldlogistik vorgangstyp="INFORMATION" zeitpunkt="2024-08-06T13:54:06.000+02:00" geldlogistiker="5555" geldspeichertyp="WGR" einschubNr="2" geldspeicherId="44211138" abrechnung="1">
                    <geldbetrag betrag="0" waehrung="EUR"/>
                    <bestandSorte anzahl="0">
                        <nennwert waehrung="EUR" wertigkeit="5"/>
                    </bestandSorte>
                    <metadaten sequenznummer="16719" guid="84d572ae-b614-43ac-9233-c554c6dc8263"/>
                </geldlogistik>
                <geldlogistik vorgangstyp="INFORMATION" zeitpunkt="2024-08-05T23:59:13.000+02:00" geldlogistiker="5555" geldspeichertyp="ZGS" einschubNr="2" geldspeicherId="34204823" abrechnung="2">
                    <geldbetrag betrag="20000" waehrung="EUR"/>
                    <bestandSorte anzahl="100">
                        <nennwert waehrung="EUR" wertigkeit="200"/>
                    </bestandSorte>
                    <metadaten sequenznummer="16737" guid="0950dd27-fb70-4d5c-a629-faba254625e6"/>
                </geldlogistik>
                <geldlogistik vorgangstyp="INFORMATION" zeitpunkt="2024-08-05T23:59:13.000+02:00" geldlogistiker="5555" geldspeichertyp="ZGS" einschubNr="3" geldspeicherId="33201609" abrechnung="2">
                    <geldbetrag betrag="14000" waehrung="EUR"/>
                    <bestandSorte anzahl="1400">
                        <nennwert waehrung="EUR" wertigkeit="10"/>
                    </bestandSorte>
                    <metadaten sequenznummer="16738" guid="f5fff777-eb52-4835-8a55-a3933c53ff8a"/>
                </geldlogistik>
                <geldlogistik vorgangstyp="INFORMATION" zeitpunkt="2024-08-05T23:59:13.000+02:00" geldlogistiker="5555" geldspeichertyp="MEK" einschubNr="1" geldspeicherId="80211631" abrechnung="2">
                    <geldbetrag betrag="0" waehrung="EUR"/>
                    <metadaten sequenznummer="16739" guid="bf1bebe0-72ef-4649-b775-eb0e50157f87"/>
                </geldlogistik>
                <geldlogistik vorgangstyp="INFORMATION" zeitpunkt="2024-08-05T23:59:14.000+02:00" geldlogistiker="5555" geldspeichertyp="BEK" einschubNr="1" geldspeicherId="676000331" abrechnung="2">
                    <geldbetrag betrag="1000" waehrung="EUR"/>
                    <bestandSorte anzahl="1">
                        <nennwert waehrung="EUR" wertigkeit="1000"/>
                    </bestandSorte>
                    <metadaten sequenznummer="16740" guid="c2910833-434d-4398-8451-87299982026a"/>
                </geldlogistik>
                <geldlogistik vorgangstyp="INFORMATION" zeitpunkt="2024-08-05T23:59:14.000+02:00" geldlogistiker="5555" geldspeichertyp="BEK" einschubNr="0" geldspeicherId="99" abrechnung="2">
                    <geldbetrag betrag="0" waehrung="EUR"/>
                    <metadaten sequenznummer="16741" guid="394ccf64-48a9-4531-b692-d15ed4893641"/>
                </geldlogistik>
                <geldlogistik vorgangstyp="INFORMATION" zeitpunkt="2024-08-06T13:54:07.000+02:00" geldlogistiker="5555" geldspeichertyp="WGR" einschubNr="3" geldspeicherId="42211167" abrechnung="1">
                    <geldbetrag betrag="0" waehrung="EUR"/>
                    <bestandSorte anzahl="0">
                        <nennwert waehrung="EUR" wertigkeit="50"/>
                    </bestandSorte>
                    <metadaten sequenznummer="16720" guid="21e11fce-6c38-464d-a286-67490a1ceb76"/>
                </geldlogistik>
                <geldlogistik vorgangstyp="INFORMATION" zeitpunkt="2024-08-06T13:54:08.000+02:00" geldlogistiker="5555" geldspeichertyp="WGR" einschubNr="4" geldspeicherId="43211148" abrechnung="1">
                    <geldbetrag betrag="0" waehrung="EUR"/>
                    <bestandSorte anzahl="0">
                        <nennwert waehrung="EUR" wertigkeit="10"/>
                    </bestandSorte>
                    <metadaten sequenznummer="16721" guid="5531822d-143d-4415-8272-f4f91e0f95a1"/>
                </geldlogistik>
                <geldlogistik vorgangstyp="INFORMATION" zeitpunkt="2024-08-06T13:54:09.000+02:00" geldlogistiker="5555" geldspeichertyp="WGR" einschubNr="5" geldspeicherId="40211179" abrechnung="1">
                    <geldbetrag betrag="0" waehrung="EUR"/>
                    <bestandSorte anzahl="0">
                        <nennwert waehrung="EUR" wertigkeit="200"/>
                    </bestandSorte>
                    <metadaten sequenznummer="16722" guid="a6172dcb-ee78-4e40-a7dc-986bb7785a21"/>
                </geldlogistik>
                <geldlogistik vorgangstyp="INFORMATION" zeitpunkt="2024-08-06T13:54:09.000+02:00" geldlogistiker="5555" geldspeichertyp="WGR" einschubNr="6" geldspeicherId="41211176" abrechnung="1">
                    <geldbetrag betrag="0" waehrung="EUR"/>
                    <bestandSorte anzahl="0">
                        <nennwert waehrung="EUR" wertigkeit="100"/>
                    </bestandSorte>
                    <metadaten sequenznummer="16723" guid="87b68996-2928-4bee-8d53-c91b3a45ebe4"/>
                </geldlogistik>
                <geldlogistik vorgangstyp="INFORMATION" zeitpunkt="2024-08-06T13:54:11.000+02:00" geldlogistiker="5555" geldspeichertyp="ZGS" einschubNr="1" geldspeicherId="31210510" abrechnung="1">
                    <geldbetrag betrag="10000" waehrung="EUR"/>
                    <bestandSorte anzahl="100">
                        <nennwert waehrung="EUR" wertigkeit="100"/>
                    </bestandSorte>
                    <metadaten sequenznummer="16724" guid="87ac9463-82b9-4fb2-921a-aa6cd1563220"/>
                </geldlogistik>
                <geldlogistik vorgangstyp="INFORMATION" zeitpunkt="2024-08-06T13:54:11.000+02:00" geldlogistiker="5555" geldspeichertyp="ZGS" einschubNr="2" geldspeicherId="34204823" abrechnung="1">
                    <geldbetrag betrag="20000" waehrung="EUR"/>
                    <bestandSorte anzahl="100">
                        <nennwert waehrung="EUR" wertigkeit="200"/>
                    </bestandSorte>
                    <metadaten sequenznummer="16725" guid="206da741-eba7-4f26-a7f7-db8aec8e2615"/>
                </geldlogistik>
                <geldlogistik vorgangstyp="INFORMATION" zeitpunkt="2024-08-06T13:54:12.000+02:00" geldlogistiker="5555" geldspeichertyp="ZGS" einschubNr="3" geldspeicherId="33201609" abrechnung="1">
                    <geldbetrag betrag="14000" waehrung="EUR"/>
                    <bestandSorte anzahl="1400">
                        <nennwert waehrung="EUR" wertigkeit="10"/>
                    </bestandSorte>
                    <metadaten sequenznummer="16726" guid="b73ce1bc-bf9d-4f1d-95cc-a406f40862dd"/>
                </geldlogistik>
                <abrechnung abrechnungBeginn="2024-08-05T23:59:15.000+02:00" abrechnungEnde="2024-08-06T13:54:15.000+02:00" anzahlStatistiken="0">
                    <summeWaehrung>
                        <summeWGRStart betrag="410" waehrung="EUR"/>
                        <summeZGSStart betrag="44000" waehrung="EUR"/>
                        <summeMEKStart betrag="0" waehrung="EUR"/>
                        <summeBEKStart betrag="1000" waehrung="EUR"/>
                        <summeWGRZugefuehrt betrag="0" waehrung="EUR"/>
                        <summeZGSZugefuehrt betrag="0" waehrung="EUR"/>
                        <summeWGRAbgefuehrt betrag="0" waehrung="EUR"/>
                        <summeZGSAbgefuehrt betrag="0" waehrung="EUR"/>
                        <summeMEKAbgefuehrt betrag="0" waehrung="EUR"/>
                        <summeBEKAbgefuehrt betrag="0" waehrung="EUR"/>
                        <summeWGR betrag="0" waehrung="EUR"/>
                        <detailsZahlungsart zahlungsart="0" anzahlkassenschnitt="0" anzahlGeldbehaelterwechsel="0">
                            <summeEinzahlungsbetrag betrag="500" waehrung="EUR"/>
                            <summeUeberzahlungsbetrag betrag="0" waehrung="EUR"/>
                            <summeRueckerstattungsbetrag betrag="240" waehrung="EUR"/>
                            <summeStoerbetrag betrag="240" waehrung="EUR"/>
                        </detailsZahlungsart>
                        <detailsZahlungsart zahlungsart="1" anzahlkassenschnitt="0" anzahlGeldbehaelterwechsel="0">
                            <summeEinzahlungsbetrag betrag="0" waehrung="EUR"/>
                            <summeUeberzahlungsbetrag betrag="0" waehrung="EUR"/>
                            <summeRueckerstattungsbetrag betrag="0" waehrung="EUR"/>
                            <summeStoerbetrag betrag="0" waehrung="EUR"/>
                        </detailsZahlungsart>
                        <detailsZahlungsart zahlungsart="2" anzahlkassenschnitt="0" anzahlGeldbehaelterwechsel="0">
                            <summeEinzahlungsbetrag betrag="0" waehrung="EUR"/>
                            <summeUeberzahlungsbetrag betrag="0" waehrung="EUR"/>
                            <summeRueckerstattungsbetrag betrag="0" waehrung="EUR"/>
                            <summeStoerbetrag betrag="0" waehrung="EUR"/>
                        </detailsZahlungsart>
                        <detailsZahlungsart zahlungsart="3" anzahlkassenschnitt="0" anzahlGeldbehaelterwechsel="0">
                            <summeEinzahlungsbetrag betrag="0" waehrung="EUR"/>
                            <summeUeberzahlungsbetrag betrag="0" waehrung="EUR"/>
                            <summeRueckerstattungsbetrag betrag="0" waehrung="EUR"/>
                            <summeStoerbetrag betrag="0" waehrung="EUR"/>
                        </detailsZahlungsart>
                        <summeZGS betrag="44000" waehrung="EUR"/>
                        <summeMEK betrag="410" waehrung="EUR"/>
                        <summeBEK betrag="1500" waehrung="EUR"/>
                    </summeWaehrung>
                    <metadaten sequenznummer="16742" guid="9bd7ca5c-ec98-43cc-bb88-4a589274b8de"/>
                </abrechnung>
                <verkaufsstatistik erstellungszeitpunkt="2024-08-06T13:54:15.000+02:00">
                    <produktdetails verkaufsart="PT_VERKAUF" produktkennung="IDP_GVH_4" artikelnummer="9298" tarif="3" tarifbezeichnung="- - -|Tarif_3" medium="PAPIER" preisstufe="34477" kundengruppe="0" zahlungsart="0" anzahlProdukte="1" tickettyp="0">
                        <einzelPfand betrag="0" waehrung="EUR"/>
                        <einzelpreis betrag="260" waehrung="EUR"/>
                        <pfandTotal betrag="0" waehrung="EUR"/>
                        <preisTotal betrag="260" waehrung="EUR"/>
                        <ladebetragTotal betrag="0" waehrung="EUR"/>
                        <metadaten sequenznummer="16743" guid="259a2fe8-04ef-4a4a-af94-eaec16d080d7"/>
                    </produktdetails>
                </verkaufsstatistik>
                <wartung zeitpunkt="2024-08-06T13:50:40.000+02:00" servicetechniker="5555" funktionscode="10" funktionsbezeichnung="Automatenstatus" ausfuehrungsstatus="0" tuerstatus="OFFEN">
                    <metadaten sequenznummer="16744" guid="5fbd55d7-52d7-4aa1-aed5-3079299d628a"/>
                </wartung>
                <wartung zeitpunkt="2024-08-06T13:52:31.000+02:00" servicetechniker="5555" funktionscode="1" funktionsbezeichnung="WGR Einkassieren" ausfuehrungsstatus="0" tuerstatus="GESCHLOSSEN">
                    <metadaten sequenznummer="16745" guid="fe912797-a461-4667-a4ba-f66dd135b692"/>
                </wartung>
                <wartung zeitpunkt="2024-08-06T13:53:52.000+02:00" servicetechniker="5555" funktionscode="10" funktionsbezeichnung="Automatenstatus" ausfuehrungsstatus="0" tuerstatus="OFFEN">
                    <metadaten sequenznummer="16746" guid="49ceeea5-8a1e-4bc3-aff0-2902965eb165"/>
                </wartung>
                <wartung zeitpunkt="2024-08-06T13:53:59.000+02:00" servicetechniker="5555" funktionscode="0" funktionsbezeichnung="Abrechnung" ausfuehrungsstatus="1" tuerstatus="OFFEN">
                    <metadaten sequenznummer="16747" guid="eb89c8f0-92a7-496a-8e93-39a61feb064f"/>
                </wartung>
            </faaSchichtreport>
        </empfangeSchichtreport>
    </s:Body>
</s:Envelope>


###############################################
###############################################
Result:
###############################################
OK

###############################################
################################################################################

Finished: 2024-09-27 14:45:25

