################################################################################
#####   Generator -> Papierlogistikmeldung 
################################################################################
Started: 2024-10-14 10:37:05

###############################################
Arguments:
###############################################
 projektname                   : MASTER
 TESTFALLNAME                  : UESTRA\\UESTRA-1853_AUFSTEIGEND_installation
 mainpath                      : C:\Testtools\HGS\MELDUNGEN
 MELDUNGSNAME                  : Papierlogistikmeldung
 testfallname                  : UESTRA\\UESTRA-1853_AUFSTEIGEND_installation
 meldungsname                  : Papierlogistikmeldung
 PROJEKTNAME                   : MASTER
 MAINPATH                      : C:\Testtools\HGS\MELDUNGEN
###############################################


###############################################
Eingangsdaten:
###############################################

Testdaten:papierbahn = PRN_PB_1
Testdaten:status = Installation
Testdaten:papiersorte = 0
Testdaten:barcode = 
Testdaten:seriennummerPapier = 
Testdaten:verbleibendeabschnitte = 5749
Testdaten:aktuellerabschnitt = 1001
------------------------------------------
Papierlogistikmeldung:abschnittsnummerPapier = 0001001
Papierlogistikmeldung:ausgabemediumTyp = SORT_1
Papierlogistikmeldung:charge = 
Papierlogistikmeldung:druckerKennung = DEV_PRN_2
Papierlogistikmeldung:einbauposition = 0
Papierlogistikmeldung:medienkennung = 
Papierlogistikmeldung:papierkanalDrucker = -1
Papierlogistikmeldung:papierkanalKennung = PRN_PB_1
Papierlogistikmeldung:papierlogistiker = 0
Papierlogistikmeldung:seriennummerDrucker = 30057500E020340
Papierlogistikmeldung:sstVersion = 3.10
Papierlogistikmeldung:vorgangsnummer = 0
Papierlogistikmeldung:vorgangstyp = INSTALLATION
Papierlogistikmeldung:zeitpunkt = ${__datetime(,,"-6h)}
Papierlogistikmeldung:seriennummerPapier = 
Papierlogistikmeldung:abrechnungsnummer = 
------------------------------------------
papiersorte_1:abschnitteGesamt = 6750
papiersorte_1:materialcode = 0
papiersorte_1:nummernfolge = AUFSTEIGEND
------------------------------------------
GLOBAL:PROJEKTNAME = MASTER
GLOBAL:DATABASE = C:\Testtools\HGS\MELDUNGEN/CONFIG\MASTER\database.ini
GLOBAL:AUTOMAT = 999000
GLOBAL:URLHGS = https://uestra.dev.ti-ica.de/dplus/services/automatenService/3_10/?wsdl
GLOBAL:VERSION = 3.10
GLOBAL:TRANSFERFILE = C:\Testtools\HGS\MELDUNGEN/CONFIG/TRANSFER/transfer_MASTER.ini
------------------------------------------

###############################################

###############################################
Message:
###############################################
<s:Envelope xmlns:s="http://schemas.xmlsoap.org/soap/envelope/">
    <s:Body xmlns:xsd="http://www.w3.org/2001/XMLSchema" xmlns:xsi="http://www.w3.org/2001/XMLSchema-instance">
        <empfangePapierlogistikmeldung xmlns="http://tms.ica.de/automatenService/wsdl/3_10/">
            <faaPapierlogistikmeldung xmlns="http://tms.ica.de/automatenService/3_10/" zeitpunkt="2024-10-14T04:37:05.237+02:00" vorgangstyp="INSTALLATION" papierlogistiker="0" vorgangsnummer="0" charge="" seriennummerPapier="100039" abschnittsnummerPapier="1001" seriennummerDrucker="30057500E020340" einbauposition="0" papierkanalDrucker="-1" abrechnungsnummer="10223" ausgabemediumTyp="SORT_1" medienkennung="01000390001001" druckerKennung="DEV_PRN_2" papierkanalKennung="PRN_PB_1" sstVersion="3.10">
                <verkaufspunkt posNummer="999000" betreiber="99" seriennummer="999000" ipAdresse="0.0.0.0"/>
                <metadaten sequenznummer="17485" guid="af8c0531-8c8d-44f6-95f6-0c65433a3919"/>
                <papiersorte materialcode="0" abschnitteGesamt="6750" nummernfolge="AUFSTEIGEND"/>
            </faaPapierlogistikmeldung>
        </empfangePapierlogistikmeldung>
    </s:Body>
</s:Envelope>


###############################################
###############################################
Result:
###############################################
OK

###############################################
################################################################################

Finished: 2024-10-14 10:37:06

